[2024-02-27T11:29:15.272+0700] {taskinstance.py:1956} INFO - Dependencies all met for dep_context=non-requeueable deps ti=<TaskInstance: missed_deadline_job_dag.spark_ingestion_to_s3 manual__2024-02-27T04:28:02.034457+00:00 [queued]>
[2024-02-27T11:29:15.279+0700] {taskinstance.py:1956} INFO - Dependencies all met for dep_context=requeueable deps ti=<TaskInstance: missed_deadline_job_dag.spark_ingestion_to_s3 manual__2024-02-27T04:28:02.034457+00:00 [queued]>
[2024-02-27T11:29:15.279+0700] {taskinstance.py:2170} INFO - Starting attempt 2 of 2
[2024-02-27T11:29:15.291+0700] {taskinstance.py:2191} INFO - Executing <Task(BashOperator): spark_ingestion_to_s3> on 2024-02-27 04:28:02.034457+00:00
[2024-02-27T11:29:15.293+0700] {standard_task_runner.py:60} INFO - Started process 5235 to run task
[2024-02-27T11:29:15.296+0700] {standard_task_runner.py:87} INFO - Running: ['***', 'tasks', 'run', 'missed_deadline_job_dag', 'spark_ingestion_to_s3', 'manual__2024-02-27T04:28:02.034457+00:00', '--job-id', '116', '--raw', '--subdir', 'DAGS_FOLDER/missed_deadlinee_dag.py', '--cfg-path', '/tmp/tmp1x2yk43p']
[2024-02-27T11:29:15.297+0700] {standard_task_runner.py:88} INFO - Job 116: Subtask spark_ingestion_to_s3
[2024-02-27T11:29:15.350+0700] {task_command.py:423} INFO - Running <TaskInstance: missed_deadline_job_dag.spark_ingestion_to_s3 manual__2024-02-27T04:28:02.034457+00:00 [running]> on host MinhNhut.
[2024-02-27T11:29:15.432+0700] {taskinstance.py:2480} INFO - Exporting env vars: AIRFLOW_CTX_DAG_OWNER='***' AIRFLOW_CTX_DAG_ID='missed_deadline_job_dag' AIRFLOW_CTX_TASK_ID='spark_ingestion_to_s3' AIRFLOW_CTX_EXECUTION_DATE='2024-02-27T04:28:02.034457+00:00' AIRFLOW_CTX_TRY_NUMBER='2' AIRFLOW_CTX_DAG_RUN_ID='manual__2024-02-27T04:28:02.034457+00:00'
[2024-02-27T11:29:15.433+0700] {subprocess.py:63} INFO - Tmp dir root location: /tmp
[2024-02-27T11:29:15.433+0700] {subprocess.py:75} INFO - Running command: ['/usr/bin/bash', '-c', 'python /home/nhut/etl-***/pipeline/spark_ingestion_to_s3.py']
[2024-02-27T11:29:15.438+0700] {subprocess.py:86} INFO - Output:
[2024-02-27T11:29:16.852+0700] {subprocess.py:93} INFO - 24/02/27 11:29:16 WARN Utils: Your hostname, MinhNhut resolves to a loopback address: 127.0.1.1; using 172.28.89.67 instead (on interface eth0)
[2024-02-27T11:29:16.855+0700] {subprocess.py:93} INFO - 24/02/27 11:29:16 WARN Utils: Set SPARK_LOCAL_IP if you need to bind to another address
[2024-02-27T11:29:27.021+0700] {subprocess.py:93} INFO - :: loading settings :: url = jar:file:/home/nhut/etl-***/.venv/lib/python3.10/site-packages/pyspark/jars/ivy-2.5.1.jar!/org/apache/ivy/core/settings/ivysettings.xml
[2024-02-27T11:29:27.109+0700] {subprocess.py:93} INFO - Ivy Default Cache set to: /home/nhut/.ivy2/cache
[2024-02-27T11:29:27.109+0700] {subprocess.py:93} INFO - The jars for the packages stored in: /home/nhut/.ivy2/jars
[2024-02-27T11:29:27.116+0700] {subprocess.py:93} INFO - org.apache.hadoop#hadoop-aws added as a dependency
[2024-02-27T11:29:27.117+0700] {subprocess.py:93} INFO - :: resolving dependencies :: org.apache.spark#spark-submit-parent-7b867b90-730d-45b5-bd2a-83895b215cc1;1.0
[2024-02-27T11:29:27.117+0700] {subprocess.py:93} INFO - 	confs: [default]
[2024-02-27T11:29:27.263+0700] {subprocess.py:93} INFO - 	found org.apache.hadoop#hadoop-aws;3.3.2 in spark-list
[2024-02-27T11:29:27.293+0700] {subprocess.py:93} INFO - 	found com.amazonaws#aws-java-sdk-bundle;1.11.1026 in spark-list
[2024-02-27T11:29:27.320+0700] {subprocess.py:93} INFO - 	found org.wildfly.openssl#wildfly-openssl;1.0.7.Final in central
[2024-02-27T11:29:27.342+0700] {subprocess.py:93} INFO - :: resolution report :: resolve 216ms :: artifacts dl 8ms
[2024-02-27T11:29:27.342+0700] {subprocess.py:93} INFO - 	:: modules in use:
[2024-02-27T11:29:27.343+0700] {subprocess.py:93} INFO - 	com.amazonaws#aws-java-sdk-bundle;1.11.1026 from spark-list in [default]
[2024-02-27T11:29:27.343+0700] {subprocess.py:93} INFO - 	org.apache.hadoop#hadoop-aws;3.3.2 from spark-list in [default]
[2024-02-27T11:29:27.343+0700] {subprocess.py:93} INFO - 	org.wildfly.openssl#wildfly-openssl;1.0.7.Final from central in [default]
[2024-02-27T11:29:27.344+0700] {subprocess.py:93} INFO - 	---------------------------------------------------------------------
[2024-02-27T11:29:27.344+0700] {subprocess.py:93} INFO - 	|                  |            modules            ||   artifacts   |
[2024-02-27T11:29:27.345+0700] {subprocess.py:93} INFO - 	|       conf       | number| search|dwnlded|evicted|| number|dwnlded|
[2024-02-27T11:29:27.345+0700] {subprocess.py:93} INFO - 	---------------------------------------------------------------------
[2024-02-27T11:29:27.345+0700] {subprocess.py:93} INFO - 	|      default     |   3   |   0   |   0   |   0   ||   3   |   0   |
[2024-02-27T11:29:27.345+0700] {subprocess.py:93} INFO - 	---------------------------------------------------------------------
[2024-02-27T11:29:27.348+0700] {subprocess.py:93} INFO - :: retrieving :: org.apache.spark#spark-submit-parent-7b867b90-730d-45b5-bd2a-83895b215cc1
[2024-02-27T11:29:27.349+0700] {subprocess.py:93} INFO - 	confs: [default]
[2024-02-27T11:29:27.356+0700] {subprocess.py:93} INFO - 	0 artifacts copied, 3 already retrieved (0kB/8ms)
[2024-02-27T11:29:27.559+0700] {subprocess.py:93} INFO - 24/02/27 11:29:27 WARN NativeCodeLoader: Unable to load native-hadoop library for your platform... using builtin-java classes where applicable
[2024-02-27T11:29:27.745+0700] {subprocess.py:93} INFO - Setting default log level to "WARN".
[2024-02-27T11:29:27.745+0700] {subprocess.py:93} INFO - To adjust logging level use sc.setLogLevel(newLevel). For SparkR, use setLogLevel(newLevel).
[2024-02-27T11:29:30.058+0700] {subprocess.py:93} INFO - Traceback (most recent call last):
[2024-02-27T11:29:30.059+0700] {subprocess.py:93} INFO -   File "/home/nhut/etl-***/pipeline/spark_ingestion_to_s3.py", line 5, in <module>
[2024-02-27T11:29:30.059+0700] {subprocess.py:93} INFO -     from spark import spark
[2024-02-27T11:29:30.059+0700] {subprocess.py:93} INFO -   File "/home/nhut/etl-***/pipeline/spark/__init__.py", line 1, in <module>
[2024-02-27T11:29:30.059+0700] {subprocess.py:93} INFO -     from .spark_init import spark
[2024-02-27T11:29:30.059+0700] {subprocess.py:93} INFO -   File "/home/nhut/etl-***/pipeline/spark/spark_init.py", line 5, in <module>
[2024-02-27T11:29:30.059+0700] {subprocess.py:93} INFO -     spark = spark_config.spark_conf(access_id, access_key)
[2024-02-27T11:29:30.060+0700] {subprocess.py:93} INFO -   File "/home/nhut/etl-***/pipeline/spark/spark_config.py", line 25, in spark_conf
[2024-02-27T11:29:30.060+0700] {subprocess.py:93} INFO -     spark = SparkSession.Builder.getOrCreate()
[2024-02-27T11:29:30.060+0700] {subprocess.py:93} INFO - TypeError: SparkSession.Builder.getOrCreate() missing 1 required positional argument: 'self'
[2024-02-27T11:29:30.500+0700] {subprocess.py:97} INFO - Command exited with return code 1
[2024-02-27T11:29:30.514+0700] {taskinstance.py:2698} ERROR - Task failed with exception
Traceback (most recent call last):
  File "/home/nhut/etl-airflow/.venv/lib/python3.10/site-packages/airflow/models/taskinstance.py", line 433, in _execute_task
    result = execute_callable(context=context, **execute_callable_kwargs)
  File "/home/nhut/etl-airflow/.venv/lib/python3.10/site-packages/airflow/operators/bash.py", line 212, in execute
    raise AirflowException(
airflow.exceptions.AirflowException: Bash command failed. The command returned a non-zero exit code 1.
[2024-02-27T11:29:30.516+0700] {taskinstance.py:1138} INFO - Marking task as FAILED. dag_id=missed_deadline_job_dag, task_id=spark_ingestion_to_s3, execution_date=20240227T042802, start_date=20240227T042915, end_date=20240227T042930
[2024-02-27T11:29:30.528+0700] {standard_task_runner.py:107} ERROR - Failed to execute job 116 for task spark_ingestion_to_s3 (Bash command failed. The command returned a non-zero exit code 1.; 5235)
[2024-02-27T11:29:30.569+0700] {local_task_job_runner.py:234} INFO - Task exited with return code 1
[2024-02-27T11:29:30.590+0700] {taskinstance.py:3280} INFO - 0 downstream tasks scheduled from follow-on schedule check
