[2024-02-27T11:10:38.895+0700] {taskinstance.py:1956} INFO - Dependencies all met for dep_context=non-requeueable deps ti=<TaskInstance: missed_deadline_job_dag.spark_transform_missed_deadline_job manual__2024-02-27T04:10:19.783115+00:00 [queued]>
[2024-02-27T11:10:38.903+0700] {taskinstance.py:1956} INFO - Dependencies all met for dep_context=requeueable deps ti=<TaskInstance: missed_deadline_job_dag.spark_transform_missed_deadline_job manual__2024-02-27T04:10:19.783115+00:00 [queued]>
[2024-02-27T11:10:38.903+0700] {taskinstance.py:2170} INFO - Starting attempt 1 of 1
[2024-02-27T11:10:38.914+0700] {taskinstance.py:2191} INFO - Executing <Task(BashOperator): spark_transform_missed_deadline_job> on 2024-02-27 04:10:19.783115+00:00
[2024-02-27T11:10:38.916+0700] {standard_task_runner.py:60} INFO - Started process 27288 to run task
[2024-02-27T11:10:38.919+0700] {standard_task_runner.py:87} INFO - Running: ['***', 'tasks', 'run', 'missed_deadline_job_dag', 'spark_transform_missed_deadline_job', 'manual__2024-02-27T04:10:19.783115+00:00', '--job-id', '112', '--raw', '--subdir', 'DAGS_FOLDER/missed_deadlinee_dag.py', '--cfg-path', '/tmp/tmpquja9bgy']
[2024-02-27T11:10:38.921+0700] {standard_task_runner.py:88} INFO - Job 112: Subtask spark_transform_missed_deadline_job
[2024-02-27T11:10:38.973+0700] {task_command.py:423} INFO - Running <TaskInstance: missed_deadline_job_dag.spark_transform_missed_deadline_job manual__2024-02-27T04:10:19.783115+00:00 [running]> on host MinhNhut.
[2024-02-27T11:10:39.060+0700] {taskinstance.py:2480} INFO - Exporting env vars: AIRFLOW_CTX_DAG_OWNER='***' AIRFLOW_CTX_DAG_ID='missed_deadline_job_dag' AIRFLOW_CTX_TASK_ID='spark_transform_missed_deadline_job' AIRFLOW_CTX_EXECUTION_DATE='2024-02-27T04:10:19.783115+00:00' AIRFLOW_CTX_TRY_NUMBER='1' AIRFLOW_CTX_DAG_RUN_ID='manual__2024-02-27T04:10:19.783115+00:00'
[2024-02-27T11:10:39.061+0700] {subprocess.py:63} INFO - Tmp dir root location: /tmp
[2024-02-27T11:10:39.062+0700] {subprocess.py:75} INFO - Running command: ['/usr/bin/bash', '-c', '/home/nhut/etl-***/pipeline/spark_missed_deadline_job.py']
[2024-02-27T11:10:39.067+0700] {subprocess.py:86} INFO - Output:
[2024-02-27T11:14:26.640+0700] {local_task_job_runner.py:302} WARNING - State of this instance has been externally set to upstream_failed. Terminating instance.
[2024-02-27T11:14:26.643+0700] {process_utils.py:131} INFO - Sending 15 to group 27288. PIDs of all processes in the group: [27296, 27297, 27288]
[2024-02-27T11:14:26.644+0700] {process_utils.py:86} INFO - Sending the signal 15 to group 27288
[2024-02-27T11:14:26.644+0700] {taskinstance.py:2450} ERROR - Received SIGTERM. Terminating subprocesses.
[2024-02-27T11:14:26.645+0700] {subprocess.py:104} INFO - Sending SIGTERM signal to process group
[2024-02-27T11:14:26.646+0700] {process_utils.py:79} INFO - Process psutil.Process(pid=27297, status='terminated', started='11:10:38') (27297) terminated with exit code None
[2024-02-27T11:14:26.673+0700] {process_utils.py:79} INFO - Process psutil.Process(pid=27296, status='terminated', started='11:10:38') (27296) terminated with exit code None
[2024-02-27T11:14:26.674+0700] {process_utils.py:79} INFO - Process psutil.Process(pid=27288, status='terminated', exitcode=0, started='11:10:38') (27288) terminated with exit code 0
