[2024-02-26T18:56:40.884+0700] {taskinstance.py:1956} INFO - Dependencies all met for dep_context=non-requeueable deps ti=<TaskInstance: missed_deadline_job_dag.spark_ingestion_to_s3 manual__2024-02-26T09:27:54.376049+00:00 [queued]>
[2024-02-26T18:56:40.894+0700] {taskinstance.py:1956} INFO - Dependencies all met for dep_context=requeueable deps ti=<TaskInstance: missed_deadline_job_dag.spark_ingestion_to_s3 manual__2024-02-26T09:27:54.376049+00:00 [queued]>
[2024-02-26T18:56:40.895+0700] {taskinstance.py:2170} INFO - Starting attempt 4 of 4
[2024-02-26T18:56:40.918+0700] {taskinstance.py:2191} INFO - Executing <Task(BashOperator): spark_ingestion_to_s3> on 2024-02-26 09:27:54.376049+00:00
[2024-02-26T18:56:40.923+0700] {standard_task_runner.py:60} INFO - Started process 36758 to run task
[2024-02-26T18:56:40.931+0700] {standard_task_runner.py:87} INFO - Running: ['***', 'tasks', 'run', 'missed_deadline_job_dag', 'spark_ingestion_to_s3', 'manual__2024-02-26T09:27:54.376049+00:00', '--job-id', '91', '--raw', '--subdir', 'DAGS_FOLDER/missed_deadlinee_dag.py', '--cfg-path', '/tmp/tmpwa1hv8xf']
[2024-02-26T18:56:40.935+0700] {standard_task_runner.py:88} INFO - Job 91: Subtask spark_ingestion_to_s3
[2024-02-26T18:56:41.051+0700] {task_command.py:423} INFO - Running <TaskInstance: missed_deadline_job_dag.spark_ingestion_to_s3 manual__2024-02-26T09:27:54.376049+00:00 [running]> on host MinhNhut.
[2024-02-26T18:56:41.196+0700] {taskinstance.py:2480} INFO - Exporting env vars: AIRFLOW_CTX_DAG_OWNER='***' AIRFLOW_CTX_DAG_ID='missed_deadline_job_dag' AIRFLOW_CTX_TASK_ID='spark_ingestion_to_s3' AIRFLOW_CTX_EXECUTION_DATE='2024-02-26T09:27:54.376049+00:00' AIRFLOW_CTX_TRY_NUMBER='4' AIRFLOW_CTX_DAG_RUN_ID='manual__2024-02-26T09:27:54.376049+00:00'
[2024-02-26T18:56:41.198+0700] {subprocess.py:63} INFO - Tmp dir root location: /tmp
[2024-02-26T18:56:41.199+0700] {subprocess.py:75} INFO - Running command: ['/usr/bin/bash', '-c', 'python /home/nhut/etl-***/pipeline/spark_ingestion_to_s3.py']
[2024-02-26T18:56:41.207+0700] {subprocess.py:86} INFO - Output:
[2024-02-26T18:56:47.704+0700] {subprocess.py:93} INFO - 24/02/26 18:56:47 WARN Utils: Your hostname, MinhNhut resolves to a loopback address: 127.0.1.1; using 172.28.89.67 instead (on interface eth0)
[2024-02-26T18:56:47.710+0700] {subprocess.py:93} INFO - 24/02/26 18:56:47 WARN Utils: Set SPARK_LOCAL_IP if you need to bind to another address
[2024-02-26T18:56:58.624+0700] {subprocess.py:93} INFO - :: loading settings :: url = jar:file:/home/nhut/etl-***/.venv/lib/python3.10/site-packages/pyspark/jars/ivy-2.5.1.jar!/org/apache/ivy/core/settings/ivysettings.xml
[2024-02-26T18:56:59.097+0700] {subprocess.py:93} INFO - Ivy Default Cache set to: /home/nhut/.ivy2/cache
[2024-02-26T18:56:59.097+0700] {subprocess.py:93} INFO - The jars for the packages stored in: /home/nhut/.ivy2/jars
[2024-02-26T18:56:59.131+0700] {subprocess.py:93} INFO - org.apache.hadoop#hadoop-aws added as a dependency
[2024-02-26T18:56:59.134+0700] {subprocess.py:93} INFO - :: resolving dependencies :: org.apache.spark#spark-submit-parent-da8b320f-a310-481e-b984-3faae14d785e;1.0
[2024-02-26T18:56:59.135+0700] {subprocess.py:93} INFO - 	confs: [default]
[2024-02-26T18:57:00.021+0700] {subprocess.py:93} INFO - 	found org.apache.hadoop#hadoop-aws;3.3.2 in spark-list
[2024-02-26T18:57:00.207+0700] {subprocess.py:93} INFO - 	found com.amazonaws#aws-java-sdk-bundle;1.11.1026 in spark-list
[2024-02-26T18:57:00.370+0700] {subprocess.py:93} INFO - 	found org.wildfly.openssl#wildfly-openssl;1.0.7.Final in central
[2024-02-26T18:57:00.555+0700] {subprocess.py:93} INFO - :: resolution report :: resolve 1310ms :: artifacts dl 110ms
[2024-02-26T18:57:00.556+0700] {subprocess.py:93} INFO - 	:: modules in use:
[2024-02-26T18:57:00.556+0700] {subprocess.py:93} INFO - 	com.amazonaws#aws-java-sdk-bundle;1.11.1026 from spark-list in [default]
[2024-02-26T18:57:00.557+0700] {subprocess.py:93} INFO - 	org.apache.hadoop#hadoop-aws;3.3.2 from spark-list in [default]
[2024-02-26T18:57:00.558+0700] {subprocess.py:93} INFO - 	org.wildfly.openssl#wildfly-openssl;1.0.7.Final from central in [default]
[2024-02-26T18:57:00.559+0700] {subprocess.py:93} INFO - 	---------------------------------------------------------------------
[2024-02-26T18:57:00.561+0700] {subprocess.py:93} INFO - 	|                  |            modules            ||   artifacts   |
[2024-02-26T18:57:00.562+0700] {subprocess.py:93} INFO - 	|       conf       | number| search|dwnlded|evicted|| number|dwnlded|
[2024-02-26T18:57:00.562+0700] {subprocess.py:93} INFO - 	---------------------------------------------------------------------
[2024-02-26T18:57:00.563+0700] {subprocess.py:93} INFO - 	|      default     |   3   |   0   |   0   |   0   ||   3   |   0   |
[2024-02-26T18:57:00.563+0700] {subprocess.py:93} INFO - 	---------------------------------------------------------------------
[2024-02-26T18:57:00.612+0700] {subprocess.py:93} INFO - :: retrieving :: org.apache.spark#spark-submit-parent-da8b320f-a310-481e-b984-3faae14d785e
[2024-02-26T18:57:00.612+0700] {subprocess.py:93} INFO - 	confs: [default]
[2024-02-26T18:57:00.654+0700] {subprocess.py:93} INFO - 	0 artifacts copied, 3 already retrieved (0kB/41ms)
[2024-02-26T18:57:01.665+0700] {subprocess.py:93} INFO - 24/02/26 18:57:01 WARN NativeCodeLoader: Unable to load native-hadoop library for your platform... using builtin-java classes where applicable
[2024-02-26T18:57:02.357+0700] {subprocess.py:93} INFO - Setting default log level to "WARN".
[2024-02-26T18:57:02.357+0700] {subprocess.py:93} INFO - To adjust logging level use sc.setLogLevel(newLevel). For SparkR, use setLogLevel(newLevel).
[2024-02-26T18:57:05.397+0700] {subprocess.py:93} INFO - 24/02/26 18:57:05 WARN Utils: Service 'SparkUI' could not bind on port 4040. Attempting port 4041.
[2024-02-26T18:57:05.398+0700] {subprocess.py:93} INFO - 24/02/26 18:57:05 WARN Utils: Service 'SparkUI' could not bind on port 4041. Attempting port 4042.
[2024-02-26T18:57:05.400+0700] {subprocess.py:93} INFO - 24/02/26 18:57:05 WARN Utils: Service 'SparkUI' could not bind on port 4042. Attempting port 4043.
[2024-02-26T18:57:05.402+0700] {subprocess.py:93} INFO - 24/02/26 18:57:05 WARN Utils: Service 'SparkUI' could not bind on port 4043. Attempting port 4044.
[2024-02-26T18:57:05.403+0700] {subprocess.py:93} INFO - 24/02/26 18:57:05 WARN Utils: Service 'SparkUI' could not bind on port 4044. Attempting port 4045.
[2024-02-26T18:57:05.404+0700] {subprocess.py:93} INFO - 24/02/26 18:57:05 WARN Utils: Service 'SparkUI' could not bind on port 4045. Attempting port 4046.
[2024-02-26T18:57:34.120+0700] {subprocess.py:93} INFO - [Stage 0:>                                                          (0 + 1) / 1][Stage 0:===========================================================(1 + 0) / 1]                                                                                24/02/26 18:57:34 WARN MetricsConfig: Cannot locate configuration: tried hadoop-metrics2-s3a-file-system.properties,hadoop-metrics2.properties
[2024-02-26T18:58:09.694+0700] {subprocess.py:93} INFO - [Stage 1:>                                                          (0 + 1) / 1]                                                                                24/02/26 18:58:09 ERROR FileFormatWriter: Aborting job e0475306-816b-4081-8b8c-82da1279351f.
[2024-02-26T18:58:09.697+0700] {subprocess.py:93} INFO - java.io.FileNotFoundException: No such file or directory: s3a://olistsalesbucket/olist_order_items_dataset.parquet/_temporary/0/task_202402261857413278263512406388575_0001_m_000000
[2024-02-26T18:58:09.698+0700] {subprocess.py:93} INFO - 	at org.apache.hadoop.fs.s3a.S3AFileSystem.s3GetFileStatus(S3AFileSystem.java:3866)
[2024-02-26T18:58:09.699+0700] {subprocess.py:93} INFO - 	at org.apache.hadoop.fs.s3a.S3AFileSystem.innerGetFileStatus(S3AFileSystem.java:3688)
[2024-02-26T18:58:09.699+0700] {subprocess.py:93} INFO - 	at org.apache.hadoop.fs.s3a.S3AFileSystem.innerListStatus(S3AFileSystem.java:3300)
[2024-02-26T18:58:09.700+0700] {subprocess.py:93} INFO - 	at org.apache.hadoop.fs.s3a.S3AFileSystem.lambda$null$20(S3AFileSystem.java:3264)
[2024-02-26T18:58:09.700+0700] {subprocess.py:93} INFO - 	at org.apache.hadoop.fs.s3a.Invoker.once(Invoker.java:117)
[2024-02-26T18:58:09.700+0700] {subprocess.py:93} INFO - 	at org.apache.hadoop.fs.s3a.S3AFileSystem.lambda$listStatus$21(S3AFileSystem.java:3263)
[2024-02-26T18:58:09.700+0700] {subprocess.py:93} INFO - 	at org.apache.hadoop.fs.statistics.impl.IOStatisticsBinding.lambda$trackDurationOfOperation$5(IOStatisticsBinding.java:499)
[2024-02-26T18:58:09.700+0700] {subprocess.py:93} INFO - 	at org.apache.hadoop.fs.statistics.impl.IOStatisticsBinding.trackDuration(IOStatisticsBinding.java:444)
[2024-02-26T18:58:09.700+0700] {subprocess.py:93} INFO - 	at org.apache.hadoop.fs.s3a.S3AFileSystem.trackDurationAndSpan(S3AFileSystem.java:2337)
[2024-02-26T18:58:09.700+0700] {subprocess.py:93} INFO - 	at org.apache.hadoop.fs.s3a.S3AFileSystem.trackDurationAndSpan(S3AFileSystem.java:2356)
[2024-02-26T18:58:09.701+0700] {subprocess.py:93} INFO - 	at org.apache.hadoop.fs.s3a.S3AFileSystem.listStatus(S3AFileSystem.java:3262)
[2024-02-26T18:58:09.701+0700] {subprocess.py:93} INFO - 	at org.apache.hadoop.mapreduce.lib.output.FileOutputCommitter.mergePaths(FileOutputCommitter.java:488)
[2024-02-26T18:58:09.701+0700] {subprocess.py:93} INFO - 	at org.apache.hadoop.mapreduce.lib.output.FileOutputCommitter.commitJobInternal(FileOutputCommitter.java:405)
[2024-02-26T18:58:09.701+0700] {subprocess.py:93} INFO - 	at org.apache.hadoop.mapreduce.lib.output.FileOutputCommitter.commitJob(FileOutputCommitter.java:377)
[2024-02-26T18:58:09.701+0700] {subprocess.py:93} INFO - 	at org.apache.parquet.hadoop.ParquetOutputCommitter.commitJob(ParquetOutputCommitter.java:48)
[2024-02-26T18:58:09.701+0700] {subprocess.py:93} INFO - 	at org.apache.spark.internal.io.HadoopMapReduceCommitProtocol.commitJob(HadoopMapReduceCommitProtocol.scala:192)
[2024-02-26T18:58:09.701+0700] {subprocess.py:93} INFO - 	at org.apache.spark.sql.execution.datasources.FileFormatWriter$.$anonfun$writeAndCommit$3(FileFormatWriter.scala:275)
[2024-02-26T18:58:09.702+0700] {subprocess.py:93} INFO - 	at scala.runtime.java8.JFunction0$mcV$sp.apply(JFunction0$mcV$sp.java:23)
[2024-02-26T18:58:09.702+0700] {subprocess.py:93} INFO - 	at org.apache.spark.util.Utils$.timeTakenMs(Utils.scala:552)
[2024-02-26T18:58:09.702+0700] {subprocess.py:93} INFO - 	at org.apache.spark.sql.execution.datasources.FileFormatWriter$.writeAndCommit(FileFormatWriter.scala:275)
[2024-02-26T18:58:09.702+0700] {subprocess.py:93} INFO - 	at org.apache.spark.sql.execution.datasources.FileFormatWriter$.executeWrite(FileFormatWriter.scala:304)
[2024-02-26T18:58:09.702+0700] {subprocess.py:93} INFO - 	at org.apache.spark.sql.execution.datasources.FileFormatWriter$.write(FileFormatWriter.scala:190)
[2024-02-26T18:58:09.703+0700] {subprocess.py:93} INFO - 	at org.apache.spark.sql.execution.datasources.InsertIntoHadoopFsRelationCommand.run(InsertIntoHadoopFsRelationCommand.scala:190)
[2024-02-26T18:58:09.703+0700] {subprocess.py:93} INFO - 	at org.apache.spark.sql.execution.command.DataWritingCommandExec.sideEffectResult$lzycompute(commands.scala:113)
[2024-02-26T18:58:09.703+0700] {subprocess.py:93} INFO - 	at org.apache.spark.sql.execution.command.DataWritingCommandExec.sideEffectResult(commands.scala:111)
[2024-02-26T18:58:09.703+0700] {subprocess.py:93} INFO - 	at org.apache.spark.sql.execution.command.DataWritingCommandExec.executeCollect(commands.scala:125)
[2024-02-26T18:58:09.703+0700] {subprocess.py:93} INFO - 	at org.apache.spark.sql.execution.QueryExecution$$anonfun$eagerlyExecuteCommands$1.$anonfun$applyOrElse$1(QueryExecution.scala:107)
[2024-02-26T18:58:09.703+0700] {subprocess.py:93} INFO - 	at org.apache.spark.sql.execution.SQLExecution$.$anonfun$withNewExecutionId$6(SQLExecution.scala:125)
[2024-02-26T18:58:09.703+0700] {subprocess.py:93} INFO - 	at org.apache.spark.sql.execution.SQLExecution$.withSQLConfPropagated(SQLExecution.scala:201)
[2024-02-26T18:58:09.703+0700] {subprocess.py:93} INFO - 	at org.apache.spark.sql.execution.SQLExecution$.$anonfun$withNewExecutionId$1(SQLExecution.scala:108)
[2024-02-26T18:58:09.703+0700] {subprocess.py:93} INFO - 	at org.apache.spark.sql.SparkSession.withActive(SparkSession.scala:900)
[2024-02-26T18:58:09.703+0700] {subprocess.py:93} INFO - 	at org.apache.spark.sql.execution.SQLExecution$.withNewExecutionId(SQLExecution.scala:66)
[2024-02-26T18:58:09.704+0700] {subprocess.py:93} INFO - 	at org.apache.spark.sql.execution.QueryExecution$$anonfun$eagerlyExecuteCommands$1.applyOrElse(QueryExecution.scala:107)
[2024-02-26T18:58:09.704+0700] {subprocess.py:93} INFO - 	at org.apache.spark.sql.execution.QueryExecution$$anonfun$eagerlyExecuteCommands$1.applyOrElse(QueryExecution.scala:98)
[2024-02-26T18:58:09.704+0700] {subprocess.py:93} INFO - 	at org.apache.spark.sql.catalyst.trees.TreeNode.$anonfun$transformDownWithPruning$1(TreeNode.scala:461)
[2024-02-26T18:58:09.704+0700] {subprocess.py:93} INFO - 	at org.apache.spark.sql.catalyst.trees.CurrentOrigin$.withOrigin(origin.scala:76)
[2024-02-26T18:58:09.704+0700] {subprocess.py:93} INFO - 	at org.apache.spark.sql.catalyst.trees.TreeNode.transformDownWithPruning(TreeNode.scala:461)
[2024-02-26T18:58:09.704+0700] {subprocess.py:93} INFO - 	at org.apache.spark.sql.catalyst.plans.logical.LogicalPlan.org$apache$spark$sql$catalyst$plans$logical$AnalysisHelper$$super$transformDownWithPruning(LogicalPlan.scala:32)
[2024-02-26T18:58:09.704+0700] {subprocess.py:93} INFO - 	at org.apache.spark.sql.catalyst.plans.logical.AnalysisHelper.transformDownWithPruning(AnalysisHelper.scala:267)
[2024-02-26T18:58:09.704+0700] {subprocess.py:93} INFO - 	at org.apache.spark.sql.catalyst.plans.logical.AnalysisHelper.transformDownWithPruning$(AnalysisHelper.scala:263)
[2024-02-26T18:58:09.704+0700] {subprocess.py:93} INFO - 	at org.apache.spark.sql.catalyst.plans.logical.LogicalPlan.transformDownWithPruning(LogicalPlan.scala:32)
[2024-02-26T18:58:09.704+0700] {subprocess.py:93} INFO - 	at org.apache.spark.sql.catalyst.plans.logical.LogicalPlan.transformDownWithPruning(LogicalPlan.scala:32)
[2024-02-26T18:58:09.705+0700] {subprocess.py:93} INFO - 	at org.apache.spark.sql.catalyst.trees.TreeNode.transformDown(TreeNode.scala:437)
[2024-02-26T18:58:09.705+0700] {subprocess.py:93} INFO - 	at org.apache.spark.sql.execution.QueryExecution.eagerlyExecuteCommands(QueryExecution.scala:98)
[2024-02-26T18:58:09.705+0700] {subprocess.py:93} INFO - 	at org.apache.spark.sql.execution.QueryExecution.commandExecuted$lzycompute(QueryExecution.scala:85)
[2024-02-26T18:58:09.705+0700] {subprocess.py:93} INFO - 	at org.apache.spark.sql.execution.QueryExecution.commandExecuted(QueryExecution.scala:83)
[2024-02-26T18:58:09.705+0700] {subprocess.py:93} INFO - 	at org.apache.spark.sql.execution.QueryExecution.assertCommandExecuted(QueryExecution.scala:142)
[2024-02-26T18:58:09.705+0700] {subprocess.py:93} INFO - 	at org.apache.spark.sql.DataFrameWriter.runCommand(DataFrameWriter.scala:859)
[2024-02-26T18:58:09.705+0700] {subprocess.py:93} INFO - 	at org.apache.spark.sql.DataFrameWriter.saveToV1Source(DataFrameWriter.scala:388)
[2024-02-26T18:58:09.705+0700] {subprocess.py:93} INFO - 	at org.apache.spark.sql.DataFrameWriter.saveInternal(DataFrameWriter.scala:361)
[2024-02-26T18:58:09.705+0700] {subprocess.py:93} INFO - 	at org.apache.spark.sql.DataFrameWriter.save(DataFrameWriter.scala:240)
[2024-02-26T18:58:09.705+0700] {subprocess.py:93} INFO - 	at org.apache.spark.sql.DataFrameWriter.parquet(DataFrameWriter.scala:792)
[2024-02-26T18:58:09.705+0700] {subprocess.py:93} INFO - 	at java.base/jdk.internal.reflect.NativeMethodAccessorImpl.invoke0(Native Method)
[2024-02-26T18:58:09.705+0700] {subprocess.py:93} INFO - 	at java.base/jdk.internal.reflect.NativeMethodAccessorImpl.invoke(NativeMethodAccessorImpl.java:62)
[2024-02-26T18:58:09.706+0700] {subprocess.py:93} INFO - 	at java.base/jdk.internal.reflect.DelegatingMethodAccessorImpl.invoke(DelegatingMethodAccessorImpl.java:43)
[2024-02-26T18:58:09.706+0700] {subprocess.py:93} INFO - 	at java.base/java.lang.reflect.Method.invoke(Method.java:566)
[2024-02-26T18:58:09.706+0700] {subprocess.py:93} INFO - 	at py4j.reflection.MethodInvoker.invoke(MethodInvoker.java:244)
[2024-02-26T18:58:09.706+0700] {subprocess.py:93} INFO - 	at py4j.reflection.ReflectionEngine.invoke(ReflectionEngine.java:374)
[2024-02-26T18:58:09.706+0700] {subprocess.py:93} INFO - 	at py4j.Gateway.invoke(Gateway.java:282)
[2024-02-26T18:58:09.706+0700] {subprocess.py:93} INFO - 	at py4j.commands.AbstractCommand.invokeMethod(AbstractCommand.java:132)
[2024-02-26T18:58:09.706+0700] {subprocess.py:93} INFO - 	at py4j.commands.CallCommand.execute(CallCommand.java:79)
[2024-02-26T18:58:09.706+0700] {subprocess.py:93} INFO - 	at py4j.ClientServerConnection.waitForCommands(ClientServerConnection.java:182)
[2024-02-26T18:58:09.706+0700] {subprocess.py:93} INFO - 	at py4j.ClientServerConnection.run(ClientServerConnection.java:106)
[2024-02-26T18:58:09.706+0700] {subprocess.py:93} INFO - 	at java.base/java.lang.Thread.run(Thread.java:829)
[2024-02-26T18:58:14.376+0700] {subprocess.py:93} INFO - Traceback (most recent call last):
[2024-02-26T18:58:14.376+0700] {subprocess.py:93} INFO -   File "/home/nhut/etl-***/pipeline/spark_ingestion_to_s3.py", line 28, in <module>
[2024-02-26T18:58:14.380+0700] {subprocess.py:93} INFO -     extract_data()
[2024-02-26T18:58:14.382+0700] {subprocess.py:93} INFO -   File "/home/nhut/etl-***/pipeline/spark_ingestion_to_s3.py", line 25, in extract_data
[2024-02-26T18:58:14.384+0700] {subprocess.py:93} INFO -     df.coalesce(1).write.mode("append").parquet("s3a://olistsalesbucket/" + name_file + ".parquet")
[2024-02-26T18:58:14.384+0700] {subprocess.py:93} INFO -   File "/home/nhut/etl-***/.venv/lib/python3.10/site-packages/pyspark/sql/readwriter.py", line 1721, in parquet
[2024-02-26T18:58:14.385+0700] {subprocess.py:93} INFO -     self._jwrite.parquet(path)
[2024-02-26T18:58:14.386+0700] {subprocess.py:93} INFO -   File "/home/nhut/etl-***/.venv/lib/python3.10/site-packages/py4j/java_gateway.py", line 1322, in __call__
[2024-02-26T18:58:14.386+0700] {subprocess.py:93} INFO -     return_value = get_return_value(
[2024-02-26T18:58:14.386+0700] {subprocess.py:93} INFO -   File "/home/nhut/etl-***/.venv/lib/python3.10/site-packages/pyspark/errors/exceptions/captured.py", line 179, in deco
[2024-02-26T18:58:14.387+0700] {subprocess.py:93} INFO -     return f(*a, **kw)
[2024-02-26T18:58:14.388+0700] {subprocess.py:93} INFO -   File "/home/nhut/etl-***/.venv/lib/python3.10/site-packages/py4j/protocol.py", line 326, in get_return_value
[2024-02-26T18:58:14.388+0700] {subprocess.py:93} INFO -     raise Py4JJavaError(
[2024-02-26T18:58:14.389+0700] {subprocess.py:93} INFO - py4j.protocol.Py4JJavaError: An error occurred while calling o36.parquet.
[2024-02-26T18:58:14.390+0700] {subprocess.py:93} INFO - : java.io.FileNotFoundException: No such file or directory: s3a://olistsalesbucket/olist_order_items_dataset.parquet/_temporary/0/task_202402261857413278263512406388575_0001_m_000000
[2024-02-26T18:58:14.390+0700] {subprocess.py:93} INFO - 	at org.apache.hadoop.fs.s3a.S3AFileSystem.s3GetFileStatus(S3AFileSystem.java:3866)
[2024-02-26T18:58:14.390+0700] {subprocess.py:93} INFO - 	at org.apache.hadoop.fs.s3a.S3AFileSystem.innerGetFileStatus(S3AFileSystem.java:3688)
[2024-02-26T18:58:14.390+0700] {subprocess.py:93} INFO - 	at org.apache.hadoop.fs.s3a.S3AFileSystem.innerListStatus(S3AFileSystem.java:3300)
[2024-02-26T18:58:14.391+0700] {subprocess.py:93} INFO - 	at org.apache.hadoop.fs.s3a.S3AFileSystem.lambda$null$20(S3AFileSystem.java:3264)
[2024-02-26T18:58:14.391+0700] {subprocess.py:93} INFO - 	at org.apache.hadoop.fs.s3a.Invoker.once(Invoker.java:117)
[2024-02-26T18:58:14.391+0700] {subprocess.py:93} INFO - 	at org.apache.hadoop.fs.s3a.S3AFileSystem.lambda$listStatus$21(S3AFileSystem.java:3263)
[2024-02-26T18:58:14.391+0700] {subprocess.py:93} INFO - 	at org.apache.hadoop.fs.statistics.impl.IOStatisticsBinding.lambda$trackDurationOfOperation$5(IOStatisticsBinding.java:499)
[2024-02-26T18:58:14.391+0700] {subprocess.py:93} INFO - 	at org.apache.hadoop.fs.statistics.impl.IOStatisticsBinding.trackDuration(IOStatisticsBinding.java:444)
[2024-02-26T18:58:14.391+0700] {subprocess.py:93} INFO - 	at org.apache.hadoop.fs.s3a.S3AFileSystem.trackDurationAndSpan(S3AFileSystem.java:2337)
[2024-02-26T18:58:14.392+0700] {subprocess.py:93} INFO - 	at org.apache.hadoop.fs.s3a.S3AFileSystem.trackDurationAndSpan(S3AFileSystem.java:2356)
[2024-02-26T18:58:14.392+0700] {subprocess.py:93} INFO - 	at org.apache.hadoop.fs.s3a.S3AFileSystem.listStatus(S3AFileSystem.java:3262)
[2024-02-26T18:58:14.392+0700] {subprocess.py:93} INFO - 	at org.apache.hadoop.mapreduce.lib.output.FileOutputCommitter.mergePaths(FileOutputCommitter.java:488)
[2024-02-26T18:58:14.392+0700] {subprocess.py:93} INFO - 	at org.apache.hadoop.mapreduce.lib.output.FileOutputCommitter.commitJobInternal(FileOutputCommitter.java:405)
[2024-02-26T18:58:14.392+0700] {subprocess.py:93} INFO - 	at org.apache.hadoop.mapreduce.lib.output.FileOutputCommitter.commitJob(FileOutputCommitter.java:377)
[2024-02-26T18:58:14.392+0700] {subprocess.py:93} INFO - 	at org.apache.parquet.hadoop.ParquetOutputCommitter.commitJob(ParquetOutputCommitter.java:48)
[2024-02-26T18:58:14.392+0700] {subprocess.py:93} INFO - 	at org.apache.spark.internal.io.HadoopMapReduceCommitProtocol.commitJob(HadoopMapReduceCommitProtocol.scala:192)
[2024-02-26T18:58:14.393+0700] {subprocess.py:93} INFO - 	at org.apache.spark.sql.execution.datasources.FileFormatWriter$.$anonfun$writeAndCommit$3(FileFormatWriter.scala:275)
[2024-02-26T18:58:14.393+0700] {subprocess.py:93} INFO - 	at scala.runtime.java8.JFunction0$mcV$sp.apply(JFunction0$mcV$sp.java:23)
[2024-02-26T18:58:14.393+0700] {subprocess.py:93} INFO - 	at org.apache.spark.util.Utils$.timeTakenMs(Utils.scala:552)
[2024-02-26T18:58:14.393+0700] {subprocess.py:93} INFO - 	at org.apache.spark.sql.execution.datasources.FileFormatWriter$.writeAndCommit(FileFormatWriter.scala:275)
[2024-02-26T18:58:14.393+0700] {subprocess.py:93} INFO - 	at org.apache.spark.sql.execution.datasources.FileFormatWriter$.executeWrite(FileFormatWriter.scala:304)
[2024-02-26T18:58:14.393+0700] {subprocess.py:93} INFO - 	at org.apache.spark.sql.execution.datasources.FileFormatWriter$.write(FileFormatWriter.scala:190)
[2024-02-26T18:58:14.393+0700] {subprocess.py:93} INFO - 	at org.apache.spark.sql.execution.datasources.InsertIntoHadoopFsRelationCommand.run(InsertIntoHadoopFsRelationCommand.scala:190)
[2024-02-26T18:58:14.393+0700] {subprocess.py:93} INFO - 	at org.apache.spark.sql.execution.command.DataWritingCommandExec.sideEffectResult$lzycompute(commands.scala:113)
[2024-02-26T18:58:14.394+0700] {subprocess.py:93} INFO - 	at org.apache.spark.sql.execution.command.DataWritingCommandExec.sideEffectResult(commands.scala:111)
[2024-02-26T18:58:14.394+0700] {subprocess.py:93} INFO - 	at org.apache.spark.sql.execution.command.DataWritingCommandExec.executeCollect(commands.scala:125)
[2024-02-26T18:58:14.395+0700] {subprocess.py:93} INFO - 	at org.apache.spark.sql.execution.QueryExecution$$anonfun$eagerlyExecuteCommands$1.$anonfun$applyOrElse$1(QueryExecution.scala:107)
[2024-02-26T18:58:14.395+0700] {subprocess.py:93} INFO - 	at org.apache.spark.sql.execution.SQLExecution$.$anonfun$withNewExecutionId$6(SQLExecution.scala:125)
[2024-02-26T18:58:14.395+0700] {subprocess.py:93} INFO - 	at org.apache.spark.sql.execution.SQLExecution$.withSQLConfPropagated(SQLExecution.scala:201)
[2024-02-26T18:58:14.395+0700] {subprocess.py:93} INFO - 	at org.apache.spark.sql.execution.SQLExecution$.$anonfun$withNewExecutionId$1(SQLExecution.scala:108)
[2024-02-26T18:58:14.395+0700] {subprocess.py:93} INFO - 	at org.apache.spark.sql.SparkSession.withActive(SparkSession.scala:900)
[2024-02-26T18:58:14.396+0700] {subprocess.py:93} INFO - 	at org.apache.spark.sql.execution.SQLExecution$.withNewExecutionId(SQLExecution.scala:66)
[2024-02-26T18:58:14.396+0700] {subprocess.py:93} INFO - 	at org.apache.spark.sql.execution.QueryExecution$$anonfun$eagerlyExecuteCommands$1.applyOrElse(QueryExecution.scala:107)
[2024-02-26T18:58:14.396+0700] {subprocess.py:93} INFO - 	at org.apache.spark.sql.execution.QueryExecution$$anonfun$eagerlyExecuteCommands$1.applyOrElse(QueryExecution.scala:98)
[2024-02-26T18:58:14.396+0700] {subprocess.py:93} INFO - 	at org.apache.spark.sql.catalyst.trees.TreeNode.$anonfun$transformDownWithPruning$1(TreeNode.scala:461)
[2024-02-26T18:58:14.396+0700] {subprocess.py:93} INFO - 	at org.apache.spark.sql.catalyst.trees.CurrentOrigin$.withOrigin(origin.scala:76)
[2024-02-26T18:58:14.397+0700] {subprocess.py:93} INFO - 	at org.apache.spark.sql.catalyst.trees.TreeNode.transformDownWithPruning(TreeNode.scala:461)
[2024-02-26T18:58:14.397+0700] {subprocess.py:93} INFO - 	at org.apache.spark.sql.catalyst.plans.logical.LogicalPlan.org$apache$spark$sql$catalyst$plans$logical$AnalysisHelper$$super$transformDownWithPruning(LogicalPlan.scala:32)
[2024-02-26T18:58:14.397+0700] {subprocess.py:93} INFO - 	at org.apache.spark.sql.catalyst.plans.logical.AnalysisHelper.transformDownWithPruning(AnalysisHelper.scala:267)
[2024-02-26T18:58:14.397+0700] {subprocess.py:93} INFO - 	at org.apache.spark.sql.catalyst.plans.logical.AnalysisHelper.transformDownWithPruning$(AnalysisHelper.scala:263)
[2024-02-26T18:58:14.397+0700] {subprocess.py:93} INFO - 	at org.apache.spark.sql.catalyst.plans.logical.LogicalPlan.transformDownWithPruning(LogicalPlan.scala:32)
[2024-02-26T18:58:14.398+0700] {subprocess.py:93} INFO - 	at org.apache.spark.sql.catalyst.plans.logical.LogicalPlan.transformDownWithPruning(LogicalPlan.scala:32)
[2024-02-26T18:58:14.398+0700] {subprocess.py:93} INFO - 	at org.apache.spark.sql.catalyst.trees.TreeNode.transformDown(TreeNode.scala:437)
[2024-02-26T18:58:14.398+0700] {subprocess.py:93} INFO - 	at org.apache.spark.sql.execution.QueryExecution.eagerlyExecuteCommands(QueryExecution.scala:98)
[2024-02-26T18:58:14.398+0700] {subprocess.py:93} INFO - 	at org.apache.spark.sql.execution.QueryExecution.commandExecuted$lzycompute(QueryExecution.scala:85)
[2024-02-26T18:58:14.399+0700] {subprocess.py:93} INFO - 	at org.apache.spark.sql.execution.QueryExecution.commandExecuted(QueryExecution.scala:83)
[2024-02-26T18:58:14.399+0700] {subprocess.py:93} INFO - 	at org.apache.spark.sql.execution.QueryExecution.assertCommandExecuted(QueryExecution.scala:142)
[2024-02-26T18:58:14.399+0700] {subprocess.py:93} INFO - 	at org.apache.spark.sql.DataFrameWriter.runCommand(DataFrameWriter.scala:859)
[2024-02-26T18:58:14.399+0700] {subprocess.py:93} INFO - 	at org.apache.spark.sql.DataFrameWriter.saveToV1Source(DataFrameWriter.scala:388)
[2024-02-26T18:58:14.399+0700] {subprocess.py:93} INFO - 	at org.apache.spark.sql.DataFrameWriter.saveInternal(DataFrameWriter.scala:361)
[2024-02-26T18:58:14.400+0700] {subprocess.py:93} INFO - 	at org.apache.spark.sql.DataFrameWriter.save(DataFrameWriter.scala:240)
[2024-02-26T18:58:14.400+0700] {subprocess.py:93} INFO - 	at org.apache.spark.sql.DataFrameWriter.parquet(DataFrameWriter.scala:792)
[2024-02-26T18:58:14.400+0700] {subprocess.py:93} INFO - 	at java.base/jdk.internal.reflect.NativeMethodAccessorImpl.invoke0(Native Method)
[2024-02-26T18:58:14.400+0700] {subprocess.py:93} INFO - 	at java.base/jdk.internal.reflect.NativeMethodAccessorImpl.invoke(NativeMethodAccessorImpl.java:62)
[2024-02-26T18:58:14.401+0700] {subprocess.py:93} INFO - 	at java.base/jdk.internal.reflect.DelegatingMethodAccessorImpl.invoke(DelegatingMethodAccessorImpl.java:43)
[2024-02-26T18:58:14.401+0700] {subprocess.py:93} INFO - 	at java.base/java.lang.reflect.Method.invoke(Method.java:566)
[2024-02-26T18:58:14.401+0700] {subprocess.py:93} INFO - 	at py4j.reflection.MethodInvoker.invoke(MethodInvoker.java:244)
[2024-02-26T18:58:14.401+0700] {subprocess.py:93} INFO - 	at py4j.reflection.ReflectionEngine.invoke(ReflectionEngine.java:374)
[2024-02-26T18:58:14.402+0700] {subprocess.py:93} INFO - 	at py4j.Gateway.invoke(Gateway.java:282)
[2024-02-26T18:58:14.402+0700] {subprocess.py:93} INFO - 	at py4j.commands.AbstractCommand.invokeMethod(AbstractCommand.java:132)
[2024-02-26T18:58:14.402+0700] {subprocess.py:93} INFO - 	at py4j.commands.CallCommand.execute(CallCommand.java:79)
[2024-02-26T18:58:14.402+0700] {subprocess.py:93} INFO - 	at py4j.ClientServerConnection.waitForCommands(ClientServerConnection.java:182)
[2024-02-26T18:58:14.403+0700] {subprocess.py:93} INFO - 	at py4j.ClientServerConnection.run(ClientServerConnection.java:106)
[2024-02-26T18:58:14.403+0700] {subprocess.py:93} INFO - 	at java.base/java.lang.Thread.run(Thread.java:829)
[2024-02-26T18:58:14.403+0700] {subprocess.py:93} INFO - 
[2024-02-26T18:58:15.159+0700] {subprocess.py:97} INFO - Command exited with return code 1
[2024-02-26T18:58:15.514+0700] {taskinstance.py:2698} ERROR - Task failed with exception
Traceback (most recent call last):
  File "/home/nhut/etl-airflow/.venv/lib/python3.10/site-packages/airflow/models/taskinstance.py", line 433, in _execute_task
    result = execute_callable(context=context, **execute_callable_kwargs)
  File "/home/nhut/etl-airflow/.venv/lib/python3.10/site-packages/airflow/operators/bash.py", line 212, in execute
    raise AirflowException(
airflow.exceptions.AirflowException: Bash command failed. The command returned a non-zero exit code 1.
[2024-02-26T18:58:15.549+0700] {taskinstance.py:1138} INFO - Marking task as FAILED. dag_id=missed_deadline_job_dag, task_id=spark_ingestion_to_s3, execution_date=20240226T092754, start_date=20240226T115640, end_date=20240226T115815
[2024-02-26T18:58:15.679+0700] {standard_task_runner.py:107} ERROR - Failed to execute job 91 for task spark_ingestion_to_s3 (Bash command failed. The command returned a non-zero exit code 1.; 36758)
[2024-02-26T18:58:15.722+0700] {local_task_job_runner.py:234} INFO - Task exited with return code 1
[2024-02-26T18:58:15.884+0700] {taskinstance.py:3280} INFO - 0 downstream tasks scheduled from follow-on schedule check
