[2024-02-26T18:26:01.910+0700] {taskinstance.py:1956} INFO - Dependencies all met for dep_context=non-requeueable deps ti=<TaskInstance: missed_deadline_job_dag.spark_ingestion_to_s3 manual__2024-02-26T11:05:16.036516+00:00 [queued]>
[2024-02-26T18:26:01.925+0700] {taskinstance.py:1956} INFO - Dependencies all met for dep_context=requeueable deps ti=<TaskInstance: missed_deadline_job_dag.spark_ingestion_to_s3 manual__2024-02-26T11:05:16.036516+00:00 [queued]>
[2024-02-26T18:26:01.926+0700] {taskinstance.py:2170} INFO - Starting attempt 3 of 3
[2024-02-26T18:26:01.951+0700] {taskinstance.py:2191} INFO - Executing <Task(BashOperator): spark_ingestion_to_s3> on 2024-02-26 11:05:16.036516+00:00
[2024-02-26T18:26:01.956+0700] {standard_task_runner.py:60} INFO - Started process 25622 to run task
[2024-02-26T18:26:01.960+0700] {standard_task_runner.py:87} INFO - Running: ['***', 'tasks', 'run', 'missed_deadline_job_dag', 'spark_ingestion_to_s3', 'manual__2024-02-26T11:05:16.036516+00:00', '--job-id', '72', '--raw', '--subdir', 'DAGS_FOLDER/missed_deadlinee_dag.py', '--cfg-path', '/tmp/tmpabhm1wp8']
[2024-02-26T18:26:01.964+0700] {standard_task_runner.py:88} INFO - Job 72: Subtask spark_ingestion_to_s3
[2024-02-26T18:26:02.084+0700] {task_command.py:423} INFO - Running <TaskInstance: missed_deadline_job_dag.spark_ingestion_to_s3 manual__2024-02-26T11:05:16.036516+00:00 [running]> on host MinhNhut.
[2024-02-26T18:26:02.255+0700] {taskinstance.py:2480} INFO - Exporting env vars: AIRFLOW_CTX_DAG_OWNER='***' AIRFLOW_CTX_DAG_ID='missed_deadline_job_dag' AIRFLOW_CTX_TASK_ID='spark_ingestion_to_s3' AIRFLOW_CTX_EXECUTION_DATE='2024-02-26T11:05:16.036516+00:00' AIRFLOW_CTX_TRY_NUMBER='3' AIRFLOW_CTX_DAG_RUN_ID='manual__2024-02-26T11:05:16.036516+00:00'
[2024-02-26T18:26:02.257+0700] {subprocess.py:63} INFO - Tmp dir root location: /tmp
[2024-02-26T18:26:02.258+0700] {subprocess.py:75} INFO - Running command: ['/usr/bin/bash', '-c', 'python /home/nhut/etl-***/pipeline/spark_ingestion_to_s3.py']
[2024-02-26T18:26:02.269+0700] {subprocess.py:86} INFO - Output:
[2024-02-26T18:26:07.075+0700] {subprocess.py:93} INFO - 24/02/26 18:26:07 WARN Utils: Your hostname, MinhNhut resolves to a loopback address: 127.0.1.1; using 172.28.89.67 instead (on interface eth0)
[2024-02-26T18:26:07.084+0700] {subprocess.py:93} INFO - 24/02/26 18:26:07 WARN Utils: Set SPARK_LOCAL_IP if you need to bind to another address
[2024-02-26T18:26:17.482+0700] {subprocess.py:93} INFO - :: loading settings :: url = jar:file:/home/nhut/etl-***/.venv/lib/python3.10/site-packages/pyspark/jars/ivy-2.5.1.jar!/org/apache/ivy/core/settings/ivysettings.xml
[2024-02-26T18:26:17.644+0700] {subprocess.py:93} INFO - Ivy Default Cache set to: /home/nhut/.ivy2/cache
[2024-02-26T18:26:17.645+0700] {subprocess.py:93} INFO - The jars for the packages stored in: /home/nhut/.ivy2/jars
[2024-02-26T18:26:17.657+0700] {subprocess.py:93} INFO - org.apache.hadoop#hadoop-aws added as a dependency
[2024-02-26T18:26:17.660+0700] {subprocess.py:93} INFO - :: resolving dependencies :: org.apache.spark#spark-submit-parent-8497190c-9c4c-4345-9f65-20f6823dc61d;1.0
[2024-02-26T18:26:17.661+0700] {subprocess.py:93} INFO - 	confs: [default]
[2024-02-26T18:26:18.070+0700] {subprocess.py:93} INFO - 	found org.apache.hadoop#hadoop-aws;3.3.2 in spark-list
[2024-02-26T18:26:18.152+0700] {subprocess.py:93} INFO - 	found com.amazonaws#aws-java-sdk-bundle;1.11.1026 in spark-list
[2024-02-26T18:26:18.195+0700] {subprocess.py:93} INFO - 	found org.wildfly.openssl#wildfly-openssl;1.0.7.Final in central
[2024-02-26T18:26:18.240+0700] {subprocess.py:93} INFO - :: resolution report :: resolve 563ms :: artifacts dl 17ms
[2024-02-26T18:26:18.240+0700] {subprocess.py:93} INFO - 	:: modules in use:
[2024-02-26T18:26:18.241+0700] {subprocess.py:93} INFO - 	com.amazonaws#aws-java-sdk-bundle;1.11.1026 from spark-list in [default]
[2024-02-26T18:26:18.241+0700] {subprocess.py:93} INFO - 	org.apache.hadoop#hadoop-aws;3.3.2 from spark-list in [default]
[2024-02-26T18:26:18.241+0700] {subprocess.py:93} INFO - 	org.wildfly.openssl#wildfly-openssl;1.0.7.Final from central in [default]
[2024-02-26T18:26:18.242+0700] {subprocess.py:93} INFO - 	---------------------------------------------------------------------
[2024-02-26T18:26:18.242+0700] {subprocess.py:93} INFO - 	|                  |            modules            ||   artifacts   |
[2024-02-26T18:26:18.242+0700] {subprocess.py:93} INFO - 	|       conf       | number| search|dwnlded|evicted|| number|dwnlded|
[2024-02-26T18:26:18.243+0700] {subprocess.py:93} INFO - 	---------------------------------------------------------------------
[2024-02-26T18:26:18.243+0700] {subprocess.py:93} INFO - 	|      default     |   3   |   0   |   0   |   0   ||   3   |   0   |
[2024-02-26T18:26:18.243+0700] {subprocess.py:93} INFO - 	---------------------------------------------------------------------
[2024-02-26T18:26:18.269+0700] {subprocess.py:93} INFO - :: retrieving :: org.apache.spark#spark-submit-parent-8497190c-9c4c-4345-9f65-20f6823dc61d
[2024-02-26T18:26:18.270+0700] {subprocess.py:93} INFO - 	confs: [default]
[2024-02-26T18:26:18.298+0700] {subprocess.py:93} INFO - 	0 artifacts copied, 3 already retrieved (0kB/28ms)
[2024-02-26T18:26:18.999+0700] {subprocess.py:93} INFO - 24/02/26 18:26:18 WARN NativeCodeLoader: Unable to load native-hadoop library for your platform... using builtin-java classes where applicable
[2024-02-26T18:26:19.799+0700] {subprocess.py:93} INFO - Setting default log level to "WARN".
[2024-02-26T18:26:19.800+0700] {subprocess.py:93} INFO - To adjust logging level use sc.setLogLevel(newLevel). For SparkR, use setLogLevel(newLevel).
[2024-02-26T18:26:24.391+0700] {subprocess.py:93} INFO - 24/02/26 18:26:24 WARN Utils: Service 'SparkUI' could not bind on port 4040. Attempting port 4041.
[2024-02-26T18:26:59.575+0700] {subprocess.py:93} INFO - [Stage 0:>                                                          (0 + 0) / 1][Stage 0:>                                                          (0 + 1) / 1]                                                                                24/02/26 18:26:59 WARN MetricsConfig: Cannot locate configuration: tried hadoop-metrics2-s3a-file-system.properties,hadoop-metrics2.properties
[2024-02-26T18:27:55.447+0700] {subprocess.py:93} INFO - [Stage 1:>                                                          (0 + 1) / 1]                                                                                24/02/26 18:27:55 ERROR FileFormatWriter: Aborting job faeb088a-e296-4113-a318-65eaefe3372b.
[2024-02-26T18:27:55.450+0700] {subprocess.py:93} INFO - org.apache.hadoop.fs.s3a.RemoteFileChangedException: copyFile(olist_order_items_dataset.parquet/_temporary/0/task_202402261827071803333962286169130_0001_m_000000/part-00000-8e7e9130-2d8a-43db-9344-7aac48307251-c000.snappy.parquet, olist_order_items_dataset.parquet/part-00000-8e7e9130-2d8a-43db-9344-7aac48307251-c000.snappy.parquet) `s3a://olistsalesbucket/olist_order_items_dataset.parquet/_temporary/0/task_202402261827071803333962286169130_0001_m_000000/part-00000-8e7e9130-2d8a-43db-9344-7aac48307251-c000.snappy.parquet': File to rename not found on unguarded S3 store: copyFile(olist_order_items_dataset.parquet/_temporary/0/task_202402261827071803333962286169130_0001_m_000000/part-00000-8e7e9130-2d8a-43db-9344-7aac48307251-c000.snappy.parquet, olist_order_items_dataset.parquet/part-00000-8e7e9130-2d8a-43db-9344-7aac48307251-c000.snappy.parquet) on olist_order_items_dataset.parquet/_temporary/0/task_202402261827071803333962286169130_0001_m_000000/part-00000-8e7e9130-2d8a-43db-9344-7aac48307251-c000.snappy.parquet: com.amazonaws.services.s3.model.AmazonS3Exception: Not Found (Service: Amazon S3; Status Code: 404; Error Code: 404 Not Found; Request ID: G101PZJV4WQ6NY4X; S3 Extended Request ID: mQqQjKjt4LhWbJ7ftMyRg/8ooSu4OhoWt8pvH5sySxAOc2Yfa9cIEptvSFk5rVwgXCHY43ceVZIBoDNpoxZXGw==; Proxy: null), S3 Extended Request ID: mQqQjKjt4LhWbJ7ftMyRg/8ooSu4OhoWt8pvH5sySxAOc2Yfa9cIEptvSFk5rVwgXCHY43ceVZIBoDNpoxZXGw==:404 Not Found
[2024-02-26T18:27:55.451+0700] {subprocess.py:93} INFO - 	at org.apache.hadoop.fs.s3a.S3AFileSystem.copyFile(S3AFileSystem.java:4302)
[2024-02-26T18:27:55.451+0700] {subprocess.py:93} INFO - 	at org.apache.hadoop.fs.s3a.S3AFileSystem.access$1200(S3AFileSystem.java:259)
[2024-02-26T18:27:55.451+0700] {subprocess.py:93} INFO - 	at org.apache.hadoop.fs.s3a.S3AFileSystem$OperationCallbacksImpl.copyFile(S3AFileSystem.java:2084)
[2024-02-26T18:27:55.453+0700] {subprocess.py:93} INFO - 	at org.apache.hadoop.fs.s3a.impl.RenameOperation.copySourceAndUpdateTracker(RenameOperation.java:638)
[2024-02-26T18:27:55.453+0700] {subprocess.py:93} INFO - 	at org.apache.hadoop.fs.s3a.impl.RenameOperation.renameFileToDest(RenameOperation.java:365)
[2024-02-26T18:27:55.453+0700] {subprocess.py:93} INFO - 	at org.apache.hadoop.fs.s3a.impl.RenameOperation.execute(RenameOperation.java:310)
[2024-02-26T18:27:55.453+0700] {subprocess.py:93} INFO - 	at org.apache.hadoop.fs.s3a.S3AFileSystem.innerRename(S3AFileSystem.java:1999)
[2024-02-26T18:27:55.453+0700] {subprocess.py:93} INFO - 	at org.apache.hadoop.fs.s3a.S3AFileSystem.lambda$rename$7(S3AFileSystem.java:1846)
[2024-02-26T18:27:55.454+0700] {subprocess.py:93} INFO - 	at org.apache.hadoop.fs.statistics.impl.IOStatisticsBinding.lambda$trackDurationOfOperation$5(IOStatisticsBinding.java:499)
[2024-02-26T18:27:55.454+0700] {subprocess.py:93} INFO - 	at org.apache.hadoop.fs.statistics.impl.IOStatisticsBinding.trackDuration(IOStatisticsBinding.java:444)
[2024-02-26T18:27:55.454+0700] {subprocess.py:93} INFO - 	at org.apache.hadoop.fs.s3a.S3AFileSystem.trackDurationAndSpan(S3AFileSystem.java:2337)
[2024-02-26T18:27:55.454+0700] {subprocess.py:93} INFO - 	at org.apache.hadoop.fs.s3a.S3AFileSystem.rename(S3AFileSystem.java:1844)
[2024-02-26T18:27:55.454+0700] {subprocess.py:93} INFO - 	at org.apache.hadoop.mapreduce.lib.output.FileOutputCommitter.mergePaths(FileOutputCommitter.java:476)
[2024-02-26T18:27:55.455+0700] {subprocess.py:93} INFO - 	at org.apache.hadoop.mapreduce.lib.output.FileOutputCommitter.mergePaths(FileOutputCommitter.java:490)
[2024-02-26T18:27:55.455+0700] {subprocess.py:93} INFO - 	at org.apache.hadoop.mapreduce.lib.output.FileOutputCommitter.commitJobInternal(FileOutputCommitter.java:405)
[2024-02-26T18:27:55.455+0700] {subprocess.py:93} INFO - 	at org.apache.hadoop.mapreduce.lib.output.FileOutputCommitter.commitJob(FileOutputCommitter.java:377)
[2024-02-26T18:27:55.455+0700] {subprocess.py:93} INFO - 	at org.apache.parquet.hadoop.ParquetOutputCommitter.commitJob(ParquetOutputCommitter.java:48)
[2024-02-26T18:27:55.455+0700] {subprocess.py:93} INFO - 	at org.apache.spark.internal.io.HadoopMapReduceCommitProtocol.commitJob(HadoopMapReduceCommitProtocol.scala:192)
[2024-02-26T18:27:55.455+0700] {subprocess.py:93} INFO - 	at org.apache.spark.sql.execution.datasources.FileFormatWriter$.$anonfun$writeAndCommit$3(FileFormatWriter.scala:275)
[2024-02-26T18:27:55.456+0700] {subprocess.py:93} INFO - 	at scala.runtime.java8.JFunction0$mcV$sp.apply(JFunction0$mcV$sp.java:23)
[2024-02-26T18:27:55.456+0700] {subprocess.py:93} INFO - 	at org.apache.spark.util.Utils$.timeTakenMs(Utils.scala:552)
[2024-02-26T18:27:55.456+0700] {subprocess.py:93} INFO - 	at org.apache.spark.sql.execution.datasources.FileFormatWriter$.writeAndCommit(FileFormatWriter.scala:275)
[2024-02-26T18:27:55.456+0700] {subprocess.py:93} INFO - 	at org.apache.spark.sql.execution.datasources.FileFormatWriter$.executeWrite(FileFormatWriter.scala:304)
[2024-02-26T18:27:55.456+0700] {subprocess.py:93} INFO - 	at org.apache.spark.sql.execution.datasources.FileFormatWriter$.write(FileFormatWriter.scala:190)
[2024-02-26T18:27:55.457+0700] {subprocess.py:93} INFO - 	at org.apache.spark.sql.execution.datasources.InsertIntoHadoopFsRelationCommand.run(InsertIntoHadoopFsRelationCommand.scala:190)
[2024-02-26T18:27:55.457+0700] {subprocess.py:93} INFO - 	at org.apache.spark.sql.execution.command.DataWritingCommandExec.sideEffectResult$lzycompute(commands.scala:113)
[2024-02-26T18:27:55.457+0700] {subprocess.py:93} INFO - 	at org.apache.spark.sql.execution.command.DataWritingCommandExec.sideEffectResult(commands.scala:111)
[2024-02-26T18:27:55.457+0700] {subprocess.py:93} INFO - 	at org.apache.spark.sql.execution.command.DataWritingCommandExec.executeCollect(commands.scala:125)
[2024-02-26T18:27:55.457+0700] {subprocess.py:93} INFO - 	at org.apache.spark.sql.execution.QueryExecution$$anonfun$eagerlyExecuteCommands$1.$anonfun$applyOrElse$1(QueryExecution.scala:107)
[2024-02-26T18:27:55.457+0700] {subprocess.py:93} INFO - 	at org.apache.spark.sql.execution.SQLExecution$.$anonfun$withNewExecutionId$6(SQLExecution.scala:125)
[2024-02-26T18:27:55.457+0700] {subprocess.py:93} INFO - 	at org.apache.spark.sql.execution.SQLExecution$.withSQLConfPropagated(SQLExecution.scala:201)
[2024-02-26T18:27:55.457+0700] {subprocess.py:93} INFO - 	at org.apache.spark.sql.execution.SQLExecution$.$anonfun$withNewExecutionId$1(SQLExecution.scala:108)
[2024-02-26T18:27:55.457+0700] {subprocess.py:93} INFO - 	at org.apache.spark.sql.SparkSession.withActive(SparkSession.scala:900)
[2024-02-26T18:27:55.457+0700] {subprocess.py:93} INFO - 	at org.apache.spark.sql.execution.SQLExecution$.withNewExecutionId(SQLExecution.scala:66)
[2024-02-26T18:27:55.458+0700] {subprocess.py:93} INFO - 	at org.apache.spark.sql.execution.QueryExecution$$anonfun$eagerlyExecuteCommands$1.applyOrElse(QueryExecution.scala:107)
[2024-02-26T18:27:55.458+0700] {subprocess.py:93} INFO - 	at org.apache.spark.sql.execution.QueryExecution$$anonfun$eagerlyExecuteCommands$1.applyOrElse(QueryExecution.scala:98)
[2024-02-26T18:27:55.458+0700] {subprocess.py:93} INFO - 	at org.apache.spark.sql.catalyst.trees.TreeNode.$anonfun$transformDownWithPruning$1(TreeNode.scala:461)
[2024-02-26T18:27:55.458+0700] {subprocess.py:93} INFO - 	at org.apache.spark.sql.catalyst.trees.CurrentOrigin$.withOrigin(origin.scala:76)
[2024-02-26T18:27:55.458+0700] {subprocess.py:93} INFO - 	at org.apache.spark.sql.catalyst.trees.TreeNode.transformDownWithPruning(TreeNode.scala:461)
[2024-02-26T18:27:55.458+0700] {subprocess.py:93} INFO - 	at org.apache.spark.sql.catalyst.plans.logical.LogicalPlan.org$apache$spark$sql$catalyst$plans$logical$AnalysisHelper$$super$transformDownWithPruning(LogicalPlan.scala:32)
[2024-02-26T18:27:55.459+0700] {subprocess.py:93} INFO - 	at org.apache.spark.sql.catalyst.plans.logical.AnalysisHelper.transformDownWithPruning(AnalysisHelper.scala:267)
[2024-02-26T18:27:55.460+0700] {subprocess.py:93} INFO - 	at org.apache.spark.sql.catalyst.plans.logical.AnalysisHelper.transformDownWithPruning$(AnalysisHelper.scala:263)
[2024-02-26T18:27:55.460+0700] {subprocess.py:93} INFO - 	at org.apache.spark.sql.catalyst.plans.logical.LogicalPlan.transformDownWithPruning(LogicalPlan.scala:32)
[2024-02-26T18:27:55.460+0700] {subprocess.py:93} INFO - 	at org.apache.spark.sql.catalyst.plans.logical.LogicalPlan.transformDownWithPruning(LogicalPlan.scala:32)
[2024-02-26T18:27:55.460+0700] {subprocess.py:93} INFO - 	at org.apache.spark.sql.catalyst.trees.TreeNode.transformDown(TreeNode.scala:437)
[2024-02-26T18:27:55.460+0700] {subprocess.py:93} INFO - 	at org.apache.spark.sql.execution.QueryExecution.eagerlyExecuteCommands(QueryExecution.scala:98)
[2024-02-26T18:27:55.460+0700] {subprocess.py:93} INFO - 	at org.apache.spark.sql.execution.QueryExecution.commandExecuted$lzycompute(QueryExecution.scala:85)
[2024-02-26T18:27:55.460+0700] {subprocess.py:93} INFO - 	at org.apache.spark.sql.execution.QueryExecution.commandExecuted(QueryExecution.scala:83)
[2024-02-26T18:27:55.460+0700] {subprocess.py:93} INFO - 	at org.apache.spark.sql.execution.QueryExecution.assertCommandExecuted(QueryExecution.scala:142)
[2024-02-26T18:27:55.460+0700] {subprocess.py:93} INFO - 	at org.apache.spark.sql.DataFrameWriter.runCommand(DataFrameWriter.scala:859)
[2024-02-26T18:27:55.460+0700] {subprocess.py:93} INFO - 	at org.apache.spark.sql.DataFrameWriter.saveToV1Source(DataFrameWriter.scala:388)
[2024-02-26T18:27:55.461+0700] {subprocess.py:93} INFO - 	at org.apache.spark.sql.DataFrameWriter.saveInternal(DataFrameWriter.scala:361)
[2024-02-26T18:27:55.461+0700] {subprocess.py:93} INFO - 	at org.apache.spark.sql.DataFrameWriter.save(DataFrameWriter.scala:240)
[2024-02-26T18:27:55.461+0700] {subprocess.py:93} INFO - 	at org.apache.spark.sql.DataFrameWriter.parquet(DataFrameWriter.scala:792)
[2024-02-26T18:27:55.461+0700] {subprocess.py:93} INFO - 	at java.base/jdk.internal.reflect.NativeMethodAccessorImpl.invoke0(Native Method)
[2024-02-26T18:27:55.461+0700] {subprocess.py:93} INFO - 	at java.base/jdk.internal.reflect.NativeMethodAccessorImpl.invoke(NativeMethodAccessorImpl.java:62)
[2024-02-26T18:27:55.461+0700] {subprocess.py:93} INFO - 	at java.base/jdk.internal.reflect.DelegatingMethodAccessorImpl.invoke(DelegatingMethodAccessorImpl.java:43)
[2024-02-26T18:27:55.461+0700] {subprocess.py:93} INFO - 	at java.base/java.lang.reflect.Method.invoke(Method.java:566)
[2024-02-26T18:27:55.461+0700] {subprocess.py:93} INFO - 	at py4j.reflection.MethodInvoker.invoke(MethodInvoker.java:244)
[2024-02-26T18:27:55.461+0700] {subprocess.py:93} INFO - 	at py4j.reflection.ReflectionEngine.invoke(ReflectionEngine.java:374)
[2024-02-26T18:27:55.461+0700] {subprocess.py:93} INFO - 	at py4j.Gateway.invoke(Gateway.java:282)
[2024-02-26T18:27:55.462+0700] {subprocess.py:93} INFO - 	at py4j.commands.AbstractCommand.invokeMethod(AbstractCommand.java:132)
[2024-02-26T18:27:55.462+0700] {subprocess.py:93} INFO - 	at py4j.commands.CallCommand.execute(CallCommand.java:79)
[2024-02-26T18:27:55.462+0700] {subprocess.py:93} INFO - 	at py4j.ClientServerConnection.waitForCommands(ClientServerConnection.java:182)
[2024-02-26T18:27:55.462+0700] {subprocess.py:93} INFO - 	at py4j.ClientServerConnection.run(ClientServerConnection.java:106)
[2024-02-26T18:27:55.462+0700] {subprocess.py:93} INFO - 	at java.base/java.lang.Thread.run(Thread.java:829)
[2024-02-26T18:27:55.463+0700] {subprocess.py:93} INFO - Caused by: java.io.FileNotFoundException: copyFile(olist_order_items_dataset.parquet/_temporary/0/task_202402261827071803333962286169130_0001_m_000000/part-00000-8e7e9130-2d8a-43db-9344-7aac48307251-c000.snappy.parquet, olist_order_items_dataset.parquet/part-00000-8e7e9130-2d8a-43db-9344-7aac48307251-c000.snappy.parquet) on olist_order_items_dataset.parquet/_temporary/0/task_202402261827071803333962286169130_0001_m_000000/part-00000-8e7e9130-2d8a-43db-9344-7aac48307251-c000.snappy.parquet: com.amazonaws.services.s3.model.AmazonS3Exception: Not Found (Service: Amazon S3; Status Code: 404; Error Code: 404 Not Found; Request ID: G101PZJV4WQ6NY4X; S3 Extended Request ID: mQqQjKjt4LhWbJ7ftMyRg/8ooSu4OhoWt8pvH5sySxAOc2Yfa9cIEptvSFk5rVwgXCHY43ceVZIBoDNpoxZXGw==; Proxy: null), S3 Extended Request ID: mQqQjKjt4LhWbJ7ftMyRg/8ooSu4OhoWt8pvH5sySxAOc2Yfa9cIEptvSFk5rVwgXCHY43ceVZIBoDNpoxZXGw==:404 Not Found
[2024-02-26T18:27:55.463+0700] {subprocess.py:93} INFO - 	at org.apache.hadoop.fs.s3a.S3AUtils.translateException(S3AUtils.java:266)
[2024-02-26T18:27:55.463+0700] {subprocess.py:93} INFO - 	at org.apache.hadoop.fs.s3a.Invoker.once(Invoker.java:119)
[2024-02-26T18:27:55.464+0700] {subprocess.py:93} INFO - 	at org.apache.hadoop.fs.s3a.S3AFileSystem.copyFile(S3AFileSystem.java:4284)
[2024-02-26T18:27:55.464+0700] {subprocess.py:93} INFO - 	... 65 more
[2024-02-26T18:27:55.466+0700] {subprocess.py:93} INFO - Caused by: com.amazonaws.services.s3.model.AmazonS3Exception: Not Found (Service: Amazon S3; Status Code: 404; Error Code: 404 Not Found; Request ID: G101PZJV4WQ6NY4X; S3 Extended Request ID: mQqQjKjt4LhWbJ7ftMyRg/8ooSu4OhoWt8pvH5sySxAOc2Yfa9cIEptvSFk5rVwgXCHY43ceVZIBoDNpoxZXGw==; Proxy: null), S3 Extended Request ID: mQqQjKjt4LhWbJ7ftMyRg/8ooSu4OhoWt8pvH5sySxAOc2Yfa9cIEptvSFk5rVwgXCHY43ceVZIBoDNpoxZXGw==
[2024-02-26T18:27:55.468+0700] {subprocess.py:93} INFO - 	at com.amazonaws.http.AmazonHttpClient$RequestExecutor.handleErrorResponse(AmazonHttpClient.java:1819)
[2024-02-26T18:27:55.468+0700] {subprocess.py:93} INFO - 	at com.amazonaws.http.AmazonHttpClient$RequestExecutor.handleServiceErrorResponse(AmazonHttpClient.java:1403)
[2024-02-26T18:27:55.468+0700] {subprocess.py:93} INFO - 	at com.amazonaws.http.AmazonHttpClient$RequestExecutor.executeOneRequest(AmazonHttpClient.java:1372)
[2024-02-26T18:27:55.468+0700] {subprocess.py:93} INFO - 	at com.amazonaws.http.AmazonHttpClient$RequestExecutor.executeHelper(AmazonHttpClient.java:1145)
[2024-02-26T18:27:55.468+0700] {subprocess.py:93} INFO - 	at com.amazonaws.http.AmazonHttpClient$RequestExecutor.doExecute(AmazonHttpClient.java:802)
[2024-02-26T18:27:55.468+0700] {subprocess.py:93} INFO - 	at com.amazonaws.http.AmazonHttpClient$RequestExecutor.executeWithTimer(AmazonHttpClient.java:770)
[2024-02-26T18:27:55.468+0700] {subprocess.py:93} INFO - 	at com.amazonaws.http.AmazonHttpClient$RequestExecutor.execute(AmazonHttpClient.java:744)
[2024-02-26T18:27:55.469+0700] {subprocess.py:93} INFO - 	at com.amazonaws.http.AmazonHttpClient$RequestExecutor.access$500(AmazonHttpClient.java:704)
[2024-02-26T18:27:55.469+0700] {subprocess.py:93} INFO - 	at com.amazonaws.http.AmazonHttpClient$RequestExecutionBuilderImpl.execute(AmazonHttpClient.java:686)
[2024-02-26T18:27:55.469+0700] {subprocess.py:93} INFO - 	at com.amazonaws.http.AmazonHttpClient.execute(AmazonHttpClient.java:550)
[2024-02-26T18:27:55.469+0700] {subprocess.py:93} INFO - 	at com.amazonaws.http.AmazonHttpClient.execute(AmazonHttpClient.java:530)
[2024-02-26T18:27:55.469+0700] {subprocess.py:93} INFO - 	at com.amazonaws.services.s3.AmazonS3Client.invoke(AmazonS3Client.java:5437)
[2024-02-26T18:27:55.469+0700] {subprocess.py:93} INFO - 	at com.amazonaws.services.s3.AmazonS3Client.invoke(AmazonS3Client.java:5384)
[2024-02-26T18:27:55.469+0700] {subprocess.py:93} INFO - 	at com.amazonaws.services.s3.AmazonS3Client.getObjectMetadata(AmazonS3Client.java:1367)
[2024-02-26T18:27:55.469+0700] {subprocess.py:93} INFO - 	at org.apache.hadoop.fs.s3a.S3AFileSystem.lambda$getObjectMetadata$10(S3AFileSystem.java:2545)
[2024-02-26T18:27:55.469+0700] {subprocess.py:93} INFO - 	at org.apache.hadoop.fs.s3a.Invoker.retryUntranslated(Invoker.java:414)
[2024-02-26T18:27:55.469+0700] {subprocess.py:93} INFO - 	at org.apache.hadoop.fs.s3a.Invoker.retryUntranslated(Invoker.java:377)
[2024-02-26T18:27:55.470+0700] {subprocess.py:93} INFO - 	at org.apache.hadoop.fs.s3a.S3AFileSystem.getObjectMetadata(S3AFileSystem.java:2533)
[2024-02-26T18:27:55.470+0700] {subprocess.py:93} INFO - 	at org.apache.hadoop.fs.s3a.S3AFileSystem.lambda$copyFile$28(S3AFileSystem.java:4286)
[2024-02-26T18:27:55.470+0700] {subprocess.py:93} INFO - 	at org.apache.hadoop.fs.s3a.Invoker.once(Invoker.java:117)
[2024-02-26T18:27:55.470+0700] {subprocess.py:93} INFO - 	... 66 more
[2024-02-26T18:28:00.757+0700] {subprocess.py:93} INFO - Traceback (most recent call last):
[2024-02-26T18:28:00.759+0700] {subprocess.py:93} INFO -   File "/home/nhut/etl-***/pipeline/spark_ingestion_to_s3.py", line 28, in <module>
[2024-02-26T18:28:00.766+0700] {subprocess.py:93} INFO -     extract_data()
[2024-02-26T18:28:00.766+0700] {subprocess.py:93} INFO -   File "/home/nhut/etl-***/pipeline/spark_ingestion_to_s3.py", line 25, in extract_data
[2024-02-26T18:28:00.766+0700] {subprocess.py:93} INFO -     df.coalesce(1).write.mode("append").parquet("s3a://olistsalesbucket/" + name_file + ".parquet")
[2024-02-26T18:28:00.766+0700] {subprocess.py:93} INFO -   File "/home/nhut/etl-***/.venv/lib/python3.10/site-packages/pyspark/sql/readwriter.py", line 1721, in parquet
[2024-02-26T18:28:00.766+0700] {subprocess.py:93} INFO -     self._jwrite.parquet(path)
[2024-02-26T18:28:00.767+0700] {subprocess.py:93} INFO -   File "/home/nhut/etl-***/.venv/lib/python3.10/site-packages/py4j/java_gateway.py", line 1322, in __call__
[2024-02-26T18:28:00.767+0700] {subprocess.py:93} INFO -     return_value = get_return_value(
[2024-02-26T18:28:00.767+0700] {subprocess.py:93} INFO -   File "/home/nhut/etl-***/.venv/lib/python3.10/site-packages/pyspark/errors/exceptions/captured.py", line 179, in deco
[2024-02-26T18:28:00.767+0700] {subprocess.py:93} INFO -     return f(*a, **kw)
[2024-02-26T18:28:00.767+0700] {subprocess.py:93} INFO -   File "/home/nhut/etl-***/.venv/lib/python3.10/site-packages/py4j/protocol.py", line 326, in get_return_value
[2024-02-26T18:28:00.767+0700] {subprocess.py:93} INFO -     raise Py4JJavaError(
[2024-02-26T18:28:00.811+0700] {subprocess.py:93} INFO - py4j.protocol.Py4JJavaError: An error occurred while calling o41.parquet.
[2024-02-26T18:28:00.812+0700] {subprocess.py:93} INFO - : org.apache.hadoop.fs.s3a.RemoteFileChangedException: copyFile(olist_order_items_dataset.parquet/_temporary/0/task_202402261827071803333962286169130_0001_m_000000/part-00000-8e7e9130-2d8a-43db-9344-7aac48307251-c000.snappy.parquet, olist_order_items_dataset.parquet/part-00000-8e7e9130-2d8a-43db-9344-7aac48307251-c000.snappy.parquet) `s3a://olistsalesbucket/olist_order_items_dataset.parquet/_temporary/0/task_202402261827071803333962286169130_0001_m_000000/part-00000-8e7e9130-2d8a-43db-9344-7aac48307251-c000.snappy.parquet': File to rename not found on unguarded S3 store: copyFile(olist_order_items_dataset.parquet/_temporary/0/task_202402261827071803333962286169130_0001_m_000000/part-00000-8e7e9130-2d8a-43db-9344-7aac48307251-c000.snappy.parquet, olist_order_items_dataset.parquet/part-00000-8e7e9130-2d8a-43db-9344-7aac48307251-c000.snappy.parquet) on olist_order_items_dataset.parquet/_temporary/0/task_202402261827071803333962286169130_0001_m_000000/part-00000-8e7e9130-2d8a-43db-9344-7aac48307251-c000.snappy.parquet: com.amazonaws.services.s3.model.AmazonS3Exception: Not Found (Service: Amazon S3; Status Code: 404; Error Code: 404 Not Found; Request ID: G101PZJV4WQ6NY4X; S3 Extended Request ID: mQqQjKjt4LhWbJ7ftMyRg/8ooSu4OhoWt8pvH5sySxAOc2Yfa9cIEptvSFk5rVwgXCHY43ceVZIBoDNpoxZXGw==; Proxy: null), S3 Extended Request ID: mQqQjKjt4LhWbJ7ftMyRg/8ooSu4OhoWt8pvH5sySxAOc2Yfa9cIEptvSFk5rVwgXCHY43ceVZIBoDNpoxZXGw==:404 Not Found
[2024-02-26T18:28:00.813+0700] {subprocess.py:93} INFO - 	at org.apache.hadoop.fs.s3a.S3AFileSystem.copyFile(S3AFileSystem.java:4302)
[2024-02-26T18:28:00.813+0700] {subprocess.py:93} INFO - 	at org.apache.hadoop.fs.s3a.S3AFileSystem.access$1200(S3AFileSystem.java:259)
[2024-02-26T18:28:00.813+0700] {subprocess.py:93} INFO - 	at org.apache.hadoop.fs.s3a.S3AFileSystem$OperationCallbacksImpl.copyFile(S3AFileSystem.java:2084)
[2024-02-26T18:28:00.814+0700] {subprocess.py:93} INFO - 	at org.apache.hadoop.fs.s3a.impl.RenameOperation.copySourceAndUpdateTracker(RenameOperation.java:638)
[2024-02-26T18:28:00.814+0700] {subprocess.py:93} INFO - 	at org.apache.hadoop.fs.s3a.impl.RenameOperation.renameFileToDest(RenameOperation.java:365)
[2024-02-26T18:28:00.814+0700] {subprocess.py:93} INFO - 	at org.apache.hadoop.fs.s3a.impl.RenameOperation.execute(RenameOperation.java:310)
[2024-02-26T18:28:00.814+0700] {subprocess.py:93} INFO - 	at org.apache.hadoop.fs.s3a.S3AFileSystem.innerRename(S3AFileSystem.java:1999)
[2024-02-26T18:28:00.814+0700] {subprocess.py:93} INFO - 	at org.apache.hadoop.fs.s3a.S3AFileSystem.lambda$rename$7(S3AFileSystem.java:1846)
[2024-02-26T18:28:00.814+0700] {subprocess.py:93} INFO - 	at org.apache.hadoop.fs.statistics.impl.IOStatisticsBinding.lambda$trackDurationOfOperation$5(IOStatisticsBinding.java:499)
[2024-02-26T18:28:00.814+0700] {subprocess.py:93} INFO - 	at org.apache.hadoop.fs.statistics.impl.IOStatisticsBinding.trackDuration(IOStatisticsBinding.java:444)
[2024-02-26T18:28:00.814+0700] {subprocess.py:93} INFO - 	at org.apache.hadoop.fs.s3a.S3AFileSystem.trackDurationAndSpan(S3AFileSystem.java:2337)
[2024-02-26T18:28:00.814+0700] {subprocess.py:93} INFO - 	at org.apache.hadoop.fs.s3a.S3AFileSystem.rename(S3AFileSystem.java:1844)
[2024-02-26T18:28:00.814+0700] {subprocess.py:93} INFO - 	at org.apache.hadoop.mapreduce.lib.output.FileOutputCommitter.mergePaths(FileOutputCommitter.java:476)
[2024-02-26T18:28:00.815+0700] {subprocess.py:93} INFO - 	at org.apache.hadoop.mapreduce.lib.output.FileOutputCommitter.mergePaths(FileOutputCommitter.java:490)
[2024-02-26T18:28:00.815+0700] {subprocess.py:93} INFO - 	at org.apache.hadoop.mapreduce.lib.output.FileOutputCommitter.commitJobInternal(FileOutputCommitter.java:405)
[2024-02-26T18:28:00.815+0700] {subprocess.py:93} INFO - 	at org.apache.hadoop.mapreduce.lib.output.FileOutputCommitter.commitJob(FileOutputCommitter.java:377)
[2024-02-26T18:28:00.815+0700] {subprocess.py:93} INFO - 	at org.apache.parquet.hadoop.ParquetOutputCommitter.commitJob(ParquetOutputCommitter.java:48)
[2024-02-26T18:28:00.815+0700] {subprocess.py:93} INFO - 	at org.apache.spark.internal.io.HadoopMapReduceCommitProtocol.commitJob(HadoopMapReduceCommitProtocol.scala:192)
[2024-02-26T18:28:00.815+0700] {subprocess.py:93} INFO - 	at org.apache.spark.sql.execution.datasources.FileFormatWriter$.$anonfun$writeAndCommit$3(FileFormatWriter.scala:275)
[2024-02-26T18:28:00.815+0700] {subprocess.py:93} INFO - 	at scala.runtime.java8.JFunction0$mcV$sp.apply(JFunction0$mcV$sp.java:23)
[2024-02-26T18:28:00.816+0700] {subprocess.py:93} INFO - 	at org.apache.spark.util.Utils$.timeTakenMs(Utils.scala:552)
[2024-02-26T18:28:00.816+0700] {subprocess.py:93} INFO - 	at org.apache.spark.sql.execution.datasources.FileFormatWriter$.writeAndCommit(FileFormatWriter.scala:275)
[2024-02-26T18:28:00.816+0700] {subprocess.py:93} INFO - 	at org.apache.spark.sql.execution.datasources.FileFormatWriter$.executeWrite(FileFormatWriter.scala:304)
[2024-02-26T18:28:00.816+0700] {subprocess.py:93} INFO - 	at org.apache.spark.sql.execution.datasources.FileFormatWriter$.write(FileFormatWriter.scala:190)
[2024-02-26T18:28:00.816+0700] {subprocess.py:93} INFO - 	at org.apache.spark.sql.execution.datasources.InsertIntoHadoopFsRelationCommand.run(InsertIntoHadoopFsRelationCommand.scala:190)
[2024-02-26T18:28:00.816+0700] {subprocess.py:93} INFO - 	at org.apache.spark.sql.execution.command.DataWritingCommandExec.sideEffectResult$lzycompute(commands.scala:113)
[2024-02-26T18:28:00.816+0700] {subprocess.py:93} INFO - 	at org.apache.spark.sql.execution.command.DataWritingCommandExec.sideEffectResult(commands.scala:111)
[2024-02-26T18:28:00.816+0700] {subprocess.py:93} INFO - 	at org.apache.spark.sql.execution.command.DataWritingCommandExec.executeCollect(commands.scala:125)
[2024-02-26T18:28:00.817+0700] {subprocess.py:93} INFO - 	at org.apache.spark.sql.execution.QueryExecution$$anonfun$eagerlyExecuteCommands$1.$anonfun$applyOrElse$1(QueryExecution.scala:107)
[2024-02-26T18:28:00.817+0700] {subprocess.py:93} INFO - 	at org.apache.spark.sql.execution.SQLExecution$.$anonfun$withNewExecutionId$6(SQLExecution.scala:125)
[2024-02-26T18:28:00.817+0700] {subprocess.py:93} INFO - 	at org.apache.spark.sql.execution.SQLExecution$.withSQLConfPropagated(SQLExecution.scala:201)
[2024-02-26T18:28:00.817+0700] {subprocess.py:93} INFO - 	at org.apache.spark.sql.execution.SQLExecution$.$anonfun$withNewExecutionId$1(SQLExecution.scala:108)
[2024-02-26T18:28:00.817+0700] {subprocess.py:93} INFO - 	at org.apache.spark.sql.SparkSession.withActive(SparkSession.scala:900)
[2024-02-26T18:28:00.817+0700] {subprocess.py:93} INFO - 	at org.apache.spark.sql.execution.SQLExecution$.withNewExecutionId(SQLExecution.scala:66)
[2024-02-26T18:28:00.817+0700] {subprocess.py:93} INFO - 	at org.apache.spark.sql.execution.QueryExecution$$anonfun$eagerlyExecuteCommands$1.applyOrElse(QueryExecution.scala:107)
[2024-02-26T18:28:00.817+0700] {subprocess.py:93} INFO - 	at org.apache.spark.sql.execution.QueryExecution$$anonfun$eagerlyExecuteCommands$1.applyOrElse(QueryExecution.scala:98)
[2024-02-26T18:28:00.817+0700] {subprocess.py:93} INFO - 	at org.apache.spark.sql.catalyst.trees.TreeNode.$anonfun$transformDownWithPruning$1(TreeNode.scala:461)
[2024-02-26T18:28:00.818+0700] {subprocess.py:93} INFO - 	at org.apache.spark.sql.catalyst.trees.CurrentOrigin$.withOrigin(origin.scala:76)
[2024-02-26T18:28:00.818+0700] {subprocess.py:93} INFO - 	at org.apache.spark.sql.catalyst.trees.TreeNode.transformDownWithPruning(TreeNode.scala:461)
[2024-02-26T18:28:00.818+0700] {subprocess.py:93} INFO - 	at org.apache.spark.sql.catalyst.plans.logical.LogicalPlan.org$apache$spark$sql$catalyst$plans$logical$AnalysisHelper$$super$transformDownWithPruning(LogicalPlan.scala:32)
[2024-02-26T18:28:00.818+0700] {subprocess.py:93} INFO - 	at org.apache.spark.sql.catalyst.plans.logical.AnalysisHelper.transformDownWithPruning(AnalysisHelper.scala:267)
[2024-02-26T18:28:00.818+0700] {subprocess.py:93} INFO - 	at org.apache.spark.sql.catalyst.plans.logical.AnalysisHelper.transformDownWithPruning$(AnalysisHelper.scala:263)
[2024-02-26T18:28:00.818+0700] {subprocess.py:93} INFO - 	at org.apache.spark.sql.catalyst.plans.logical.LogicalPlan.transformDownWithPruning(LogicalPlan.scala:32)
[2024-02-26T18:28:00.818+0700] {subprocess.py:93} INFO - 	at org.apache.spark.sql.catalyst.plans.logical.LogicalPlan.transformDownWithPruning(LogicalPlan.scala:32)
[2024-02-26T18:28:00.818+0700] {subprocess.py:93} INFO - 	at org.apache.spark.sql.catalyst.trees.TreeNode.transformDown(TreeNode.scala:437)
[2024-02-26T18:28:00.819+0700] {subprocess.py:93} INFO - 	at org.apache.spark.sql.execution.QueryExecution.eagerlyExecuteCommands(QueryExecution.scala:98)
[2024-02-26T18:28:00.819+0700] {subprocess.py:93} INFO - 	at org.apache.spark.sql.execution.QueryExecution.commandExecuted$lzycompute(QueryExecution.scala:85)
[2024-02-26T18:28:00.819+0700] {subprocess.py:93} INFO - 	at org.apache.spark.sql.execution.QueryExecution.commandExecuted(QueryExecution.scala:83)
[2024-02-26T18:28:00.819+0700] {subprocess.py:93} INFO - 	at org.apache.spark.sql.execution.QueryExecution.assertCommandExecuted(QueryExecution.scala:142)
[2024-02-26T18:28:00.819+0700] {subprocess.py:93} INFO - 	at org.apache.spark.sql.DataFrameWriter.runCommand(DataFrameWriter.scala:859)
[2024-02-26T18:28:00.820+0700] {subprocess.py:93} INFO - 	at org.apache.spark.sql.DataFrameWriter.saveToV1Source(DataFrameWriter.scala:388)
[2024-02-26T18:28:00.820+0700] {subprocess.py:93} INFO - 	at org.apache.spark.sql.DataFrameWriter.saveInternal(DataFrameWriter.scala:361)
[2024-02-26T18:28:00.820+0700] {subprocess.py:93} INFO - 	at org.apache.spark.sql.DataFrameWriter.save(DataFrameWriter.scala:240)
[2024-02-26T18:28:00.820+0700] {subprocess.py:93} INFO - 	at org.apache.spark.sql.DataFrameWriter.parquet(DataFrameWriter.scala:792)
[2024-02-26T18:28:00.820+0700] {subprocess.py:93} INFO - 	at java.base/jdk.internal.reflect.NativeMethodAccessorImpl.invoke0(Native Method)
[2024-02-26T18:28:00.820+0700] {subprocess.py:93} INFO - 	at java.base/jdk.internal.reflect.NativeMethodAccessorImpl.invoke(NativeMethodAccessorImpl.java:62)
[2024-02-26T18:28:00.821+0700] {subprocess.py:93} INFO - 	at java.base/jdk.internal.reflect.DelegatingMethodAccessorImpl.invoke(DelegatingMethodAccessorImpl.java:43)
[2024-02-26T18:28:00.821+0700] {subprocess.py:93} INFO - 	at java.base/java.lang.reflect.Method.invoke(Method.java:566)
[2024-02-26T18:28:00.821+0700] {subprocess.py:93} INFO - 	at py4j.reflection.MethodInvoker.invoke(MethodInvoker.java:244)
[2024-02-26T18:28:00.821+0700] {subprocess.py:93} INFO - 	at py4j.reflection.ReflectionEngine.invoke(ReflectionEngine.java:374)
[2024-02-26T18:28:00.821+0700] {subprocess.py:93} INFO - 	at py4j.Gateway.invoke(Gateway.java:282)
[2024-02-26T18:28:00.821+0700] {subprocess.py:93} INFO - 	at py4j.commands.AbstractCommand.invokeMethod(AbstractCommand.java:132)
[2024-02-26T18:28:00.822+0700] {subprocess.py:93} INFO - 	at py4j.commands.CallCommand.execute(CallCommand.java:79)
[2024-02-26T18:28:00.822+0700] {subprocess.py:93} INFO - 	at py4j.ClientServerConnection.waitForCommands(ClientServerConnection.java:182)
[2024-02-26T18:28:00.822+0700] {subprocess.py:93} INFO - 	at py4j.ClientServerConnection.run(ClientServerConnection.java:106)
[2024-02-26T18:28:00.822+0700] {subprocess.py:93} INFO - 	at java.base/java.lang.Thread.run(Thread.java:829)
[2024-02-26T18:28:00.822+0700] {subprocess.py:93} INFO - Caused by: java.io.FileNotFoundException: copyFile(olist_order_items_dataset.parquet/_temporary/0/task_202402261827071803333962286169130_0001_m_000000/part-00000-8e7e9130-2d8a-43db-9344-7aac48307251-c000.snappy.parquet, olist_order_items_dataset.parquet/part-00000-8e7e9130-2d8a-43db-9344-7aac48307251-c000.snappy.parquet) on olist_order_items_dataset.parquet/_temporary/0/task_202402261827071803333962286169130_0001_m_000000/part-00000-8e7e9130-2d8a-43db-9344-7aac48307251-c000.snappy.parquet: com.amazonaws.services.s3.model.AmazonS3Exception: Not Found (Service: Amazon S3; Status Code: 404; Error Code: 404 Not Found; Request ID: G101PZJV4WQ6NY4X; S3 Extended Request ID: mQqQjKjt4LhWbJ7ftMyRg/8ooSu4OhoWt8pvH5sySxAOc2Yfa9cIEptvSFk5rVwgXCHY43ceVZIBoDNpoxZXGw==; Proxy: null), S3 Extended Request ID: mQqQjKjt4LhWbJ7ftMyRg/8ooSu4OhoWt8pvH5sySxAOc2Yfa9cIEptvSFk5rVwgXCHY43ceVZIBoDNpoxZXGw==:404 Not Found
[2024-02-26T18:28:00.822+0700] {subprocess.py:93} INFO - 	at org.apache.hadoop.fs.s3a.S3AUtils.translateException(S3AUtils.java:266)
[2024-02-26T18:28:00.822+0700] {subprocess.py:93} INFO - 	at org.apache.hadoop.fs.s3a.Invoker.once(Invoker.java:119)
[2024-02-26T18:28:00.823+0700] {subprocess.py:93} INFO - 	at org.apache.hadoop.fs.s3a.S3AFileSystem.copyFile(S3AFileSystem.java:4284)
[2024-02-26T18:28:00.823+0700] {subprocess.py:93} INFO - 	... 65 more
[2024-02-26T18:28:00.823+0700] {subprocess.py:93} INFO - Caused by: com.amazonaws.services.s3.model.AmazonS3Exception: Not Found (Service: Amazon S3; Status Code: 404; Error Code: 404 Not Found; Request ID: G101PZJV4WQ6NY4X; S3 Extended Request ID: mQqQjKjt4LhWbJ7ftMyRg/8ooSu4OhoWt8pvH5sySxAOc2Yfa9cIEptvSFk5rVwgXCHY43ceVZIBoDNpoxZXGw==; Proxy: null), S3 Extended Request ID: mQqQjKjt4LhWbJ7ftMyRg/8ooSu4OhoWt8pvH5sySxAOc2Yfa9cIEptvSFk5rVwgXCHY43ceVZIBoDNpoxZXGw==
[2024-02-26T18:28:00.823+0700] {subprocess.py:93} INFO - 	at com.amazonaws.http.AmazonHttpClient$RequestExecutor.handleErrorResponse(AmazonHttpClient.java:1819)
[2024-02-26T18:28:00.823+0700] {subprocess.py:93} INFO - 	at com.amazonaws.http.AmazonHttpClient$RequestExecutor.handleServiceErrorResponse(AmazonHttpClient.java:1403)
[2024-02-26T18:28:00.823+0700] {subprocess.py:93} INFO - 	at com.amazonaws.http.AmazonHttpClient$RequestExecutor.executeOneRequest(AmazonHttpClient.java:1372)
[2024-02-26T18:28:00.823+0700] {subprocess.py:93} INFO - 	at com.amazonaws.http.AmazonHttpClient$RequestExecutor.executeHelper(AmazonHttpClient.java:1145)
[2024-02-26T18:28:00.824+0700] {subprocess.py:93} INFO - 	at com.amazonaws.http.AmazonHttpClient$RequestExecutor.doExecute(AmazonHttpClient.java:802)
[2024-02-26T18:28:00.824+0700] {subprocess.py:93} INFO - 	at com.amazonaws.http.AmazonHttpClient$RequestExecutor.executeWithTimer(AmazonHttpClient.java:770)
[2024-02-26T18:28:00.824+0700] {subprocess.py:93} INFO - 	at com.amazonaws.http.AmazonHttpClient$RequestExecutor.execute(AmazonHttpClient.java:744)
[2024-02-26T18:28:00.824+0700] {subprocess.py:93} INFO - 	at com.amazonaws.http.AmazonHttpClient$RequestExecutor.access$500(AmazonHttpClient.java:704)
[2024-02-26T18:28:00.824+0700] {subprocess.py:93} INFO - 	at com.amazonaws.http.AmazonHttpClient$RequestExecutionBuilderImpl.execute(AmazonHttpClient.java:686)
[2024-02-26T18:28:00.824+0700] {subprocess.py:93} INFO - 	at com.amazonaws.http.AmazonHttpClient.execute(AmazonHttpClient.java:550)
[2024-02-26T18:28:00.824+0700] {subprocess.py:93} INFO - 	at com.amazonaws.http.AmazonHttpClient.execute(AmazonHttpClient.java:530)
[2024-02-26T18:28:00.824+0700] {subprocess.py:93} INFO - 	at com.amazonaws.services.s3.AmazonS3Client.invoke(AmazonS3Client.java:5437)
[2024-02-26T18:28:00.825+0700] {subprocess.py:93} INFO - 	at com.amazonaws.services.s3.AmazonS3Client.invoke(AmazonS3Client.java:5384)
[2024-02-26T18:28:00.825+0700] {subprocess.py:93} INFO - 	at com.amazonaws.services.s3.AmazonS3Client.getObjectMetadata(AmazonS3Client.java:1367)
[2024-02-26T18:28:00.825+0700] {subprocess.py:93} INFO - 	at org.apache.hadoop.fs.s3a.S3AFileSystem.lambda$getObjectMetadata$10(S3AFileSystem.java:2545)
[2024-02-26T18:28:00.825+0700] {subprocess.py:93} INFO - 	at org.apache.hadoop.fs.s3a.Invoker.retryUntranslated(Invoker.java:414)
[2024-02-26T18:28:00.825+0700] {subprocess.py:93} INFO - 	at org.apache.hadoop.fs.s3a.Invoker.retryUntranslated(Invoker.java:377)
[2024-02-26T18:28:00.825+0700] {subprocess.py:93} INFO - 	at org.apache.hadoop.fs.s3a.S3AFileSystem.getObjectMetadata(S3AFileSystem.java:2533)
[2024-02-26T18:28:00.825+0700] {subprocess.py:93} INFO - 	at org.apache.hadoop.fs.s3a.S3AFileSystem.lambda$copyFile$28(S3AFileSystem.java:4286)
[2024-02-26T18:28:00.825+0700] {subprocess.py:93} INFO - 	at org.apache.hadoop.fs.s3a.Invoker.once(Invoker.java:117)
[2024-02-26T18:28:00.825+0700] {subprocess.py:93} INFO - 	... 66 more
[2024-02-26T18:28:00.826+0700] {subprocess.py:93} INFO - 
[2024-02-26T18:28:01.705+0700] {subprocess.py:97} INFO - Command exited with return code 1
[2024-02-26T18:28:02.121+0700] {taskinstance.py:2698} ERROR - Task failed with exception
Traceback (most recent call last):
  File "/home/nhut/etl-airflow/.venv/lib/python3.10/site-packages/airflow/models/taskinstance.py", line 433, in _execute_task
    result = execute_callable(context=context, **execute_callable_kwargs)
  File "/home/nhut/etl-airflow/.venv/lib/python3.10/site-packages/airflow/operators/bash.py", line 212, in execute
    raise AirflowException(
airflow.exceptions.AirflowException: Bash command failed. The command returned a non-zero exit code 1.
[2024-02-26T18:28:02.170+0700] {taskinstance.py:1138} INFO - Marking task as FAILED. dag_id=missed_deadline_job_dag, task_id=spark_ingestion_to_s3, execution_date=20240226T110516, start_date=20240226T112601, end_date=20240226T112802
[2024-02-26T18:28:02.316+0700] {standard_task_runner.py:107} ERROR - Failed to execute job 72 for task spark_ingestion_to_s3 (Bash command failed. The command returned a non-zero exit code 1.; 25622)
[2024-02-26T18:28:02.344+0700] {local_task_job_runner.py:234} INFO - Task exited with return code 1
[2024-02-26T18:28:02.514+0700] {taskinstance.py:3280} INFO - 0 downstream tasks scheduled from follow-on schedule check
