[2024-02-26T18:23:29.170+0700] {taskinstance.py:1956} INFO - Dependencies all met for dep_context=non-requeueable deps ti=<TaskInstance: missed_deadline_job_dag.spark_ingestion_to_s3 manual__2024-02-26T09:28:46.151976+00:00 [queued]>
[2024-02-26T18:23:29.179+0700] {taskinstance.py:1956} INFO - Dependencies all met for dep_context=requeueable deps ti=<TaskInstance: missed_deadline_job_dag.spark_ingestion_to_s3 manual__2024-02-26T09:28:46.151976+00:00 [queued]>
[2024-02-26T18:23:29.179+0700] {taskinstance.py:2170} INFO - Starting attempt 2 of 2
[2024-02-26T18:23:29.196+0700] {taskinstance.py:2191} INFO - Executing <Task(BashOperator): spark_ingestion_to_s3> on 2024-02-26 09:28:46.151976+00:00
[2024-02-26T18:23:29.199+0700] {standard_task_runner.py:60} INFO - Started process 22588 to run task
[2024-02-26T18:23:29.203+0700] {standard_task_runner.py:87} INFO - Running: ['***', 'tasks', 'run', 'missed_deadline_job_dag', 'spark_ingestion_to_s3', 'manual__2024-02-26T09:28:46.151976+00:00', '--job-id', '68', '--raw', '--subdir', 'DAGS_FOLDER/missed_deadlinee_dag.py', '--cfg-path', '/tmp/tmpy0rs2zom']
[2024-02-26T18:23:29.205+0700] {standard_task_runner.py:88} INFO - Job 68: Subtask spark_ingestion_to_s3
[2024-02-26T18:23:29.276+0700] {task_command.py:423} INFO - Running <TaskInstance: missed_deadline_job_dag.spark_ingestion_to_s3 manual__2024-02-26T09:28:46.151976+00:00 [running]> on host MinhNhut.
[2024-02-26T18:23:29.373+0700] {taskinstance.py:2480} INFO - Exporting env vars: AIRFLOW_CTX_DAG_OWNER='***' AIRFLOW_CTX_DAG_ID='missed_deadline_job_dag' AIRFLOW_CTX_TASK_ID='spark_ingestion_to_s3' AIRFLOW_CTX_EXECUTION_DATE='2024-02-26T09:28:46.151976+00:00' AIRFLOW_CTX_TRY_NUMBER='2' AIRFLOW_CTX_DAG_RUN_ID='manual__2024-02-26T09:28:46.151976+00:00'
[2024-02-26T18:23:29.374+0700] {subprocess.py:63} INFO - Tmp dir root location: /tmp
[2024-02-26T18:23:29.375+0700] {subprocess.py:75} INFO - Running command: ['/usr/bin/bash', '-c', 'python /home/nhut/etl-***/pipeline/spark_ingestion_to_s3.py']
[2024-02-26T18:23:29.381+0700] {subprocess.py:86} INFO - Output:
[2024-02-26T18:23:32.755+0700] {subprocess.py:93} INFO - 24/02/26 18:23:32 WARN Utils: Your hostname, MinhNhut resolves to a loopback address: 127.0.1.1; using 172.28.89.67 instead (on interface eth0)
[2024-02-26T18:23:32.758+0700] {subprocess.py:93} INFO - 24/02/26 18:23:32 WARN Utils: Set SPARK_LOCAL_IP if you need to bind to another address
[2024-02-26T18:23:43.172+0700] {subprocess.py:93} INFO - :: loading settings :: url = jar:file:/home/nhut/etl-***/.venv/lib/python3.10/site-packages/pyspark/jars/ivy-2.5.1.jar!/org/apache/ivy/core/settings/ivysettings.xml
[2024-02-26T18:23:43.491+0700] {subprocess.py:93} INFO - Ivy Default Cache set to: /home/nhut/.ivy2/cache
[2024-02-26T18:23:43.511+0700] {subprocess.py:93} INFO - The jars for the packages stored in: /home/nhut/.ivy2/jars
[2024-02-26T18:23:43.524+0700] {subprocess.py:93} INFO - org.apache.hadoop#hadoop-aws added as a dependency
[2024-02-26T18:23:43.526+0700] {subprocess.py:93} INFO - :: resolving dependencies :: org.apache.spark#spark-submit-parent-36a0e8be-56f5-4d79-b533-deac3a03b7e3;1.0
[2024-02-26T18:23:43.529+0700] {subprocess.py:93} INFO - 	confs: [default]
[2024-02-26T18:23:43.964+0700] {subprocess.py:93} INFO - 	found org.apache.hadoop#hadoop-aws;3.3.2 in spark-list
[2024-02-26T18:23:44.077+0700] {subprocess.py:93} INFO - 	found com.amazonaws#aws-java-sdk-bundle;1.11.1026 in spark-list
[2024-02-26T18:23:44.133+0700] {subprocess.py:93} INFO - 	found org.wildfly.openssl#wildfly-openssl;1.0.7.Final in central
[2024-02-26T18:23:44.171+0700] {subprocess.py:93} INFO - :: resolution report :: resolve 630ms :: artifacts dl 15ms
[2024-02-26T18:23:44.172+0700] {subprocess.py:93} INFO - 	:: modules in use:
[2024-02-26T18:23:44.175+0700] {subprocess.py:93} INFO - 	com.amazonaws#aws-java-sdk-bundle;1.11.1026 from spark-list in [default]
[2024-02-26T18:23:44.176+0700] {subprocess.py:93} INFO - 	org.apache.hadoop#hadoop-aws;3.3.2 from spark-list in [default]
[2024-02-26T18:23:44.177+0700] {subprocess.py:93} INFO - 	org.wildfly.openssl#wildfly-openssl;1.0.7.Final from central in [default]
[2024-02-26T18:23:44.178+0700] {subprocess.py:93} INFO - 	---------------------------------------------------------------------
[2024-02-26T18:23:44.178+0700] {subprocess.py:93} INFO - 	|                  |            modules            ||   artifacts   |
[2024-02-26T18:23:44.179+0700] {subprocess.py:93} INFO - 	|       conf       | number| search|dwnlded|evicted|| number|dwnlded|
[2024-02-26T18:23:44.183+0700] {subprocess.py:93} INFO - 	---------------------------------------------------------------------
[2024-02-26T18:23:44.184+0700] {subprocess.py:93} INFO - 	|      default     |   3   |   0   |   0   |   0   ||   3   |   0   |
[2024-02-26T18:23:44.184+0700] {subprocess.py:93} INFO - 	---------------------------------------------------------------------
[2024-02-26T18:23:44.193+0700] {subprocess.py:93} INFO - :: retrieving :: org.apache.spark#spark-submit-parent-36a0e8be-56f5-4d79-b533-deac3a03b7e3
[2024-02-26T18:23:44.194+0700] {subprocess.py:93} INFO - 	confs: [default]
[2024-02-26T18:23:44.203+0700] {subprocess.py:93} INFO - 	0 artifacts copied, 3 already retrieved (0kB/9ms)
[2024-02-26T18:23:44.784+0700] {subprocess.py:93} INFO - 24/02/26 18:23:44 WARN NativeCodeLoader: Unable to load native-hadoop library for your platform... using builtin-java classes where applicable
[2024-02-26T18:23:45.192+0700] {subprocess.py:93} INFO - Setting default log level to "WARN".
[2024-02-26T18:23:45.192+0700] {subprocess.py:93} INFO - To adjust logging level use sc.setLogLevel(newLevel). For SparkR, use setLogLevel(newLevel).
[2024-02-26T18:23:47.281+0700] {subprocess.py:93} INFO - 24/02/26 18:23:47 WARN Utils: Service 'SparkUI' could not bind on port 4040. Attempting port 4041.
[2024-02-26T18:23:47.282+0700] {subprocess.py:93} INFO - 24/02/26 18:23:47 WARN Utils: Service 'SparkUI' could not bind on port 4041. Attempting port 4042.
[2024-02-26T18:23:47.283+0700] {subprocess.py:93} INFO - 24/02/26 18:23:47 WARN Utils: Service 'SparkUI' could not bind on port 4042. Attempting port 4043.
[2024-02-26T18:23:47.284+0700] {subprocess.py:93} INFO - 24/02/26 18:23:47 WARN Utils: Service 'SparkUI' could not bind on port 4043. Attempting port 4044.
[2024-02-26T18:24:01.128+0700] {subprocess.py:93} INFO - [Stage 0:>                                                          (0 + 1) / 1]                                                                                24/02/26 18:24:01 WARN MetricsConfig: Cannot locate configuration: tried hadoop-metrics2-s3a-file-system.properties,hadoop-metrics2.properties
[2024-02-26T18:24:30.755+0700] {subprocess.py:93} INFO - [Stage 1:>                                                          (0 + 1) / 1]                                                                                24/02/26 18:24:30 ERROR FileFormatWriter: Aborting job 542cbc9c-8408-4415-934f-6d056e7d3482.
[2024-02-26T18:24:30.755+0700] {subprocess.py:93} INFO - java.io.FileNotFoundException: copyFile(olist_order_items_dataset.parquet/_temporary/0/task_202402261824072312125140619319101_0001_m_000000/part-00000-a18f5149-05a9-455e-9633-8800122102a6-c000.snappy.parquet, olist_order_items_dataset.parquet/part-00000-a18f5149-05a9-455e-9633-8800122102a6-c000.snappy.parquet) on olist_order_items_dataset.parquet/_temporary/0/task_202402261824072312125140619319101_0001_m_000000/part-00000-a18f5149-05a9-455e-9633-8800122102a6-c000.snappy.parquet: com.amazonaws.services.s3.model.AmazonS3Exception: The specified key does not exist. (Service: Amazon S3; Status Code: 404; Error Code: NoSuchKey; Request ID: PH6K5BWXF5JA8ZVZ; S3 Extended Request ID: z58u4tn8mDakrVMMcp7NOEoDGJfRAZO0sDoWyKvDAgGYuXBaSp4OXutmj8NCcJWcETnyC+tVhOA=; Proxy: null), S3 Extended Request ID: z58u4tn8mDakrVMMcp7NOEoDGJfRAZO0sDoWyKvDAgGYuXBaSp4OXutmj8NCcJWcETnyC+tVhOA=:NoSuchKey
[2024-02-26T18:24:30.755+0700] {subprocess.py:93} INFO - 	at org.apache.hadoop.fs.s3a.S3AUtils.translateException(S3AUtils.java:266)
[2024-02-26T18:24:30.755+0700] {subprocess.py:93} INFO - 	at org.apache.hadoop.fs.s3a.Invoker.once(Invoker.java:119)
[2024-02-26T18:24:30.756+0700] {subprocess.py:93} INFO - 	at org.apache.hadoop.fs.s3a.Invoker.lambda$retry$4(Invoker.java:322)
[2024-02-26T18:24:30.756+0700] {subprocess.py:93} INFO - 	at org.apache.hadoop.fs.s3a.Invoker.retryUntranslated(Invoker.java:414)
[2024-02-26T18:24:30.756+0700] {subprocess.py:93} INFO - 	at org.apache.hadoop.fs.s3a.Invoker.retry(Invoker.java:318)
[2024-02-26T18:24:30.756+0700] {subprocess.py:93} INFO - 	at org.apache.hadoop.fs.s3a.Invoker.retry(Invoker.java:293)
[2024-02-26T18:24:30.756+0700] {subprocess.py:93} INFO - 	at org.apache.hadoop.fs.s3a.S3AFileSystem.copyFile(S3AFileSystem.java:4308)
[2024-02-26T18:24:30.756+0700] {subprocess.py:93} INFO - 	at org.apache.hadoop.fs.s3a.S3AFileSystem.access$1200(S3AFileSystem.java:259)
[2024-02-26T18:24:30.756+0700] {subprocess.py:93} INFO - 	at org.apache.hadoop.fs.s3a.S3AFileSystem$OperationCallbacksImpl.copyFile(S3AFileSystem.java:2084)
[2024-02-26T18:24:30.756+0700] {subprocess.py:93} INFO - 	at org.apache.hadoop.fs.s3a.impl.RenameOperation.copySourceAndUpdateTracker(RenameOperation.java:638)
[2024-02-26T18:24:30.756+0700] {subprocess.py:93} INFO - 	at org.apache.hadoop.fs.s3a.impl.RenameOperation.renameFileToDest(RenameOperation.java:365)
[2024-02-26T18:24:30.756+0700] {subprocess.py:93} INFO - 	at org.apache.hadoop.fs.s3a.impl.RenameOperation.execute(RenameOperation.java:310)
[2024-02-26T18:24:30.756+0700] {subprocess.py:93} INFO - 	at org.apache.hadoop.fs.s3a.S3AFileSystem.innerRename(S3AFileSystem.java:1999)
[2024-02-26T18:24:30.757+0700] {subprocess.py:93} INFO - 	at org.apache.hadoop.fs.s3a.S3AFileSystem.lambda$rename$7(S3AFileSystem.java:1846)
[2024-02-26T18:24:30.757+0700] {subprocess.py:93} INFO - 	at org.apache.hadoop.fs.statistics.impl.IOStatisticsBinding.lambda$trackDurationOfOperation$5(IOStatisticsBinding.java:499)
[2024-02-26T18:24:30.757+0700] {subprocess.py:93} INFO - 	at org.apache.hadoop.fs.statistics.impl.IOStatisticsBinding.trackDuration(IOStatisticsBinding.java:444)
[2024-02-26T18:24:30.757+0700] {subprocess.py:93} INFO - 	at org.apache.hadoop.fs.s3a.S3AFileSystem.trackDurationAndSpan(S3AFileSystem.java:2337)
[2024-02-26T18:24:30.757+0700] {subprocess.py:93} INFO - 	at org.apache.hadoop.fs.s3a.S3AFileSystem.rename(S3AFileSystem.java:1844)
[2024-02-26T18:24:30.757+0700] {subprocess.py:93} INFO - 	at org.apache.hadoop.mapreduce.lib.output.FileOutputCommitter.mergePaths(FileOutputCommitter.java:476)
[2024-02-26T18:24:30.757+0700] {subprocess.py:93} INFO - 	at org.apache.hadoop.mapreduce.lib.output.FileOutputCommitter.mergePaths(FileOutputCommitter.java:490)
[2024-02-26T18:24:30.757+0700] {subprocess.py:93} INFO - 	at org.apache.hadoop.mapreduce.lib.output.FileOutputCommitter.commitJobInternal(FileOutputCommitter.java:405)
[2024-02-26T18:24:30.757+0700] {subprocess.py:93} INFO - 	at org.apache.hadoop.mapreduce.lib.output.FileOutputCommitter.commitJob(FileOutputCommitter.java:377)
[2024-02-26T18:24:30.757+0700] {subprocess.py:93} INFO - 	at org.apache.parquet.hadoop.ParquetOutputCommitter.commitJob(ParquetOutputCommitter.java:48)
[2024-02-26T18:24:30.757+0700] {subprocess.py:93} INFO - 	at org.apache.spark.internal.io.HadoopMapReduceCommitProtocol.commitJob(HadoopMapReduceCommitProtocol.scala:192)
[2024-02-26T18:24:30.758+0700] {subprocess.py:93} INFO - 	at org.apache.spark.sql.execution.datasources.FileFormatWriter$.$anonfun$writeAndCommit$3(FileFormatWriter.scala:275)
[2024-02-26T18:24:30.758+0700] {subprocess.py:93} INFO - 	at scala.runtime.java8.JFunction0$mcV$sp.apply(JFunction0$mcV$sp.java:23)
[2024-02-26T18:24:30.758+0700] {subprocess.py:93} INFO - 	at org.apache.spark.util.Utils$.timeTakenMs(Utils.scala:552)
[2024-02-26T18:24:30.758+0700] {subprocess.py:93} INFO - 	at org.apache.spark.sql.execution.datasources.FileFormatWriter$.writeAndCommit(FileFormatWriter.scala:275)
[2024-02-26T18:24:30.758+0700] {subprocess.py:93} INFO - 	at org.apache.spark.sql.execution.datasources.FileFormatWriter$.executeWrite(FileFormatWriter.scala:304)
[2024-02-26T18:24:30.758+0700] {subprocess.py:93} INFO - 	at org.apache.spark.sql.execution.datasources.FileFormatWriter$.write(FileFormatWriter.scala:190)
[2024-02-26T18:24:30.758+0700] {subprocess.py:93} INFO - 	at org.apache.spark.sql.execution.datasources.InsertIntoHadoopFsRelationCommand.run(InsertIntoHadoopFsRelationCommand.scala:190)
[2024-02-26T18:24:30.758+0700] {subprocess.py:93} INFO - 	at org.apache.spark.sql.execution.command.DataWritingCommandExec.sideEffectResult$lzycompute(commands.scala:113)
[2024-02-26T18:24:30.758+0700] {subprocess.py:93} INFO - 	at org.apache.spark.sql.execution.command.DataWritingCommandExec.sideEffectResult(commands.scala:111)
[2024-02-26T18:24:30.758+0700] {subprocess.py:93} INFO - 	at org.apache.spark.sql.execution.command.DataWritingCommandExec.executeCollect(commands.scala:125)
[2024-02-26T18:24:30.758+0700] {subprocess.py:93} INFO - 	at org.apache.spark.sql.execution.QueryExecution$$anonfun$eagerlyExecuteCommands$1.$anonfun$applyOrElse$1(QueryExecution.scala:107)
[2024-02-26T18:24:30.759+0700] {subprocess.py:93} INFO - 	at org.apache.spark.sql.execution.SQLExecution$.$anonfun$withNewExecutionId$6(SQLExecution.scala:125)
[2024-02-26T18:24:30.759+0700] {subprocess.py:93} INFO - 	at org.apache.spark.sql.execution.SQLExecution$.withSQLConfPropagated(SQLExecution.scala:201)
[2024-02-26T18:24:30.759+0700] {subprocess.py:93} INFO - 	at org.apache.spark.sql.execution.SQLExecution$.$anonfun$withNewExecutionId$1(SQLExecution.scala:108)
[2024-02-26T18:24:30.759+0700] {subprocess.py:93} INFO - 	at org.apache.spark.sql.SparkSession.withActive(SparkSession.scala:900)
[2024-02-26T18:24:30.759+0700] {subprocess.py:93} INFO - 	at org.apache.spark.sql.execution.SQLExecution$.withNewExecutionId(SQLExecution.scala:66)
[2024-02-26T18:24:30.759+0700] {subprocess.py:93} INFO - 	at org.apache.spark.sql.execution.QueryExecution$$anonfun$eagerlyExecuteCommands$1.applyOrElse(QueryExecution.scala:107)
[2024-02-26T18:24:30.759+0700] {subprocess.py:93} INFO - 	at org.apache.spark.sql.execution.QueryExecution$$anonfun$eagerlyExecuteCommands$1.applyOrElse(QueryExecution.scala:98)
[2024-02-26T18:24:30.759+0700] {subprocess.py:93} INFO - 	at org.apache.spark.sql.catalyst.trees.TreeNode.$anonfun$transformDownWithPruning$1(TreeNode.scala:461)
[2024-02-26T18:24:30.759+0700] {subprocess.py:93} INFO - 	at org.apache.spark.sql.catalyst.trees.CurrentOrigin$.withOrigin(origin.scala:76)
[2024-02-26T18:24:30.759+0700] {subprocess.py:93} INFO - 	at org.apache.spark.sql.catalyst.trees.TreeNode.transformDownWithPruning(TreeNode.scala:461)
[2024-02-26T18:24:30.760+0700] {subprocess.py:93} INFO - 	at org.apache.spark.sql.catalyst.plans.logical.LogicalPlan.org$apache$spark$sql$catalyst$plans$logical$AnalysisHelper$$super$transformDownWithPruning(LogicalPlan.scala:32)
[2024-02-26T18:24:30.760+0700] {subprocess.py:93} INFO - 	at org.apache.spark.sql.catalyst.plans.logical.AnalysisHelper.transformDownWithPruning(AnalysisHelper.scala:267)
[2024-02-26T18:24:30.760+0700] {subprocess.py:93} INFO - 	at org.apache.spark.sql.catalyst.plans.logical.AnalysisHelper.transformDownWithPruning$(AnalysisHelper.scala:263)
[2024-02-26T18:24:30.760+0700] {subprocess.py:93} INFO - 	at org.apache.spark.sql.catalyst.plans.logical.LogicalPlan.transformDownWithPruning(LogicalPlan.scala:32)
[2024-02-26T18:24:30.760+0700] {subprocess.py:93} INFO - 	at org.apache.spark.sql.catalyst.plans.logical.LogicalPlan.transformDownWithPruning(LogicalPlan.scala:32)
[2024-02-26T18:24:30.760+0700] {subprocess.py:93} INFO - 	at org.apache.spark.sql.catalyst.trees.TreeNode.transformDown(TreeNode.scala:437)
[2024-02-26T18:24:30.761+0700] {subprocess.py:93} INFO - 	at org.apache.spark.sql.execution.QueryExecution.eagerlyExecuteCommands(QueryExecution.scala:98)
[2024-02-26T18:24:30.761+0700] {subprocess.py:93} INFO - 	at org.apache.spark.sql.execution.QueryExecution.commandExecuted$lzycompute(QueryExecution.scala:85)
[2024-02-26T18:24:30.761+0700] {subprocess.py:93} INFO - 	at org.apache.spark.sql.execution.QueryExecution.commandExecuted(QueryExecution.scala:83)
[2024-02-26T18:24:30.761+0700] {subprocess.py:93} INFO - 	at org.apache.spark.sql.execution.QueryExecution.assertCommandExecuted(QueryExecution.scala:142)
[2024-02-26T18:24:30.761+0700] {subprocess.py:93} INFO - 	at org.apache.spark.sql.DataFrameWriter.runCommand(DataFrameWriter.scala:859)
[2024-02-26T18:24:30.761+0700] {subprocess.py:93} INFO - 	at org.apache.spark.sql.DataFrameWriter.saveToV1Source(DataFrameWriter.scala:388)
[2024-02-26T18:24:30.761+0700] {subprocess.py:93} INFO - 	at org.apache.spark.sql.DataFrameWriter.saveInternal(DataFrameWriter.scala:361)
[2024-02-26T18:24:30.761+0700] {subprocess.py:93} INFO - 	at org.apache.spark.sql.DataFrameWriter.save(DataFrameWriter.scala:240)
[2024-02-26T18:24:30.762+0700] {subprocess.py:93} INFO - 	at org.apache.spark.sql.DataFrameWriter.parquet(DataFrameWriter.scala:792)
[2024-02-26T18:24:30.762+0700] {subprocess.py:93} INFO - 	at java.base/jdk.internal.reflect.NativeMethodAccessorImpl.invoke0(Native Method)
[2024-02-26T18:24:30.762+0700] {subprocess.py:93} INFO - 	at java.base/jdk.internal.reflect.NativeMethodAccessorImpl.invoke(NativeMethodAccessorImpl.java:62)
[2024-02-26T18:24:30.762+0700] {subprocess.py:93} INFO - 	at java.base/jdk.internal.reflect.DelegatingMethodAccessorImpl.invoke(DelegatingMethodAccessorImpl.java:43)
[2024-02-26T18:24:30.762+0700] {subprocess.py:93} INFO - 	at java.base/java.lang.reflect.Method.invoke(Method.java:566)
[2024-02-26T18:24:30.762+0700] {subprocess.py:93} INFO - 	at py4j.reflection.MethodInvoker.invoke(MethodInvoker.java:244)
[2024-02-26T18:24:30.762+0700] {subprocess.py:93} INFO - 	at py4j.reflection.ReflectionEngine.invoke(ReflectionEngine.java:374)
[2024-02-26T18:24:30.763+0700] {subprocess.py:93} INFO - 	at py4j.Gateway.invoke(Gateway.java:282)
[2024-02-26T18:24:30.763+0700] {subprocess.py:93} INFO - 	at py4j.commands.AbstractCommand.invokeMethod(AbstractCommand.java:132)
[2024-02-26T18:24:30.763+0700] {subprocess.py:93} INFO - 	at py4j.commands.CallCommand.execute(CallCommand.java:79)
[2024-02-26T18:24:30.763+0700] {subprocess.py:93} INFO - 	at py4j.ClientServerConnection.waitForCommands(ClientServerConnection.java:182)
[2024-02-26T18:24:30.763+0700] {subprocess.py:93} INFO - 	at py4j.ClientServerConnection.run(ClientServerConnection.java:106)
[2024-02-26T18:24:30.763+0700] {subprocess.py:93} INFO - 	at java.base/java.lang.Thread.run(Thread.java:829)
[2024-02-26T18:24:30.763+0700] {subprocess.py:93} INFO - Caused by: com.amazonaws.services.s3.model.AmazonS3Exception: The specified key does not exist. (Service: Amazon S3; Status Code: 404; Error Code: NoSuchKey; Request ID: PH6K5BWXF5JA8ZVZ; S3 Extended Request ID: z58u4tn8mDakrVMMcp7NOEoDGJfRAZO0sDoWyKvDAgGYuXBaSp4OXutmj8NCcJWcETnyC+tVhOA=; Proxy: null), S3 Extended Request ID: z58u4tn8mDakrVMMcp7NOEoDGJfRAZO0sDoWyKvDAgGYuXBaSp4OXutmj8NCcJWcETnyC+tVhOA=
[2024-02-26T18:24:30.763+0700] {subprocess.py:93} INFO - 	at com.amazonaws.http.AmazonHttpClient$RequestExecutor.handleErrorResponse(AmazonHttpClient.java:1819)
[2024-02-26T18:24:30.763+0700] {subprocess.py:93} INFO - 	at com.amazonaws.http.AmazonHttpClient$RequestExecutor.handleServiceErrorResponse(AmazonHttpClient.java:1403)
[2024-02-26T18:24:30.763+0700] {subprocess.py:93} INFO - 	at com.amazonaws.http.AmazonHttpClient$RequestExecutor.executeOneRequest(AmazonHttpClient.java:1372)
[2024-02-26T18:24:30.763+0700] {subprocess.py:93} INFO - 	at com.amazonaws.http.AmazonHttpClient$RequestExecutor.executeHelper(AmazonHttpClient.java:1145)
[2024-02-26T18:24:30.764+0700] {subprocess.py:93} INFO - 	at com.amazonaws.http.AmazonHttpClient$RequestExecutor.doExecute(AmazonHttpClient.java:802)
[2024-02-26T18:24:30.764+0700] {subprocess.py:93} INFO - 	at com.amazonaws.http.AmazonHttpClient$RequestExecutor.executeWithTimer(AmazonHttpClient.java:770)
[2024-02-26T18:24:30.764+0700] {subprocess.py:93} INFO - 	at com.amazonaws.http.AmazonHttpClient$RequestExecutor.execute(AmazonHttpClient.java:744)
[2024-02-26T18:24:30.764+0700] {subprocess.py:93} INFO - 	at com.amazonaws.http.AmazonHttpClient$RequestExecutor.access$500(AmazonHttpClient.java:704)
[2024-02-26T18:24:30.764+0700] {subprocess.py:93} INFO - 	at com.amazonaws.http.AmazonHttpClient$RequestExecutionBuilderImpl.execute(AmazonHttpClient.java:686)
[2024-02-26T18:24:30.764+0700] {subprocess.py:93} INFO - 	at com.amazonaws.http.AmazonHttpClient.execute(AmazonHttpClient.java:550)
[2024-02-26T18:24:30.764+0700] {subprocess.py:93} INFO - 	at com.amazonaws.http.AmazonHttpClient.execute(AmazonHttpClient.java:530)
[2024-02-26T18:24:30.764+0700] {subprocess.py:93} INFO - 	at com.amazonaws.services.s3.AmazonS3Client.invoke(AmazonS3Client.java:5437)
[2024-02-26T18:24:30.764+0700] {subprocess.py:93} INFO - 	at com.amazonaws.services.s3.AmazonS3Client.invoke(AmazonS3Client.java:5384)
[2024-02-26T18:24:30.764+0700] {subprocess.py:93} INFO - 	at com.amazonaws.services.s3.AmazonS3Client.copyObject(AmazonS3Client.java:2073)
[2024-02-26T18:24:30.764+0700] {subprocess.py:93} INFO - 	at com.amazonaws.services.s3.transfer.internal.CopyCallable.copyInOneChunk(CopyCallable.java:145)
[2024-02-26T18:24:30.765+0700] {subprocess.py:93} INFO - 	at com.amazonaws.services.s3.transfer.internal.CopyCallable.call(CopyCallable.java:133)
[2024-02-26T18:24:30.765+0700] {subprocess.py:93} INFO - 	at com.amazonaws.services.s3.transfer.internal.CopyMonitor.call(CopyMonitor.java:132)
[2024-02-26T18:24:30.765+0700] {subprocess.py:93} INFO - 	at com.amazonaws.services.s3.transfer.internal.CopyMonitor.call(CopyMonitor.java:43)
[2024-02-26T18:24:30.765+0700] {subprocess.py:93} INFO - 	at java.base/java.util.concurrent.FutureTask.run(FutureTask.java:264)
[2024-02-26T18:24:30.765+0700] {subprocess.py:93} INFO - 	at java.base/java.util.concurrent.ThreadPoolExecutor.runWorker(ThreadPoolExecutor.java:1128)
[2024-02-26T18:24:30.765+0700] {subprocess.py:93} INFO - 	at java.base/java.util.concurrent.ThreadPoolExecutor$Worker.run(ThreadPoolExecutor.java:628)
[2024-02-26T18:24:30.765+0700] {subprocess.py:93} INFO - 	... 1 more
[2024-02-26T18:24:35.595+0700] {subprocess.py:93} INFO - Traceback (most recent call last):
[2024-02-26T18:24:35.595+0700] {subprocess.py:93} INFO -   File "/home/nhut/etl-***/pipeline/spark_ingestion_to_s3.py", line 28, in <module>
[2024-02-26T18:24:35.595+0700] {subprocess.py:93} INFO -     extract_data()
[2024-02-26T18:24:35.596+0700] {subprocess.py:93} INFO -   File "/home/nhut/etl-***/pipeline/spark_ingestion_to_s3.py", line 25, in extract_data
[2024-02-26T18:24:35.596+0700] {subprocess.py:93} INFO -     df.coalesce(1).write.mode("overwrite").parquet("s3a://olistsalesbucket/" + name_file + ".parquet")
[2024-02-26T18:24:35.596+0700] {subprocess.py:93} INFO -   File "/home/nhut/etl-***/.venv/lib/python3.10/site-packages/pyspark/sql/readwriter.py", line 1721, in parquet
[2024-02-26T18:24:35.596+0700] {subprocess.py:93} INFO -     self._jwrite.parquet(path)
[2024-02-26T18:24:35.596+0700] {subprocess.py:93} INFO -   File "/home/nhut/etl-***/.venv/lib/python3.10/site-packages/py4j/java_gateway.py", line 1322, in __call__
[2024-02-26T18:24:35.596+0700] {subprocess.py:93} INFO -     return_value = get_return_value(
[2024-02-26T18:24:35.597+0700] {subprocess.py:93} INFO -   File "/home/nhut/etl-***/.venv/lib/python3.10/site-packages/pyspark/errors/exceptions/captured.py", line 179, in deco
[2024-02-26T18:24:35.597+0700] {subprocess.py:93} INFO -     return f(*a, **kw)
[2024-02-26T18:24:35.597+0700] {subprocess.py:93} INFO -   File "/home/nhut/etl-***/.venv/lib/python3.10/site-packages/py4j/protocol.py", line 326, in get_return_value
[2024-02-26T18:24:35.597+0700] {subprocess.py:93} INFO -     raise Py4JJavaError(
[2024-02-26T18:24:35.641+0700] {subprocess.py:93} INFO - py4j.protocol.Py4JJavaError: An error occurred while calling o41.parquet.
[2024-02-26T18:24:35.642+0700] {subprocess.py:93} INFO - : java.io.FileNotFoundException: copyFile(olist_order_items_dataset.parquet/_temporary/0/task_202402261824072312125140619319101_0001_m_000000/part-00000-a18f5149-05a9-455e-9633-8800122102a6-c000.snappy.parquet, olist_order_items_dataset.parquet/part-00000-a18f5149-05a9-455e-9633-8800122102a6-c000.snappy.parquet) on olist_order_items_dataset.parquet/_temporary/0/task_202402261824072312125140619319101_0001_m_000000/part-00000-a18f5149-05a9-455e-9633-8800122102a6-c000.snappy.parquet: com.amazonaws.services.s3.model.AmazonS3Exception: The specified key does not exist. (Service: Amazon S3; Status Code: 404; Error Code: NoSuchKey; Request ID: PH6K5BWXF5JA8ZVZ; S3 Extended Request ID: z58u4tn8mDakrVMMcp7NOEoDGJfRAZO0sDoWyKvDAgGYuXBaSp4OXutmj8NCcJWcETnyC+tVhOA=; Proxy: null), S3 Extended Request ID: z58u4tn8mDakrVMMcp7NOEoDGJfRAZO0sDoWyKvDAgGYuXBaSp4OXutmj8NCcJWcETnyC+tVhOA=:NoSuchKey
[2024-02-26T18:24:35.642+0700] {subprocess.py:93} INFO - 	at org.apache.hadoop.fs.s3a.S3AUtils.translateException(S3AUtils.java:266)
[2024-02-26T18:24:35.642+0700] {subprocess.py:93} INFO - 	at org.apache.hadoop.fs.s3a.Invoker.once(Invoker.java:119)
[2024-02-26T18:24:35.642+0700] {subprocess.py:93} INFO - 	at org.apache.hadoop.fs.s3a.Invoker.lambda$retry$4(Invoker.java:322)
[2024-02-26T18:24:35.642+0700] {subprocess.py:93} INFO - 	at org.apache.hadoop.fs.s3a.Invoker.retryUntranslated(Invoker.java:414)
[2024-02-26T18:24:35.642+0700] {subprocess.py:93} INFO - 	at org.apache.hadoop.fs.s3a.Invoker.retry(Invoker.java:318)
[2024-02-26T18:24:35.642+0700] {subprocess.py:93} INFO - 	at org.apache.hadoop.fs.s3a.Invoker.retry(Invoker.java:293)
[2024-02-26T18:24:35.642+0700] {subprocess.py:93} INFO - 	at org.apache.hadoop.fs.s3a.S3AFileSystem.copyFile(S3AFileSystem.java:4308)
[2024-02-26T18:24:35.642+0700] {subprocess.py:93} INFO - 	at org.apache.hadoop.fs.s3a.S3AFileSystem.access$1200(S3AFileSystem.java:259)
[2024-02-26T18:24:35.643+0700] {subprocess.py:93} INFO - 	at org.apache.hadoop.fs.s3a.S3AFileSystem$OperationCallbacksImpl.copyFile(S3AFileSystem.java:2084)
[2024-02-26T18:24:35.643+0700] {subprocess.py:93} INFO - 	at org.apache.hadoop.fs.s3a.impl.RenameOperation.copySourceAndUpdateTracker(RenameOperation.java:638)
[2024-02-26T18:24:35.643+0700] {subprocess.py:93} INFO - 	at org.apache.hadoop.fs.s3a.impl.RenameOperation.renameFileToDest(RenameOperation.java:365)
[2024-02-26T18:24:35.643+0700] {subprocess.py:93} INFO - 	at org.apache.hadoop.fs.s3a.impl.RenameOperation.execute(RenameOperation.java:310)
[2024-02-26T18:24:35.643+0700] {subprocess.py:93} INFO - 	at org.apache.hadoop.fs.s3a.S3AFileSystem.innerRename(S3AFileSystem.java:1999)
[2024-02-26T18:24:35.643+0700] {subprocess.py:93} INFO - 	at org.apache.hadoop.fs.s3a.S3AFileSystem.lambda$rename$7(S3AFileSystem.java:1846)
[2024-02-26T18:24:35.643+0700] {subprocess.py:93} INFO - 	at org.apache.hadoop.fs.statistics.impl.IOStatisticsBinding.lambda$trackDurationOfOperation$5(IOStatisticsBinding.java:499)
[2024-02-26T18:24:35.643+0700] {subprocess.py:93} INFO - 	at org.apache.hadoop.fs.statistics.impl.IOStatisticsBinding.trackDuration(IOStatisticsBinding.java:444)
[2024-02-26T18:24:35.643+0700] {subprocess.py:93} INFO - 	at org.apache.hadoop.fs.s3a.S3AFileSystem.trackDurationAndSpan(S3AFileSystem.java:2337)
[2024-02-26T18:24:35.643+0700] {subprocess.py:93} INFO - 	at org.apache.hadoop.fs.s3a.S3AFileSystem.rename(S3AFileSystem.java:1844)
[2024-02-26T18:24:35.644+0700] {subprocess.py:93} INFO - 	at org.apache.hadoop.mapreduce.lib.output.FileOutputCommitter.mergePaths(FileOutputCommitter.java:476)
[2024-02-26T18:24:35.644+0700] {subprocess.py:93} INFO - 	at org.apache.hadoop.mapreduce.lib.output.FileOutputCommitter.mergePaths(FileOutputCommitter.java:490)
[2024-02-26T18:24:35.644+0700] {subprocess.py:93} INFO - 	at org.apache.hadoop.mapreduce.lib.output.FileOutputCommitter.commitJobInternal(FileOutputCommitter.java:405)
[2024-02-26T18:24:35.644+0700] {subprocess.py:93} INFO - 	at org.apache.hadoop.mapreduce.lib.output.FileOutputCommitter.commitJob(FileOutputCommitter.java:377)
[2024-02-26T18:24:35.644+0700] {subprocess.py:93} INFO - 	at org.apache.parquet.hadoop.ParquetOutputCommitter.commitJob(ParquetOutputCommitter.java:48)
[2024-02-26T18:24:35.644+0700] {subprocess.py:93} INFO - 	at org.apache.spark.internal.io.HadoopMapReduceCommitProtocol.commitJob(HadoopMapReduceCommitProtocol.scala:192)
[2024-02-26T18:24:35.644+0700] {subprocess.py:93} INFO - 	at org.apache.spark.sql.execution.datasources.FileFormatWriter$.$anonfun$writeAndCommit$3(FileFormatWriter.scala:275)
[2024-02-26T18:24:35.644+0700] {subprocess.py:93} INFO - 	at scala.runtime.java8.JFunction0$mcV$sp.apply(JFunction0$mcV$sp.java:23)
[2024-02-26T18:24:35.644+0700] {subprocess.py:93} INFO - 	at org.apache.spark.util.Utils$.timeTakenMs(Utils.scala:552)
[2024-02-26T18:24:35.645+0700] {subprocess.py:93} INFO - 	at org.apache.spark.sql.execution.datasources.FileFormatWriter$.writeAndCommit(FileFormatWriter.scala:275)
[2024-02-26T18:24:35.645+0700] {subprocess.py:93} INFO - 	at org.apache.spark.sql.execution.datasources.FileFormatWriter$.executeWrite(FileFormatWriter.scala:304)
[2024-02-26T18:24:35.645+0700] {subprocess.py:93} INFO - 	at org.apache.spark.sql.execution.datasources.FileFormatWriter$.write(FileFormatWriter.scala:190)
[2024-02-26T18:24:35.645+0700] {subprocess.py:93} INFO - 	at org.apache.spark.sql.execution.datasources.InsertIntoHadoopFsRelationCommand.run(InsertIntoHadoopFsRelationCommand.scala:190)
[2024-02-26T18:24:35.645+0700] {subprocess.py:93} INFO - 	at org.apache.spark.sql.execution.command.DataWritingCommandExec.sideEffectResult$lzycompute(commands.scala:113)
[2024-02-26T18:24:35.645+0700] {subprocess.py:93} INFO - 	at org.apache.spark.sql.execution.command.DataWritingCommandExec.sideEffectResult(commands.scala:111)
[2024-02-26T18:24:35.645+0700] {subprocess.py:93} INFO - 	at org.apache.spark.sql.execution.command.DataWritingCommandExec.executeCollect(commands.scala:125)
[2024-02-26T18:24:35.645+0700] {subprocess.py:93} INFO - 	at org.apache.spark.sql.execution.QueryExecution$$anonfun$eagerlyExecuteCommands$1.$anonfun$applyOrElse$1(QueryExecution.scala:107)
[2024-02-26T18:24:35.645+0700] {subprocess.py:93} INFO - 	at org.apache.spark.sql.execution.SQLExecution$.$anonfun$withNewExecutionId$6(SQLExecution.scala:125)
[2024-02-26T18:24:35.645+0700] {subprocess.py:93} INFO - 	at org.apache.spark.sql.execution.SQLExecution$.withSQLConfPropagated(SQLExecution.scala:201)
[2024-02-26T18:24:35.646+0700] {subprocess.py:93} INFO - 	at org.apache.spark.sql.execution.SQLExecution$.$anonfun$withNewExecutionId$1(SQLExecution.scala:108)
[2024-02-26T18:24:35.646+0700] {subprocess.py:93} INFO - 	at org.apache.spark.sql.SparkSession.withActive(SparkSession.scala:900)
[2024-02-26T18:24:35.646+0700] {subprocess.py:93} INFO - 	at org.apache.spark.sql.execution.SQLExecution$.withNewExecutionId(SQLExecution.scala:66)
[2024-02-26T18:24:35.646+0700] {subprocess.py:93} INFO - 	at org.apache.spark.sql.execution.QueryExecution$$anonfun$eagerlyExecuteCommands$1.applyOrElse(QueryExecution.scala:107)
[2024-02-26T18:24:35.646+0700] {subprocess.py:93} INFO - 	at org.apache.spark.sql.execution.QueryExecution$$anonfun$eagerlyExecuteCommands$1.applyOrElse(QueryExecution.scala:98)
[2024-02-26T18:24:35.646+0700] {subprocess.py:93} INFO - 	at org.apache.spark.sql.catalyst.trees.TreeNode.$anonfun$transformDownWithPruning$1(TreeNode.scala:461)
[2024-02-26T18:24:35.646+0700] {subprocess.py:93} INFO - 	at org.apache.spark.sql.catalyst.trees.CurrentOrigin$.withOrigin(origin.scala:76)
[2024-02-26T18:24:35.646+0700] {subprocess.py:93} INFO - 	at org.apache.spark.sql.catalyst.trees.TreeNode.transformDownWithPruning(TreeNode.scala:461)
[2024-02-26T18:24:35.646+0700] {subprocess.py:93} INFO - 	at org.apache.spark.sql.catalyst.plans.logical.LogicalPlan.org$apache$spark$sql$catalyst$plans$logical$AnalysisHelper$$super$transformDownWithPruning(LogicalPlan.scala:32)
[2024-02-26T18:24:35.646+0700] {subprocess.py:93} INFO - 	at org.apache.spark.sql.catalyst.plans.logical.AnalysisHelper.transformDownWithPruning(AnalysisHelper.scala:267)
[2024-02-26T18:24:35.646+0700] {subprocess.py:93} INFO - 	at org.apache.spark.sql.catalyst.plans.logical.AnalysisHelper.transformDownWithPruning$(AnalysisHelper.scala:263)
[2024-02-26T18:24:35.647+0700] {subprocess.py:93} INFO - 	at org.apache.spark.sql.catalyst.plans.logical.LogicalPlan.transformDownWithPruning(LogicalPlan.scala:32)
[2024-02-26T18:24:35.647+0700] {subprocess.py:93} INFO - 	at org.apache.spark.sql.catalyst.plans.logical.LogicalPlan.transformDownWithPruning(LogicalPlan.scala:32)
[2024-02-26T18:24:35.647+0700] {subprocess.py:93} INFO - 	at org.apache.spark.sql.catalyst.trees.TreeNode.transformDown(TreeNode.scala:437)
[2024-02-26T18:24:35.647+0700] {subprocess.py:93} INFO - 	at org.apache.spark.sql.execution.QueryExecution.eagerlyExecuteCommands(QueryExecution.scala:98)
[2024-02-26T18:24:35.647+0700] {subprocess.py:93} INFO - 	at org.apache.spark.sql.execution.QueryExecution.commandExecuted$lzycompute(QueryExecution.scala:85)
[2024-02-26T18:24:35.647+0700] {subprocess.py:93} INFO - 	at org.apache.spark.sql.execution.QueryExecution.commandExecuted(QueryExecution.scala:83)
[2024-02-26T18:24:35.647+0700] {subprocess.py:93} INFO - 	at org.apache.spark.sql.execution.QueryExecution.assertCommandExecuted(QueryExecution.scala:142)
[2024-02-26T18:24:35.647+0700] {subprocess.py:93} INFO - 	at org.apache.spark.sql.DataFrameWriter.runCommand(DataFrameWriter.scala:859)
[2024-02-26T18:24:35.647+0700] {subprocess.py:93} INFO - 	at org.apache.spark.sql.DataFrameWriter.saveToV1Source(DataFrameWriter.scala:388)
[2024-02-26T18:24:35.647+0700] {subprocess.py:93} INFO - 	at org.apache.spark.sql.DataFrameWriter.saveInternal(DataFrameWriter.scala:361)
[2024-02-26T18:24:35.647+0700] {subprocess.py:93} INFO - 	at org.apache.spark.sql.DataFrameWriter.save(DataFrameWriter.scala:240)
[2024-02-26T18:24:35.648+0700] {subprocess.py:93} INFO - 	at org.apache.spark.sql.DataFrameWriter.parquet(DataFrameWriter.scala:792)
[2024-02-26T18:24:35.648+0700] {subprocess.py:93} INFO - 	at java.base/jdk.internal.reflect.NativeMethodAccessorImpl.invoke0(Native Method)
[2024-02-26T18:24:35.648+0700] {subprocess.py:93} INFO - 	at java.base/jdk.internal.reflect.NativeMethodAccessorImpl.invoke(NativeMethodAccessorImpl.java:62)
[2024-02-26T18:24:35.648+0700] {subprocess.py:93} INFO - 	at java.base/jdk.internal.reflect.DelegatingMethodAccessorImpl.invoke(DelegatingMethodAccessorImpl.java:43)
[2024-02-26T18:24:35.648+0700] {subprocess.py:93} INFO - 	at java.base/java.lang.reflect.Method.invoke(Method.java:566)
[2024-02-26T18:24:35.648+0700] {subprocess.py:93} INFO - 	at py4j.reflection.MethodInvoker.invoke(MethodInvoker.java:244)
[2024-02-26T18:24:35.648+0700] {subprocess.py:93} INFO - 	at py4j.reflection.ReflectionEngine.invoke(ReflectionEngine.java:374)
[2024-02-26T18:24:35.648+0700] {subprocess.py:93} INFO - 	at py4j.Gateway.invoke(Gateway.java:282)
[2024-02-26T18:24:35.648+0700] {subprocess.py:93} INFO - 	at py4j.commands.AbstractCommand.invokeMethod(AbstractCommand.java:132)
[2024-02-26T18:24:35.648+0700] {subprocess.py:93} INFO - 	at py4j.commands.CallCommand.execute(CallCommand.java:79)
[2024-02-26T18:24:35.648+0700] {subprocess.py:93} INFO - 	at py4j.ClientServerConnection.waitForCommands(ClientServerConnection.java:182)
[2024-02-26T18:24:35.649+0700] {subprocess.py:93} INFO - 	at py4j.ClientServerConnection.run(ClientServerConnection.java:106)
[2024-02-26T18:24:35.649+0700] {subprocess.py:93} INFO - 	at java.base/java.lang.Thread.run(Thread.java:829)
[2024-02-26T18:24:35.649+0700] {subprocess.py:93} INFO - Caused by: com.amazonaws.services.s3.model.AmazonS3Exception: The specified key does not exist. (Service: Amazon S3; Status Code: 404; Error Code: NoSuchKey; Request ID: PH6K5BWXF5JA8ZVZ; S3 Extended Request ID: z58u4tn8mDakrVMMcp7NOEoDGJfRAZO0sDoWyKvDAgGYuXBaSp4OXutmj8NCcJWcETnyC+tVhOA=; Proxy: null), S3 Extended Request ID: z58u4tn8mDakrVMMcp7NOEoDGJfRAZO0sDoWyKvDAgGYuXBaSp4OXutmj8NCcJWcETnyC+tVhOA=
[2024-02-26T18:24:35.649+0700] {subprocess.py:93} INFO - 	at com.amazonaws.http.AmazonHttpClient$RequestExecutor.handleErrorResponse(AmazonHttpClient.java:1819)
[2024-02-26T18:24:35.649+0700] {subprocess.py:93} INFO - 	at com.amazonaws.http.AmazonHttpClient$RequestExecutor.handleServiceErrorResponse(AmazonHttpClient.java:1403)
[2024-02-26T18:24:35.649+0700] {subprocess.py:93} INFO - 	at com.amazonaws.http.AmazonHttpClient$RequestExecutor.executeOneRequest(AmazonHttpClient.java:1372)
[2024-02-26T18:24:35.649+0700] {subprocess.py:93} INFO - 	at com.amazonaws.http.AmazonHttpClient$RequestExecutor.executeHelper(AmazonHttpClient.java:1145)
[2024-02-26T18:24:35.649+0700] {subprocess.py:93} INFO - 	at com.amazonaws.http.AmazonHttpClient$RequestExecutor.doExecute(AmazonHttpClient.java:802)
[2024-02-26T18:24:35.649+0700] {subprocess.py:93} INFO - 	at com.amazonaws.http.AmazonHttpClient$RequestExecutor.executeWithTimer(AmazonHttpClient.java:770)
[2024-02-26T18:24:35.649+0700] {subprocess.py:93} INFO - 	at com.amazonaws.http.AmazonHttpClient$RequestExecutor.execute(AmazonHttpClient.java:744)
[2024-02-26T18:24:35.650+0700] {subprocess.py:93} INFO - 	at com.amazonaws.http.AmazonHttpClient$RequestExecutor.access$500(AmazonHttpClient.java:704)
[2024-02-26T18:24:35.650+0700] {subprocess.py:93} INFO - 	at com.amazonaws.http.AmazonHttpClient$RequestExecutionBuilderImpl.execute(AmazonHttpClient.java:686)
[2024-02-26T18:24:35.650+0700] {subprocess.py:93} INFO - 	at com.amazonaws.http.AmazonHttpClient.execute(AmazonHttpClient.java:550)
[2024-02-26T18:24:35.650+0700] {subprocess.py:93} INFO - 	at com.amazonaws.http.AmazonHttpClient.execute(AmazonHttpClient.java:530)
[2024-02-26T18:24:35.650+0700] {subprocess.py:93} INFO - 	at com.amazonaws.services.s3.AmazonS3Client.invoke(AmazonS3Client.java:5437)
[2024-02-26T18:24:35.650+0700] {subprocess.py:93} INFO - 	at com.amazonaws.services.s3.AmazonS3Client.invoke(AmazonS3Client.java:5384)
[2024-02-26T18:24:35.650+0700] {subprocess.py:93} INFO - 	at com.amazonaws.services.s3.AmazonS3Client.copyObject(AmazonS3Client.java:2073)
[2024-02-26T18:24:35.650+0700] {subprocess.py:93} INFO - 	at com.amazonaws.services.s3.transfer.internal.CopyCallable.copyInOneChunk(CopyCallable.java:145)
[2024-02-26T18:24:35.650+0700] {subprocess.py:93} INFO - 	at com.amazonaws.services.s3.transfer.internal.CopyCallable.call(CopyCallable.java:133)
[2024-02-26T18:24:35.650+0700] {subprocess.py:93} INFO - 	at com.amazonaws.services.s3.transfer.internal.CopyMonitor.call(CopyMonitor.java:132)
[2024-02-26T18:24:35.650+0700] {subprocess.py:93} INFO - 	at com.amazonaws.services.s3.transfer.internal.CopyMonitor.call(CopyMonitor.java:43)
[2024-02-26T18:24:35.651+0700] {subprocess.py:93} INFO - 	at java.base/java.util.concurrent.FutureTask.run(FutureTask.java:264)
[2024-02-26T18:24:35.651+0700] {subprocess.py:93} INFO - 	at java.base/java.util.concurrent.ThreadPoolExecutor.runWorker(ThreadPoolExecutor.java:1128)
[2024-02-26T18:24:35.651+0700] {subprocess.py:93} INFO - 	at java.base/java.util.concurrent.ThreadPoolExecutor$Worker.run(ThreadPoolExecutor.java:628)
[2024-02-26T18:24:35.651+0700] {subprocess.py:93} INFO - 	... 1 more
[2024-02-26T18:24:35.651+0700] {subprocess.py:93} INFO - 
[2024-02-26T18:24:36.093+0700] {subprocess.py:97} INFO - Command exited with return code 1
[2024-02-26T18:24:36.122+0700] {taskinstance.py:2698} ERROR - Task failed with exception
Traceback (most recent call last):
  File "/home/nhut/etl-airflow/.venv/lib/python3.10/site-packages/airflow/models/taskinstance.py", line 433, in _execute_task
    result = execute_callable(context=context, **execute_callable_kwargs)
  File "/home/nhut/etl-airflow/.venv/lib/python3.10/site-packages/airflow/operators/bash.py", line 212, in execute
    raise AirflowException(
airflow.exceptions.AirflowException: Bash command failed. The command returned a non-zero exit code 1.
[2024-02-26T18:24:36.125+0700] {taskinstance.py:1138} INFO - Marking task as FAILED. dag_id=missed_deadline_job_dag, task_id=spark_ingestion_to_s3, execution_date=20240226T092846, start_date=20240226T112329, end_date=20240226T112436
[2024-02-26T18:24:36.139+0700] {standard_task_runner.py:107} ERROR - Failed to execute job 68 for task spark_ingestion_to_s3 (Bash command failed. The command returned a non-zero exit code 1.; 22588)
[2024-02-26T18:24:36.182+0700] {local_task_job_runner.py:234} INFO - Task exited with return code 1
[2024-02-26T18:24:36.198+0700] {taskinstance.py:3280} INFO - 0 downstream tasks scheduled from follow-on schedule check
