[2024-02-27T14:47:57.947+0700] {taskinstance.py:1956} INFO - Dependencies all met for dep_context=non-requeueable deps ti=<TaskInstance: missed_deadline_job_dag.spark_load_data_to_postgresql manual__2024-02-27T07:38:24.396245+00:00 [queued]>
[2024-02-27T14:47:57.954+0700] {taskinstance.py:1956} INFO - Dependencies all met for dep_context=requeueable deps ti=<TaskInstance: missed_deadline_job_dag.spark_load_data_to_postgresql manual__2024-02-27T07:38:24.396245+00:00 [queued]>
[2024-02-27T14:47:57.954+0700] {taskinstance.py:2170} INFO - Starting attempt 1 of 1
[2024-02-27T14:47:57.966+0700] {taskinstance.py:2191} INFO - Executing <Task(BashOperator): spark_load_data_to_postgresql> on 2024-02-27 07:38:24.396245+00:00
[2024-02-27T14:47:57.968+0700] {standard_task_runner.py:60} INFO - Started process 87506 to run task
[2024-02-27T14:47:57.971+0700] {standard_task_runner.py:87} INFO - Running: ['***', 'tasks', 'run', 'missed_deadline_job_dag', 'spark_load_data_to_postgresql', 'manual__2024-02-27T07:38:24.396245+00:00', '--job-id', '169', '--raw', '--subdir', 'DAGS_FOLDER/missed_deadlinee_dag.py', '--cfg-path', '/tmp/tmpua9dmaig']
[2024-02-27T14:47:57.972+0700] {standard_task_runner.py:88} INFO - Job 169: Subtask spark_load_data_to_postgresql
[2024-02-27T14:47:58.029+0700] {task_command.py:423} INFO - Running <TaskInstance: missed_deadline_job_dag.spark_load_data_to_postgresql manual__2024-02-27T07:38:24.396245+00:00 [running]> on host MinhNhut.
[2024-02-27T14:47:58.123+0700] {taskinstance.py:2480} INFO - Exporting env vars: AIRFLOW_CTX_DAG_OWNER='***' AIRFLOW_CTX_DAG_ID='missed_deadline_job_dag' AIRFLOW_CTX_TASK_ID='spark_load_data_to_postgresql' AIRFLOW_CTX_EXECUTION_DATE='2024-02-27T07:38:24.396245+00:00' AIRFLOW_CTX_TRY_NUMBER='1' AIRFLOW_CTX_DAG_RUN_ID='manual__2024-02-27T07:38:24.396245+00:00'
[2024-02-27T14:47:58.124+0700] {subprocess.py:63} INFO - Tmp dir root location: /tmp
[2024-02-27T14:47:58.124+0700] {subprocess.py:75} INFO - Running command: ['/usr/bin/bash', '-c', 'python /home/nhut/etl-***/pipeline/spark_load_data_to_posgres.py']
[2024-02-27T14:47:58.128+0700] {subprocess.py:86} INFO - Output:
[2024-02-27T14:47:59.756+0700] {subprocess.py:93} INFO - 24/02/27 14:47:59 WARN Utils: Your hostname, MinhNhut resolves to a loopback address: 127.0.1.1; using 172.28.89.67 instead (on interface eth0)
[2024-02-27T14:47:59.766+0700] {subprocess.py:93} INFO - 24/02/27 14:47:59 WARN Utils: Set SPARK_LOCAL_IP if you need to bind to another address
[2024-02-27T14:48:09.947+0700] {subprocess.py:93} INFO - :: loading settings :: url = jar:file:/home/nhut/etl-***/.venv/lib/python3.10/site-packages/pyspark/jars/ivy-2.5.1.jar!/org/apache/ivy/core/settings/ivysettings.xml
[2024-02-27T14:48:10.030+0700] {subprocess.py:93} INFO - Ivy Default Cache set to: /home/nhut/.ivy2/cache
[2024-02-27T14:48:10.030+0700] {subprocess.py:93} INFO - The jars for the packages stored in: /home/nhut/.ivy2/jars
[2024-02-27T14:48:10.035+0700] {subprocess.py:93} INFO - org.apache.hadoop#hadoop-aws added as a dependency
[2024-02-27T14:48:10.036+0700] {subprocess.py:93} INFO - :: resolving dependencies :: org.apache.spark#spark-submit-parent-cae50026-9133-4d93-8da0-48e3ab472d65;1.0
[2024-02-27T14:48:10.036+0700] {subprocess.py:93} INFO - 	confs: [default]
[2024-02-27T14:48:10.163+0700] {subprocess.py:93} INFO - 	found org.apache.hadoop#hadoop-aws;3.3.2 in spark-list
[2024-02-27T14:48:10.182+0700] {subprocess.py:93} INFO - 	found com.amazonaws#aws-java-sdk-bundle;1.11.1026 in spark-list
[2024-02-27T14:48:10.205+0700] {subprocess.py:93} INFO - 	found org.wildfly.openssl#wildfly-openssl;1.0.7.Final in central
[2024-02-27T14:48:10.227+0700] {subprocess.py:93} INFO - :: resolution report :: resolve 182ms :: artifacts dl 8ms
[2024-02-27T14:48:10.227+0700] {subprocess.py:93} INFO - 	:: modules in use:
[2024-02-27T14:48:10.227+0700] {subprocess.py:93} INFO - 	com.amazonaws#aws-java-sdk-bundle;1.11.1026 from spark-list in [default]
[2024-02-27T14:48:10.227+0700] {subprocess.py:93} INFO - 	org.apache.hadoop#hadoop-aws;3.3.2 from spark-list in [default]
[2024-02-27T14:48:10.227+0700] {subprocess.py:93} INFO - 	org.wildfly.openssl#wildfly-openssl;1.0.7.Final from central in [default]
[2024-02-27T14:48:10.228+0700] {subprocess.py:93} INFO - 	---------------------------------------------------------------------
[2024-02-27T14:48:10.228+0700] {subprocess.py:93} INFO - 	|                  |            modules            ||   artifacts   |
[2024-02-27T14:48:10.228+0700] {subprocess.py:93} INFO - 	|       conf       | number| search|dwnlded|evicted|| number|dwnlded|
[2024-02-27T14:48:10.228+0700] {subprocess.py:93} INFO - 	---------------------------------------------------------------------
[2024-02-27T14:48:10.228+0700] {subprocess.py:93} INFO - 	|      default     |   3   |   0   |   0   |   0   ||   3   |   0   |
[2024-02-27T14:48:10.228+0700] {subprocess.py:93} INFO - 	---------------------------------------------------------------------
[2024-02-27T14:48:10.230+0700] {subprocess.py:93} INFO - :: retrieving :: org.apache.spark#spark-submit-parent-cae50026-9133-4d93-8da0-48e3ab472d65
[2024-02-27T14:48:10.230+0700] {subprocess.py:93} INFO - 	confs: [default]
[2024-02-27T14:48:10.236+0700] {subprocess.py:93} INFO - 	0 artifacts copied, 3 already retrieved (0kB/5ms)
[2024-02-27T14:48:10.433+0700] {subprocess.py:93} INFO - 24/02/27 14:48:10 WARN NativeCodeLoader: Unable to load native-hadoop library for your platform... using builtin-java classes where applicable
[2024-02-27T14:48:10.667+0700] {subprocess.py:93} INFO - Setting default log level to "WARN".
[2024-02-27T14:48:10.667+0700] {subprocess.py:93} INFO - To adjust logging level use sc.setLogLevel(newLevel). For SparkR, use setLogLevel(newLevel).
[2024-02-27T14:48:14.159+0700] {subprocess.py:93} INFO - 24/02/27 14:48:14 WARN MetricsConfig: Cannot locate configuration: tried hadoop-metrics2-s3a-file-system.properties,hadoop-metrics2.properties
[2024-02-27T14:48:20.794+0700] {subprocess.py:93} INFO - [Stage 0:>                                                          (0 + 1) / 1]                                                                                DataFrame[order_id: string, seller_id: string, shipping_limit_date: string, price: string, freight_value: string, product_id: string, product_category_name: string, customer_id: string, order_status: string, order_purchase_timestamp: string, order_delivered_carrier_date: string, order_delivered_customer_date: string, order_estimated_delivery_date: string]
[2024-02-27T14:48:20.794+0700] {subprocess.py:93} INFO - Traceback (most recent call last):
[2024-02-27T14:48:20.795+0700] {subprocess.py:93} INFO -   File "/home/nhut/etl-***/pipeline/spark_load_data_to_posgres.py", line 17, in <module>
[2024-02-27T14:48:20.795+0700] {subprocess.py:93} INFO -     load_data()
[2024-02-27T14:48:20.795+0700] {subprocess.py:93} INFO -   File "/home/nhut/etl-***/pipeline/spark_load_data_to_posgres.py", line 13, in load_data
[2024-02-27T14:48:20.795+0700] {subprocess.py:93} INFO -     .option("user", "***_psql").option("password", "***").mode("overwrite").save()
[2024-02-27T14:48:20.796+0700] {subprocess.py:93} INFO -   File "/home/nhut/etl-***/.venv/lib/python3.10/site-packages/pyspark/sql/readwriter.py", line 1461, in save
[2024-02-27T14:48:20.796+0700] {subprocess.py:93} INFO -     self._jwrite.save()
[2024-02-27T14:48:20.796+0700] {subprocess.py:93} INFO -   File "/home/nhut/etl-***/.venv/lib/python3.10/site-packages/py4j/java_gateway.py", line 1322, in __call__
[2024-02-27T14:48:20.796+0700] {subprocess.py:93} INFO -     return_value = get_return_value(
[2024-02-27T14:48:20.796+0700] {subprocess.py:93} INFO -   File "/home/nhut/etl-***/.venv/lib/python3.10/site-packages/pyspark/errors/exceptions/captured.py", line 179, in deco
[2024-02-27T14:48:20.796+0700] {subprocess.py:93} INFO -     return f(*a, **kw)
[2024-02-27T14:48:20.796+0700] {subprocess.py:93} INFO -   File "/home/nhut/etl-***/.venv/lib/python3.10/site-packages/py4j/protocol.py", line 326, in get_return_value
[2024-02-27T14:48:20.796+0700] {subprocess.py:93} INFO -     raise Py4JJavaError(
[2024-02-27T14:48:20.797+0700] {subprocess.py:93} INFO - py4j.protocol.Py4JJavaError: An error occurred while calling o44.save.
[2024-02-27T14:48:20.797+0700] {subprocess.py:93} INFO - : java.lang.ClassNotFoundException: org.postgresql.Driver
[2024-02-27T14:48:20.797+0700] {subprocess.py:93} INFO - 	at java.base/java.net.URLClassLoader.findClass(URLClassLoader.java:476)
[2024-02-27T14:48:20.797+0700] {subprocess.py:93} INFO - 	at java.base/java.lang.ClassLoader.loadClass(ClassLoader.java:594)
[2024-02-27T14:48:20.797+0700] {subprocess.py:93} INFO - 	at java.base/java.lang.ClassLoader.loadClass(ClassLoader.java:527)
[2024-02-27T14:48:20.797+0700] {subprocess.py:93} INFO - 	at org.apache.spark.sql.execution.datasources.jdbc.DriverRegistry$.register(DriverRegistry.scala:46)
[2024-02-27T14:48:20.797+0700] {subprocess.py:93} INFO - 	at org.apache.spark.sql.execution.datasources.jdbc.JDBCOptions.$anonfun$driverClass$1(JDBCOptions.scala:103)
[2024-02-27T14:48:20.797+0700] {subprocess.py:93} INFO - 	at org.apache.spark.sql.execution.datasources.jdbc.JDBCOptions.$anonfun$driverClass$1$adapted(JDBCOptions.scala:103)
[2024-02-27T14:48:20.797+0700] {subprocess.py:93} INFO - 	at scala.Option.foreach(Option.scala:407)
[2024-02-27T14:48:20.798+0700] {subprocess.py:93} INFO - 	at org.apache.spark.sql.execution.datasources.jdbc.JDBCOptions.<init>(JDBCOptions.scala:103)
[2024-02-27T14:48:20.798+0700] {subprocess.py:93} INFO - 	at org.apache.spark.sql.execution.datasources.jdbc.JdbcOptionsInWrite.<init>(JDBCOptions.scala:254)
[2024-02-27T14:48:20.798+0700] {subprocess.py:93} INFO - 	at org.apache.spark.sql.execution.datasources.jdbc.JdbcOptionsInWrite.<init>(JDBCOptions.scala:258)
[2024-02-27T14:48:20.798+0700] {subprocess.py:93} INFO - 	at org.apache.spark.sql.execution.datasources.jdbc.JdbcRelationProvider.createRelation(JdbcRelationProvider.scala:47)
[2024-02-27T14:48:20.798+0700] {subprocess.py:93} INFO - 	at org.apache.spark.sql.execution.datasources.SaveIntoDataSourceCommand.run(SaveIntoDataSourceCommand.scala:48)
[2024-02-27T14:48:20.798+0700] {subprocess.py:93} INFO - 	at org.apache.spark.sql.execution.command.ExecutedCommandExec.sideEffectResult$lzycompute(commands.scala:75)
[2024-02-27T14:48:20.798+0700] {subprocess.py:93} INFO - 	at org.apache.spark.sql.execution.command.ExecutedCommandExec.sideEffectResult(commands.scala:73)
[2024-02-27T14:48:20.798+0700] {subprocess.py:93} INFO - 	at org.apache.spark.sql.execution.command.ExecutedCommandExec.executeCollect(commands.scala:84)
[2024-02-27T14:48:20.798+0700] {subprocess.py:93} INFO - 	at org.apache.spark.sql.execution.QueryExecution$$anonfun$eagerlyExecuteCommands$1.$anonfun$applyOrElse$1(QueryExecution.scala:107)
[2024-02-27T14:48:20.798+0700] {subprocess.py:93} INFO - 	at org.apache.spark.sql.execution.SQLExecution$.$anonfun$withNewExecutionId$6(SQLExecution.scala:125)
[2024-02-27T14:48:20.799+0700] {subprocess.py:93} INFO - 	at org.apache.spark.sql.execution.SQLExecution$.withSQLConfPropagated(SQLExecution.scala:201)
[2024-02-27T14:48:20.799+0700] {subprocess.py:93} INFO - 	at org.apache.spark.sql.execution.SQLExecution$.$anonfun$withNewExecutionId$1(SQLExecution.scala:108)
[2024-02-27T14:48:20.799+0700] {subprocess.py:93} INFO - 	at org.apache.spark.sql.SparkSession.withActive(SparkSession.scala:900)
[2024-02-27T14:48:20.799+0700] {subprocess.py:93} INFO - 	at org.apache.spark.sql.execution.SQLExecution$.withNewExecutionId(SQLExecution.scala:66)
[2024-02-27T14:48:20.799+0700] {subprocess.py:93} INFO - 	at org.apache.spark.sql.execution.QueryExecution$$anonfun$eagerlyExecuteCommands$1.applyOrElse(QueryExecution.scala:107)
[2024-02-27T14:48:20.799+0700] {subprocess.py:93} INFO - 	at org.apache.spark.sql.execution.QueryExecution$$anonfun$eagerlyExecuteCommands$1.applyOrElse(QueryExecution.scala:98)
[2024-02-27T14:48:20.799+0700] {subprocess.py:93} INFO - 	at org.apache.spark.sql.catalyst.trees.TreeNode.$anonfun$transformDownWithPruning$1(TreeNode.scala:461)
[2024-02-27T14:48:20.799+0700] {subprocess.py:93} INFO - 	at org.apache.spark.sql.catalyst.trees.CurrentOrigin$.withOrigin(origin.scala:76)
[2024-02-27T14:48:20.799+0700] {subprocess.py:93} INFO - 	at org.apache.spark.sql.catalyst.trees.TreeNode.transformDownWithPruning(TreeNode.scala:461)
[2024-02-27T14:48:20.799+0700] {subprocess.py:93} INFO - 	at org.apache.spark.sql.catalyst.plans.logical.LogicalPlan.org$apache$spark$sql$catalyst$plans$logical$AnalysisHelper$$super$transformDownWithPruning(LogicalPlan.scala:32)
[2024-02-27T14:48:20.799+0700] {subprocess.py:93} INFO - 	at org.apache.spark.sql.catalyst.plans.logical.AnalysisHelper.transformDownWithPruning(AnalysisHelper.scala:267)
[2024-02-27T14:48:20.800+0700] {subprocess.py:93} INFO - 	at org.apache.spark.sql.catalyst.plans.logical.AnalysisHelper.transformDownWithPruning$(AnalysisHelper.scala:263)
[2024-02-27T14:48:20.800+0700] {subprocess.py:93} INFO - 	at org.apache.spark.sql.catalyst.plans.logical.LogicalPlan.transformDownWithPruning(LogicalPlan.scala:32)
[2024-02-27T14:48:20.800+0700] {subprocess.py:93} INFO - 	at org.apache.spark.sql.catalyst.plans.logical.LogicalPlan.transformDownWithPruning(LogicalPlan.scala:32)
[2024-02-27T14:48:20.800+0700] {subprocess.py:93} INFO - 	at org.apache.spark.sql.catalyst.trees.TreeNode.transformDown(TreeNode.scala:437)
[2024-02-27T14:48:20.800+0700] {subprocess.py:93} INFO - 	at org.apache.spark.sql.execution.QueryExecution.eagerlyExecuteCommands(QueryExecution.scala:98)
[2024-02-27T14:48:20.800+0700] {subprocess.py:93} INFO - 	at org.apache.spark.sql.execution.QueryExecution.commandExecuted$lzycompute(QueryExecution.scala:85)
[2024-02-27T14:48:20.800+0700] {subprocess.py:93} INFO - 	at org.apache.spark.sql.execution.QueryExecution.commandExecuted(QueryExecution.scala:83)
[2024-02-27T14:48:20.800+0700] {subprocess.py:93} INFO - 	at org.apache.spark.sql.execution.QueryExecution.assertCommandExecuted(QueryExecution.scala:142)
[2024-02-27T14:48:20.800+0700] {subprocess.py:93} INFO - 	at org.apache.spark.sql.DataFrameWriter.runCommand(DataFrameWriter.scala:859)
[2024-02-27T14:48:20.800+0700] {subprocess.py:93} INFO - 	at org.apache.spark.sql.DataFrameWriter.saveToV1Source(DataFrameWriter.scala:388)
[2024-02-27T14:48:20.800+0700] {subprocess.py:93} INFO - 	at org.apache.spark.sql.DataFrameWriter.saveInternal(DataFrameWriter.scala:361)
[2024-02-27T14:48:20.801+0700] {subprocess.py:93} INFO - 	at org.apache.spark.sql.DataFrameWriter.save(DataFrameWriter.scala:248)
[2024-02-27T14:48:20.801+0700] {subprocess.py:93} INFO - 	at java.base/jdk.internal.reflect.NativeMethodAccessorImpl.invoke0(Native Method)
[2024-02-27T14:48:20.801+0700] {subprocess.py:93} INFO - 	at java.base/jdk.internal.reflect.NativeMethodAccessorImpl.invoke(NativeMethodAccessorImpl.java:62)
[2024-02-27T14:48:20.801+0700] {subprocess.py:93} INFO - 	at java.base/jdk.internal.reflect.DelegatingMethodAccessorImpl.invoke(DelegatingMethodAccessorImpl.java:43)
[2024-02-27T14:48:20.801+0700] {subprocess.py:93} INFO - 	at java.base/java.lang.reflect.Method.invoke(Method.java:566)
[2024-02-27T14:48:20.801+0700] {subprocess.py:93} INFO - 	at py4j.reflection.MethodInvoker.invoke(MethodInvoker.java:244)
[2024-02-27T14:48:20.801+0700] {subprocess.py:93} INFO - 	at py4j.reflection.ReflectionEngine.invoke(ReflectionEngine.java:374)
[2024-02-27T14:48:20.801+0700] {subprocess.py:93} INFO - 	at py4j.Gateway.invoke(Gateway.java:282)
[2024-02-27T14:48:20.801+0700] {subprocess.py:93} INFO - 	at py4j.commands.AbstractCommand.invokeMethod(AbstractCommand.java:132)
[2024-02-27T14:48:20.802+0700] {subprocess.py:93} INFO - 	at py4j.commands.CallCommand.execute(CallCommand.java:79)
[2024-02-27T14:48:20.802+0700] {subprocess.py:93} INFO - 	at py4j.ClientServerConnection.waitForCommands(ClientServerConnection.java:182)
[2024-02-27T14:48:20.802+0700] {subprocess.py:93} INFO - 	at py4j.ClientServerConnection.run(ClientServerConnection.java:106)
[2024-02-27T14:48:20.802+0700] {subprocess.py:93} INFO - 	at java.base/java.lang.Thread.run(Thread.java:829)
[2024-02-27T14:48:20.802+0700] {subprocess.py:93} INFO - 
[2024-02-27T14:48:21.253+0700] {subprocess.py:97} INFO - Command exited with return code 1
[2024-02-27T14:48:21.268+0700] {taskinstance.py:2698} ERROR - Task failed with exception
Traceback (most recent call last):
  File "/home/nhut/etl-airflow/.venv/lib/python3.10/site-packages/airflow/models/taskinstance.py", line 433, in _execute_task
    result = execute_callable(context=context, **execute_callable_kwargs)
  File "/home/nhut/etl-airflow/.venv/lib/python3.10/site-packages/airflow/operators/bash.py", line 212, in execute
    raise AirflowException(
airflow.exceptions.AirflowException: Bash command failed. The command returned a non-zero exit code 1.
[2024-02-27T14:48:21.270+0700] {taskinstance.py:1138} INFO - Marking task as FAILED. dag_id=missed_deadline_job_dag, task_id=spark_load_data_to_postgresql, execution_date=20240227T073824, start_date=20240227T074757, end_date=20240227T074821
[2024-02-27T14:48:21.283+0700] {standard_task_runner.py:107} ERROR - Failed to execute job 169 for task spark_load_data_to_postgresql (Bash command failed. The command returned a non-zero exit code 1.; 87506)
[2024-02-27T14:48:21.288+0700] {local_task_job_runner.py:234} INFO - Task exited with return code 1
[2024-02-27T14:48:21.306+0700] {taskinstance.py:3280} INFO - 0 downstream tasks scheduled from follow-on schedule check
