[2024-02-26T18:21:36.112+0700] {taskinstance.py:1956} INFO - Dependencies all met for dep_context=non-requeueable deps ti=<TaskInstance: missed_deadline_job_dag.spark_ingestion_to_s3 manual__2024-02-26T11:20:29.138176+00:00 [queued]>
[2024-02-26T18:21:36.118+0700] {taskinstance.py:1956} INFO - Dependencies all met for dep_context=requeueable deps ti=<TaskInstance: missed_deadline_job_dag.spark_ingestion_to_s3 manual__2024-02-26T11:20:29.138176+00:00 [queued]>
[2024-02-26T18:21:36.118+0700] {taskinstance.py:2170} INFO - Starting attempt 2 of 2
[2024-02-26T18:21:36.129+0700] {taskinstance.py:2191} INFO - Executing <Task(BashOperator): spark_ingestion_to_s3> on 2024-02-26 11:20:29.138176+00:00
[2024-02-26T18:21:36.131+0700] {standard_task_runner.py:60} INFO - Started process 21141 to run task
[2024-02-26T18:21:36.134+0700] {standard_task_runner.py:87} INFO - Running: ['***', 'tasks', 'run', 'missed_deadline_job_dag', 'spark_ingestion_to_s3', 'manual__2024-02-26T11:20:29.138176+00:00', '--job-id', '65', '--raw', '--subdir', 'DAGS_FOLDER/missed_deadlinee_dag.py', '--cfg-path', '/tmp/tmpjon02n2f']
[2024-02-26T18:21:36.135+0700] {standard_task_runner.py:88} INFO - Job 65: Subtask spark_ingestion_to_s3
[2024-02-26T18:21:36.186+0700] {task_command.py:423} INFO - Running <TaskInstance: missed_deadline_job_dag.spark_ingestion_to_s3 manual__2024-02-26T11:20:29.138176+00:00 [running]> on host MinhNhut.
[2024-02-26T18:21:36.259+0700] {taskinstance.py:2480} INFO - Exporting env vars: AIRFLOW_CTX_DAG_OWNER='***' AIRFLOW_CTX_DAG_ID='missed_deadline_job_dag' AIRFLOW_CTX_TASK_ID='spark_ingestion_to_s3' AIRFLOW_CTX_EXECUTION_DATE='2024-02-26T11:20:29.138176+00:00' AIRFLOW_CTX_TRY_NUMBER='2' AIRFLOW_CTX_DAG_RUN_ID='manual__2024-02-26T11:20:29.138176+00:00'
[2024-02-26T18:21:36.260+0700] {subprocess.py:63} INFO - Tmp dir root location: /tmp
[2024-02-26T18:21:36.261+0700] {subprocess.py:75} INFO - Running command: ['/usr/bin/bash', '-c', 'python /home/nhut/etl-***/pipeline/spark_ingestion_to_s3.py']
[2024-02-26T18:21:36.265+0700] {subprocess.py:86} INFO - Output:
[2024-02-26T18:21:38.367+0700] {subprocess.py:93} INFO - 24/02/26 18:21:38 WARN Utils: Your hostname, MinhNhut resolves to a loopback address: 127.0.1.1; using 172.28.89.67 instead (on interface eth0)
[2024-02-26T18:21:38.370+0700] {subprocess.py:93} INFO - 24/02/26 18:21:38 WARN Utils: Set SPARK_LOCAL_IP if you need to bind to another address
[2024-02-26T18:21:48.688+0700] {subprocess.py:93} INFO - :: loading settings :: url = jar:file:/home/nhut/etl-***/.venv/lib/python3.10/site-packages/pyspark/jars/ivy-2.5.1.jar!/org/apache/ivy/core/settings/ivysettings.xml
[2024-02-26T18:21:48.784+0700] {subprocess.py:93} INFO - Ivy Default Cache set to: /home/nhut/.ivy2/cache
[2024-02-26T18:21:48.785+0700] {subprocess.py:93} INFO - The jars for the packages stored in: /home/nhut/.ivy2/jars
[2024-02-26T18:21:48.789+0700] {subprocess.py:93} INFO - org.apache.hadoop#hadoop-aws added as a dependency
[2024-02-26T18:21:48.790+0700] {subprocess.py:93} INFO - :: resolving dependencies :: org.apache.spark#spark-submit-parent-9f29de78-f9df-42de-be1d-90d520cf128e;1.0
[2024-02-26T18:21:48.790+0700] {subprocess.py:93} INFO - 	confs: [default]
[2024-02-26T18:21:48.969+0700] {subprocess.py:93} INFO - 	found org.apache.hadoop#hadoop-aws;3.3.2 in spark-list
[2024-02-26T18:21:48.991+0700] {subprocess.py:93} INFO - 	found com.amazonaws#aws-java-sdk-bundle;1.11.1026 in spark-list
[2024-02-26T18:21:49.012+0700] {subprocess.py:93} INFO - 	found org.wildfly.openssl#wildfly-openssl;1.0.7.Final in central
[2024-02-26T18:21:49.029+0700] {subprocess.py:93} INFO - :: resolution report :: resolve 232ms :: artifacts dl 7ms
[2024-02-26T18:21:49.030+0700] {subprocess.py:93} INFO - 	:: modules in use:
[2024-02-26T18:21:49.030+0700] {subprocess.py:93} INFO - 	com.amazonaws#aws-java-sdk-bundle;1.11.1026 from spark-list in [default]
[2024-02-26T18:21:49.030+0700] {subprocess.py:93} INFO - 	org.apache.hadoop#hadoop-aws;3.3.2 from spark-list in [default]
[2024-02-26T18:21:49.030+0700] {subprocess.py:93} INFO - 	org.wildfly.openssl#wildfly-openssl;1.0.7.Final from central in [default]
[2024-02-26T18:21:49.031+0700] {subprocess.py:93} INFO - 	---------------------------------------------------------------------
[2024-02-26T18:21:49.031+0700] {subprocess.py:93} INFO - 	|                  |            modules            ||   artifacts   |
[2024-02-26T18:21:49.031+0700] {subprocess.py:93} INFO - 	|       conf       | number| search|dwnlded|evicted|| number|dwnlded|
[2024-02-26T18:21:49.031+0700] {subprocess.py:93} INFO - 	---------------------------------------------------------------------
[2024-02-26T18:21:49.031+0700] {subprocess.py:93} INFO - 	|      default     |   3   |   0   |   0   |   0   ||   3   |   0   |
[2024-02-26T18:21:49.031+0700] {subprocess.py:93} INFO - 	---------------------------------------------------------------------
[2024-02-26T18:21:49.034+0700] {subprocess.py:93} INFO - :: retrieving :: org.apache.spark#spark-submit-parent-9f29de78-f9df-42de-be1d-90d520cf128e
[2024-02-26T18:21:49.035+0700] {subprocess.py:93} INFO - 	confs: [default]
[2024-02-26T18:21:49.040+0700] {subprocess.py:93} INFO - 	0 artifacts copied, 3 already retrieved (0kB/6ms)
[2024-02-26T18:21:49.238+0700] {subprocess.py:93} INFO - 24/02/26 18:21:49 WARN NativeCodeLoader: Unable to load native-hadoop library for your platform... using builtin-java classes where applicable
[2024-02-26T18:21:49.421+0700] {subprocess.py:93} INFO - Setting default log level to "WARN".
[2024-02-26T18:21:49.421+0700] {subprocess.py:93} INFO - To adjust logging level use sc.setLogLevel(newLevel). For SparkR, use setLogLevel(newLevel).
[2024-02-26T18:21:52.535+0700] {subprocess.py:93} INFO - Traceback (most recent call last):
[2024-02-26T18:21:52.535+0700] {subprocess.py:93} INFO -   File "/home/nhut/etl-***/pipeline/spark_ingestion_to_s3.py", line 28, in <module>
[2024-02-26T18:21:52.535+0700] {subprocess.py:93} INFO -     extract_data()
[2024-02-26T18:21:52.535+0700] {subprocess.py:93} INFO -   File "/home/nhut/etl-***/pipeline/spark_ingestion_to_s3.py", line 9, in extract_data
[2024-02-26T18:21:52.535+0700] {subprocess.py:93} INFO -     with zipfile.ZipFile('/home/nhut/etl-***/***/dags/pipeline/data/brazilian-ecommerce.zip', 'r') as zip_ref:
[2024-02-26T18:21:52.536+0700] {subprocess.py:93} INFO -   File "/usr/lib/python3.10/zipfile.py", line 1251, in __init__
[2024-02-26T18:21:52.536+0700] {subprocess.py:93} INFO -     self.fp = io.open(file, filemode)
[2024-02-26T18:21:52.536+0700] {subprocess.py:93} INFO - FileNotFoundError: [Errno 2] No such file or directory: '/home/nhut/etl-***/***/dags/pipeline/data/brazilian-ecommerce.zip'
[2024-02-26T18:21:52.976+0700] {subprocess.py:97} INFO - Command exited with return code 1
[2024-02-26T18:21:52.990+0700] {taskinstance.py:2698} ERROR - Task failed with exception
Traceback (most recent call last):
  File "/home/nhut/etl-airflow/.venv/lib/python3.10/site-packages/airflow/models/taskinstance.py", line 433, in _execute_task
    result = execute_callable(context=context, **execute_callable_kwargs)
  File "/home/nhut/etl-airflow/.venv/lib/python3.10/site-packages/airflow/operators/bash.py", line 212, in execute
    raise AirflowException(
airflow.exceptions.AirflowException: Bash command failed. The command returned a non-zero exit code 1.
[2024-02-26T18:21:52.992+0700] {taskinstance.py:1138} INFO - Marking task as FAILED. dag_id=missed_deadline_job_dag, task_id=spark_ingestion_to_s3, execution_date=20240226T112029, start_date=20240226T112136, end_date=20240226T112152
[2024-02-26T18:21:53.003+0700] {standard_task_runner.py:107} ERROR - Failed to execute job 65 for task spark_ingestion_to_s3 (Bash command failed. The command returned a non-zero exit code 1.; 21141)
[2024-02-26T18:21:53.012+0700] {local_task_job_runner.py:234} INFO - Task exited with return code 1
[2024-02-26T18:21:53.028+0700] {taskinstance.py:3280} INFO - 0 downstream tasks scheduled from follow-on schedule check
