[2024-02-26T18:56:40.884+0700] {taskinstance.py:1956} INFO - Dependencies all met for dep_context=non-requeueable deps ti=<TaskInstance: missed_deadline_job_dag.spark_ingestion_to_s3 manual__2024-02-26T09:24:20.120417+00:00 [queued]>
[2024-02-26T18:56:40.895+0700] {taskinstance.py:1956} INFO - Dependencies all met for dep_context=requeueable deps ti=<TaskInstance: missed_deadline_job_dag.spark_ingestion_to_s3 manual__2024-02-26T09:24:20.120417+00:00 [queued]>
[2024-02-26T18:56:40.895+0700] {taskinstance.py:2170} INFO - Starting attempt 2 of 2
[2024-02-26T18:56:40.919+0700] {taskinstance.py:2191} INFO - Executing <Task(BashOperator): spark_ingestion_to_s3> on 2024-02-26 09:24:20.120417+00:00
[2024-02-26T18:56:40.924+0700] {standard_task_runner.py:60} INFO - Started process 36761 to run task
[2024-02-26T18:56:40.928+0700] {standard_task_runner.py:87} INFO - Running: ['***', 'tasks', 'run', 'missed_deadline_job_dag', 'spark_ingestion_to_s3', 'manual__2024-02-26T09:24:20.120417+00:00', '--job-id', '89', '--raw', '--subdir', 'DAGS_FOLDER/missed_deadlinee_dag.py', '--cfg-path', '/tmp/tmph07a034v']
[2024-02-26T18:56:40.931+0700] {standard_task_runner.py:88} INFO - Job 89: Subtask spark_ingestion_to_s3
[2024-02-26T18:56:41.043+0700] {task_command.py:423} INFO - Running <TaskInstance: missed_deadline_job_dag.spark_ingestion_to_s3 manual__2024-02-26T09:24:20.120417+00:00 [running]> on host MinhNhut.
[2024-02-26T18:56:41.186+0700] {taskinstance.py:2480} INFO - Exporting env vars: AIRFLOW_CTX_DAG_OWNER='***' AIRFLOW_CTX_DAG_ID='missed_deadline_job_dag' AIRFLOW_CTX_TASK_ID='spark_ingestion_to_s3' AIRFLOW_CTX_EXECUTION_DATE='2024-02-26T09:24:20.120417+00:00' AIRFLOW_CTX_TRY_NUMBER='2' AIRFLOW_CTX_DAG_RUN_ID='manual__2024-02-26T09:24:20.120417+00:00'
[2024-02-26T18:56:41.187+0700] {subprocess.py:63} INFO - Tmp dir root location: /tmp
[2024-02-26T18:56:41.188+0700] {subprocess.py:75} INFO - Running command: ['/usr/bin/bash', '-c', 'python /home/nhut/etl-***/pipeline/spark_ingestion_to_s3.py']
[2024-02-26T18:56:41.198+0700] {subprocess.py:86} INFO - Output:
[2024-02-26T18:56:47.256+0700] {subprocess.py:93} INFO - 24/02/26 18:56:47 WARN Utils: Your hostname, MinhNhut resolves to a loopback address: 127.0.1.1; using 172.28.89.67 instead (on interface eth0)
[2024-02-26T18:56:47.261+0700] {subprocess.py:93} INFO - 24/02/26 18:56:47 WARN Utils: Set SPARK_LOCAL_IP if you need to bind to another address
[2024-02-26T18:56:57.578+0700] {subprocess.py:93} INFO - :: loading settings :: url = jar:file:/home/nhut/etl-***/.venv/lib/python3.10/site-packages/pyspark/jars/ivy-2.5.1.jar!/org/apache/ivy/core/settings/ivysettings.xml
[2024-02-26T18:56:57.792+0700] {subprocess.py:93} INFO - Ivy Default Cache set to: /home/nhut/.ivy2/cache
[2024-02-26T18:56:57.793+0700] {subprocess.py:93} INFO - The jars for the packages stored in: /home/nhut/.ivy2/jars
[2024-02-26T18:56:57.803+0700] {subprocess.py:93} INFO - org.apache.hadoop#hadoop-aws added as a dependency
[2024-02-26T18:56:57.805+0700] {subprocess.py:93} INFO - :: resolving dependencies :: org.apache.spark#spark-submit-parent-68bf8496-33d9-4744-a895-f74fe56ae53d;1.0
[2024-02-26T18:56:57.806+0700] {subprocess.py:93} INFO - 	confs: [default]
[2024-02-26T18:56:58.113+0700] {subprocess.py:93} INFO - 	found org.apache.hadoop#hadoop-aws;3.3.2 in spark-list
[2024-02-26T18:56:58.185+0700] {subprocess.py:93} INFO - 	found com.amazonaws#aws-java-sdk-bundle;1.11.1026 in spark-list
[2024-02-26T18:56:58.296+0700] {subprocess.py:93} INFO - 	found org.wildfly.openssl#wildfly-openssl;1.0.7.Final in central
[2024-02-26T18:56:58.460+0700] {subprocess.py:93} INFO - :: resolution report :: resolve 581ms :: artifacts dl 43ms
[2024-02-26T18:56:58.461+0700] {subprocess.py:93} INFO - 	:: modules in use:
[2024-02-26T18:56:58.462+0700] {subprocess.py:93} INFO - 	com.amazonaws#aws-java-sdk-bundle;1.11.1026 from spark-list in [default]
[2024-02-26T18:56:58.463+0700] {subprocess.py:93} INFO - 	org.apache.hadoop#hadoop-aws;3.3.2 from spark-list in [default]
[2024-02-26T18:56:58.464+0700] {subprocess.py:93} INFO - 	org.wildfly.openssl#wildfly-openssl;1.0.7.Final from central in [default]
[2024-02-26T18:56:58.464+0700] {subprocess.py:93} INFO - 	---------------------------------------------------------------------
[2024-02-26T18:56:58.465+0700] {subprocess.py:93} INFO - 	|                  |            modules            ||   artifacts   |
[2024-02-26T18:56:58.466+0700] {subprocess.py:93} INFO - 	|       conf       | number| search|dwnlded|evicted|| number|dwnlded|
[2024-02-26T18:56:58.467+0700] {subprocess.py:93} INFO - 	---------------------------------------------------------------------
[2024-02-26T18:56:58.467+0700] {subprocess.py:93} INFO - 	|      default     |   3   |   0   |   0   |   0   ||   3   |   0   |
[2024-02-26T18:56:58.468+0700] {subprocess.py:93} INFO - 	---------------------------------------------------------------------
[2024-02-26T18:56:58.475+0700] {subprocess.py:93} INFO - :: retrieving :: org.apache.spark#spark-submit-parent-68bf8496-33d9-4744-a895-f74fe56ae53d
[2024-02-26T18:56:58.476+0700] {subprocess.py:93} INFO - 	confs: [default]
[2024-02-26T18:56:58.501+0700] {subprocess.py:93} INFO - 	0 artifacts copied, 3 already retrieved (0kB/17ms)
[2024-02-26T18:56:59.407+0700] {subprocess.py:93} INFO - 24/02/26 18:56:59 WARN NativeCodeLoader: Unable to load native-hadoop library for your platform... using builtin-java classes where applicable
[2024-02-26T18:57:00.114+0700] {subprocess.py:93} INFO - Setting default log level to "WARN".
[2024-02-26T18:57:00.115+0700] {subprocess.py:93} INFO - To adjust logging level use sc.setLogLevel(newLevel). For SparkR, use setLogLevel(newLevel).
[2024-02-26T18:57:34.094+0700] {subprocess.py:93} INFO - [Stage 0:>                                                          (0 + 1) / 1]                                                                                24/02/26 18:57:33 WARN MetricsConfig: Cannot locate configuration: tried hadoop-metrics2-s3a-file-system.properties,hadoop-metrics2.properties
[2024-02-26T18:58:10.373+0700] {subprocess.py:93} INFO - [Stage 1:>                                                          (0 + 1) / 1]                                                                                24/02/26 18:58:10 ERROR FileFormatWriter: Aborting job 9afa47ed-c479-46a9-83f0-53ff845a011a.
[2024-02-26T18:58:10.374+0700] {subprocess.py:93} INFO - java.io.FileNotFoundException: No such file or directory: s3a://olistsalesbucket/olist_order_items_dataset.parquet/_temporary/0/task_202402261857413278263512406388575_0001_m_000000/part-00000-70a57c54-6694-4d01-8d84-b37898c6199d-c000.snappy.parquet
[2024-02-26T18:58:10.375+0700] {subprocess.py:93} INFO - 	at org.apache.hadoop.fs.s3a.S3AFileSystem.s3GetFileStatus(S3AFileSystem.java:3866)
[2024-02-26T18:58:10.376+0700] {subprocess.py:93} INFO - 	at org.apache.hadoop.fs.s3a.S3AFileSystem.innerGetFileStatus(S3AFileSystem.java:3688)
[2024-02-26T18:58:10.377+0700] {subprocess.py:93} INFO - 	at org.apache.hadoop.fs.s3a.S3AFileSystem.initiateRename(S3AFileSystem.java:1887)
[2024-02-26T18:58:10.377+0700] {subprocess.py:93} INFO - 	at org.apache.hadoop.fs.s3a.S3AFileSystem.innerRename(S3AFileSystem.java:1988)
[2024-02-26T18:58:10.377+0700] {subprocess.py:93} INFO - 	at org.apache.hadoop.fs.s3a.S3AFileSystem.lambda$rename$7(S3AFileSystem.java:1846)
[2024-02-26T18:58:10.377+0700] {subprocess.py:93} INFO - 	at org.apache.hadoop.fs.statistics.impl.IOStatisticsBinding.lambda$trackDurationOfOperation$5(IOStatisticsBinding.java:499)
[2024-02-26T18:58:10.378+0700] {subprocess.py:93} INFO - 	at org.apache.hadoop.fs.statistics.impl.IOStatisticsBinding.trackDuration(IOStatisticsBinding.java:444)
[2024-02-26T18:58:10.379+0700] {subprocess.py:93} INFO - 	at org.apache.hadoop.fs.s3a.S3AFileSystem.trackDurationAndSpan(S3AFileSystem.java:2337)
[2024-02-26T18:58:10.379+0700] {subprocess.py:93} INFO - 	at org.apache.hadoop.fs.s3a.S3AFileSystem.rename(S3AFileSystem.java:1844)
[2024-02-26T18:58:10.379+0700] {subprocess.py:93} INFO - 	at org.apache.hadoop.mapreduce.lib.output.FileOutputCommitter.mergePaths(FileOutputCommitter.java:476)
[2024-02-26T18:58:10.379+0700] {subprocess.py:93} INFO - 	at org.apache.hadoop.mapreduce.lib.output.FileOutputCommitter.mergePaths(FileOutputCommitter.java:490)
[2024-02-26T18:58:10.379+0700] {subprocess.py:93} INFO - 	at org.apache.hadoop.mapreduce.lib.output.FileOutputCommitter.commitJobInternal(FileOutputCommitter.java:405)
[2024-02-26T18:58:10.380+0700] {subprocess.py:93} INFO - 	at org.apache.hadoop.mapreduce.lib.output.FileOutputCommitter.commitJob(FileOutputCommitter.java:377)
[2024-02-26T18:58:10.380+0700] {subprocess.py:93} INFO - 	at org.apache.parquet.hadoop.ParquetOutputCommitter.commitJob(ParquetOutputCommitter.java:48)
[2024-02-26T18:58:10.380+0700] {subprocess.py:93} INFO - 	at org.apache.spark.internal.io.HadoopMapReduceCommitProtocol.commitJob(HadoopMapReduceCommitProtocol.scala:192)
[2024-02-26T18:58:10.381+0700] {subprocess.py:93} INFO - 	at org.apache.spark.sql.execution.datasources.FileFormatWriter$.$anonfun$writeAndCommit$3(FileFormatWriter.scala:275)
[2024-02-26T18:58:10.382+0700] {subprocess.py:93} INFO - 	at scala.runtime.java8.JFunction0$mcV$sp.apply(JFunction0$mcV$sp.java:23)
[2024-02-26T18:58:10.383+0700] {subprocess.py:93} INFO - 	at org.apache.spark.util.Utils$.timeTakenMs(Utils.scala:552)
[2024-02-26T18:58:10.383+0700] {subprocess.py:93} INFO - 	at org.apache.spark.sql.execution.datasources.FileFormatWriter$.writeAndCommit(FileFormatWriter.scala:275)
[2024-02-26T18:58:10.384+0700] {subprocess.py:93} INFO - 	at org.apache.spark.sql.execution.datasources.FileFormatWriter$.executeWrite(FileFormatWriter.scala:304)
[2024-02-26T18:58:10.384+0700] {subprocess.py:93} INFO - 	at org.apache.spark.sql.execution.datasources.FileFormatWriter$.write(FileFormatWriter.scala:190)
[2024-02-26T18:58:10.384+0700] {subprocess.py:93} INFO - 	at org.apache.spark.sql.execution.datasources.InsertIntoHadoopFsRelationCommand.run(InsertIntoHadoopFsRelationCommand.scala:190)
[2024-02-26T18:58:10.384+0700] {subprocess.py:93} INFO - 	at org.apache.spark.sql.execution.command.DataWritingCommandExec.sideEffectResult$lzycompute(commands.scala:113)
[2024-02-26T18:58:10.384+0700] {subprocess.py:93} INFO - 	at org.apache.spark.sql.execution.command.DataWritingCommandExec.sideEffectResult(commands.scala:111)
[2024-02-26T18:58:10.384+0700] {subprocess.py:93} INFO - 	at org.apache.spark.sql.execution.command.DataWritingCommandExec.executeCollect(commands.scala:125)
[2024-02-26T18:58:10.384+0700] {subprocess.py:93} INFO - 	at org.apache.spark.sql.execution.QueryExecution$$anonfun$eagerlyExecuteCommands$1.$anonfun$applyOrElse$1(QueryExecution.scala:107)
[2024-02-26T18:58:10.384+0700] {subprocess.py:93} INFO - 	at org.apache.spark.sql.execution.SQLExecution$.$anonfun$withNewExecutionId$6(SQLExecution.scala:125)
[2024-02-26T18:58:10.384+0700] {subprocess.py:93} INFO - 	at org.apache.spark.sql.execution.SQLExecution$.withSQLConfPropagated(SQLExecution.scala:201)
[2024-02-26T18:58:10.384+0700] {subprocess.py:93} INFO - 	at org.apache.spark.sql.execution.SQLExecution$.$anonfun$withNewExecutionId$1(SQLExecution.scala:108)
[2024-02-26T18:58:10.385+0700] {subprocess.py:93} INFO - 	at org.apache.spark.sql.SparkSession.withActive(SparkSession.scala:900)
[2024-02-26T18:58:10.385+0700] {subprocess.py:93} INFO - 	at org.apache.spark.sql.execution.SQLExecution$.withNewExecutionId(SQLExecution.scala:66)
[2024-02-26T18:58:10.385+0700] {subprocess.py:93} INFO - 	at org.apache.spark.sql.execution.QueryExecution$$anonfun$eagerlyExecuteCommands$1.applyOrElse(QueryExecution.scala:107)
[2024-02-26T18:58:10.385+0700] {subprocess.py:93} INFO - 	at org.apache.spark.sql.execution.QueryExecution$$anonfun$eagerlyExecuteCommands$1.applyOrElse(QueryExecution.scala:98)
[2024-02-26T18:58:10.385+0700] {subprocess.py:93} INFO - 	at org.apache.spark.sql.catalyst.trees.TreeNode.$anonfun$transformDownWithPruning$1(TreeNode.scala:461)
[2024-02-26T18:58:10.385+0700] {subprocess.py:93} INFO - 	at org.apache.spark.sql.catalyst.trees.CurrentOrigin$.withOrigin(origin.scala:76)
[2024-02-26T18:58:10.385+0700] {subprocess.py:93} INFO - 	at org.apache.spark.sql.catalyst.trees.TreeNode.transformDownWithPruning(TreeNode.scala:461)
[2024-02-26T18:58:10.385+0700] {subprocess.py:93} INFO - 	at org.apache.spark.sql.catalyst.plans.logical.LogicalPlan.org$apache$spark$sql$catalyst$plans$logical$AnalysisHelper$$super$transformDownWithPruning(LogicalPlan.scala:32)
[2024-02-26T18:58:10.385+0700] {subprocess.py:93} INFO - 	at org.apache.spark.sql.catalyst.plans.logical.AnalysisHelper.transformDownWithPruning(AnalysisHelper.scala:267)
[2024-02-26T18:58:10.386+0700] {subprocess.py:93} INFO - 	at org.apache.spark.sql.catalyst.plans.logical.AnalysisHelper.transformDownWithPruning$(AnalysisHelper.scala:263)
[2024-02-26T18:58:10.386+0700] {subprocess.py:93} INFO - 	at org.apache.spark.sql.catalyst.plans.logical.LogicalPlan.transformDownWithPruning(LogicalPlan.scala:32)
[2024-02-26T18:58:10.386+0700] {subprocess.py:93} INFO - 	at org.apache.spark.sql.catalyst.plans.logical.LogicalPlan.transformDownWithPruning(LogicalPlan.scala:32)
[2024-02-26T18:58:10.386+0700] {subprocess.py:93} INFO - 	at org.apache.spark.sql.catalyst.trees.TreeNode.transformDown(TreeNode.scala:437)
[2024-02-26T18:58:10.386+0700] {subprocess.py:93} INFO - 	at org.apache.spark.sql.execution.QueryExecution.eagerlyExecuteCommands(QueryExecution.scala:98)
[2024-02-26T18:58:10.386+0700] {subprocess.py:93} INFO - 	at org.apache.spark.sql.execution.QueryExecution.commandExecuted$lzycompute(QueryExecution.scala:85)
[2024-02-26T18:58:10.386+0700] {subprocess.py:93} INFO - 	at org.apache.spark.sql.execution.QueryExecution.commandExecuted(QueryExecution.scala:83)
[2024-02-26T18:58:10.386+0700] {subprocess.py:93} INFO - 	at org.apache.spark.sql.execution.QueryExecution.assertCommandExecuted(QueryExecution.scala:142)
[2024-02-26T18:58:10.386+0700] {subprocess.py:93} INFO - 	at org.apache.spark.sql.DataFrameWriter.runCommand(DataFrameWriter.scala:859)
[2024-02-26T18:58:10.386+0700] {subprocess.py:93} INFO - 	at org.apache.spark.sql.DataFrameWriter.saveToV1Source(DataFrameWriter.scala:388)
[2024-02-26T18:58:10.387+0700] {subprocess.py:93} INFO - 	at org.apache.spark.sql.DataFrameWriter.saveInternal(DataFrameWriter.scala:361)
[2024-02-26T18:58:10.387+0700] {subprocess.py:93} INFO - 	at org.apache.spark.sql.DataFrameWriter.save(DataFrameWriter.scala:240)
[2024-02-26T18:58:10.387+0700] {subprocess.py:93} INFO - 	at org.apache.spark.sql.DataFrameWriter.parquet(DataFrameWriter.scala:792)
[2024-02-26T18:58:10.387+0700] {subprocess.py:93} INFO - 	at java.base/jdk.internal.reflect.NativeMethodAccessorImpl.invoke0(Native Method)
[2024-02-26T18:58:10.387+0700] {subprocess.py:93} INFO - 	at java.base/jdk.internal.reflect.NativeMethodAccessorImpl.invoke(NativeMethodAccessorImpl.java:62)
[2024-02-26T18:58:10.387+0700] {subprocess.py:93} INFO - 	at java.base/jdk.internal.reflect.DelegatingMethodAccessorImpl.invoke(DelegatingMethodAccessorImpl.java:43)
[2024-02-26T18:58:10.387+0700] {subprocess.py:93} INFO - 	at java.base/java.lang.reflect.Method.invoke(Method.java:566)
[2024-02-26T18:58:10.387+0700] {subprocess.py:93} INFO - 	at py4j.reflection.MethodInvoker.invoke(MethodInvoker.java:244)
[2024-02-26T18:58:10.387+0700] {subprocess.py:93} INFO - 	at py4j.reflection.ReflectionEngine.invoke(ReflectionEngine.java:374)
[2024-02-26T18:58:10.387+0700] {subprocess.py:93} INFO - 	at py4j.Gateway.invoke(Gateway.java:282)
[2024-02-26T18:58:10.387+0700] {subprocess.py:93} INFO - 	at py4j.commands.AbstractCommand.invokeMethod(AbstractCommand.java:132)
[2024-02-26T18:58:10.388+0700] {subprocess.py:93} INFO - 	at py4j.commands.CallCommand.execute(CallCommand.java:79)
[2024-02-26T18:58:10.388+0700] {subprocess.py:93} INFO - 	at py4j.ClientServerConnection.waitForCommands(ClientServerConnection.java:182)
[2024-02-26T18:58:10.388+0700] {subprocess.py:93} INFO - 	at py4j.ClientServerConnection.run(ClientServerConnection.java:106)
[2024-02-26T18:58:10.388+0700] {subprocess.py:93} INFO - 	at java.base/java.lang.Thread.run(Thread.java:829)
[2024-02-26T18:58:13.681+0700] {subprocess.py:93} INFO - Traceback (most recent call last):
[2024-02-26T18:58:13.681+0700] {subprocess.py:93} INFO -   File "/home/nhut/etl-***/pipeline/spark_ingestion_to_s3.py", line 28, in <module>
[2024-02-26T18:58:13.689+0700] {subprocess.py:93} INFO -     extract_data()
[2024-02-26T18:58:13.689+0700] {subprocess.py:93} INFO -   File "/home/nhut/etl-***/pipeline/spark_ingestion_to_s3.py", line 25, in extract_data
[2024-02-26T18:58:13.690+0700] {subprocess.py:93} INFO -     df.coalesce(1).write.mode("append").parquet("s3a://olistsalesbucket/" + name_file + ".parquet")
[2024-02-26T18:58:13.690+0700] {subprocess.py:93} INFO -   File "/home/nhut/etl-***/.venv/lib/python3.10/site-packages/pyspark/sql/readwriter.py", line 1721, in parquet
[2024-02-26T18:58:13.690+0700] {subprocess.py:93} INFO -     self._jwrite.parquet(path)
[2024-02-26T18:58:13.690+0700] {subprocess.py:93} INFO -   File "/home/nhut/etl-***/.venv/lib/python3.10/site-packages/py4j/java_gateway.py", line 1322, in __call__
[2024-02-26T18:58:13.691+0700] {subprocess.py:93} INFO -     return_value = get_return_value(
[2024-02-26T18:58:13.692+0700] {subprocess.py:93} INFO -   File "/home/nhut/etl-***/.venv/lib/python3.10/site-packages/pyspark/errors/exceptions/captured.py", line 179, in deco
[2024-02-26T18:58:13.692+0700] {subprocess.py:93} INFO -     return f(*a, **kw)
[2024-02-26T18:58:13.692+0700] {subprocess.py:93} INFO -   File "/home/nhut/etl-***/.venv/lib/python3.10/site-packages/py4j/protocol.py", line 326, in get_return_value
[2024-02-26T18:58:13.692+0700] {subprocess.py:93} INFO -     raise Py4JJavaError(
[2024-02-26T18:58:13.692+0700] {subprocess.py:93} INFO - py4j.protocol.Py4JJavaError: An error occurred while calling o36.parquet.
[2024-02-26T18:58:13.693+0700] {subprocess.py:93} INFO - : java.io.FileNotFoundException: No such file or directory: s3a://olistsalesbucket/olist_order_items_dataset.parquet/_temporary/0/task_202402261857413278263512406388575_0001_m_000000/part-00000-70a57c54-6694-4d01-8d84-b37898c6199d-c000.snappy.parquet
[2024-02-26T18:58:13.693+0700] {subprocess.py:93} INFO - 	at org.apache.hadoop.fs.s3a.S3AFileSystem.s3GetFileStatus(S3AFileSystem.java:3866)
[2024-02-26T18:58:13.694+0700] {subprocess.py:93} INFO - 	at org.apache.hadoop.fs.s3a.S3AFileSystem.innerGetFileStatus(S3AFileSystem.java:3688)
[2024-02-26T18:58:13.694+0700] {subprocess.py:93} INFO - 	at org.apache.hadoop.fs.s3a.S3AFileSystem.initiateRename(S3AFileSystem.java:1887)
[2024-02-26T18:58:13.694+0700] {subprocess.py:93} INFO - 	at org.apache.hadoop.fs.s3a.S3AFileSystem.innerRename(S3AFileSystem.java:1988)
[2024-02-26T18:58:13.694+0700] {subprocess.py:93} INFO - 	at org.apache.hadoop.fs.s3a.S3AFileSystem.lambda$rename$7(S3AFileSystem.java:1846)
[2024-02-26T18:58:13.695+0700] {subprocess.py:93} INFO - 	at org.apache.hadoop.fs.statistics.impl.IOStatisticsBinding.lambda$trackDurationOfOperation$5(IOStatisticsBinding.java:499)
[2024-02-26T18:58:13.695+0700] {subprocess.py:93} INFO - 	at org.apache.hadoop.fs.statistics.impl.IOStatisticsBinding.trackDuration(IOStatisticsBinding.java:444)
[2024-02-26T18:58:13.695+0700] {subprocess.py:93} INFO - 	at org.apache.hadoop.fs.s3a.S3AFileSystem.trackDurationAndSpan(S3AFileSystem.java:2337)
[2024-02-26T18:58:13.696+0700] {subprocess.py:93} INFO - 	at org.apache.hadoop.fs.s3a.S3AFileSystem.rename(S3AFileSystem.java:1844)
[2024-02-26T18:58:13.697+0700] {subprocess.py:93} INFO - 	at org.apache.hadoop.mapreduce.lib.output.FileOutputCommitter.mergePaths(FileOutputCommitter.java:476)
[2024-02-26T18:58:13.697+0700] {subprocess.py:93} INFO - 	at org.apache.hadoop.mapreduce.lib.output.FileOutputCommitter.mergePaths(FileOutputCommitter.java:490)
[2024-02-26T18:58:13.697+0700] {subprocess.py:93} INFO - 	at org.apache.hadoop.mapreduce.lib.output.FileOutputCommitter.commitJobInternal(FileOutputCommitter.java:405)
[2024-02-26T18:58:13.697+0700] {subprocess.py:93} INFO - 	at org.apache.hadoop.mapreduce.lib.output.FileOutputCommitter.commitJob(FileOutputCommitter.java:377)
[2024-02-26T18:58:13.697+0700] {subprocess.py:93} INFO - 	at org.apache.parquet.hadoop.ParquetOutputCommitter.commitJob(ParquetOutputCommitter.java:48)
[2024-02-26T18:58:13.698+0700] {subprocess.py:93} INFO - 	at org.apache.spark.internal.io.HadoopMapReduceCommitProtocol.commitJob(HadoopMapReduceCommitProtocol.scala:192)
[2024-02-26T18:58:13.698+0700] {subprocess.py:93} INFO - 	at org.apache.spark.sql.execution.datasources.FileFormatWriter$.$anonfun$writeAndCommit$3(FileFormatWriter.scala:275)
[2024-02-26T18:58:13.698+0700] {subprocess.py:93} INFO - 	at scala.runtime.java8.JFunction0$mcV$sp.apply(JFunction0$mcV$sp.java:23)
[2024-02-26T18:58:13.698+0700] {subprocess.py:93} INFO - 	at org.apache.spark.util.Utils$.timeTakenMs(Utils.scala:552)
[2024-02-26T18:58:13.698+0700] {subprocess.py:93} INFO - 	at org.apache.spark.sql.execution.datasources.FileFormatWriter$.writeAndCommit(FileFormatWriter.scala:275)
[2024-02-26T18:58:13.698+0700] {subprocess.py:93} INFO - 	at org.apache.spark.sql.execution.datasources.FileFormatWriter$.executeWrite(FileFormatWriter.scala:304)
[2024-02-26T18:58:13.698+0700] {subprocess.py:93} INFO - 	at org.apache.spark.sql.execution.datasources.FileFormatWriter$.write(FileFormatWriter.scala:190)
[2024-02-26T18:58:13.698+0700] {subprocess.py:93} INFO - 	at org.apache.spark.sql.execution.datasources.InsertIntoHadoopFsRelationCommand.run(InsertIntoHadoopFsRelationCommand.scala:190)
[2024-02-26T18:58:13.698+0700] {subprocess.py:93} INFO - 	at org.apache.spark.sql.execution.command.DataWritingCommandExec.sideEffectResult$lzycompute(commands.scala:113)
[2024-02-26T18:58:13.699+0700] {subprocess.py:93} INFO - 	at org.apache.spark.sql.execution.command.DataWritingCommandExec.sideEffectResult(commands.scala:111)
[2024-02-26T18:58:13.699+0700] {subprocess.py:93} INFO - 	at org.apache.spark.sql.execution.command.DataWritingCommandExec.executeCollect(commands.scala:125)
[2024-02-26T18:58:13.699+0700] {subprocess.py:93} INFO - 	at org.apache.spark.sql.execution.QueryExecution$$anonfun$eagerlyExecuteCommands$1.$anonfun$applyOrElse$1(QueryExecution.scala:107)
[2024-02-26T18:58:13.699+0700] {subprocess.py:93} INFO - 	at org.apache.spark.sql.execution.SQLExecution$.$anonfun$withNewExecutionId$6(SQLExecution.scala:125)
[2024-02-26T18:58:13.699+0700] {subprocess.py:93} INFO - 	at org.apache.spark.sql.execution.SQLExecution$.withSQLConfPropagated(SQLExecution.scala:201)
[2024-02-26T18:58:13.699+0700] {subprocess.py:93} INFO - 	at org.apache.spark.sql.execution.SQLExecution$.$anonfun$withNewExecutionId$1(SQLExecution.scala:108)
[2024-02-26T18:58:13.699+0700] {subprocess.py:93} INFO - 	at org.apache.spark.sql.SparkSession.withActive(SparkSession.scala:900)
[2024-02-26T18:58:13.699+0700] {subprocess.py:93} INFO - 	at org.apache.spark.sql.execution.SQLExecution$.withNewExecutionId(SQLExecution.scala:66)
[2024-02-26T18:58:13.699+0700] {subprocess.py:93} INFO - 	at org.apache.spark.sql.execution.QueryExecution$$anonfun$eagerlyExecuteCommands$1.applyOrElse(QueryExecution.scala:107)
[2024-02-26T18:58:13.700+0700] {subprocess.py:93} INFO - 	at org.apache.spark.sql.execution.QueryExecution$$anonfun$eagerlyExecuteCommands$1.applyOrElse(QueryExecution.scala:98)
[2024-02-26T18:58:13.700+0700] {subprocess.py:93} INFO - 	at org.apache.spark.sql.catalyst.trees.TreeNode.$anonfun$transformDownWithPruning$1(TreeNode.scala:461)
[2024-02-26T18:58:13.700+0700] {subprocess.py:93} INFO - 	at org.apache.spark.sql.catalyst.trees.CurrentOrigin$.withOrigin(origin.scala:76)
[2024-02-26T18:58:13.700+0700] {subprocess.py:93} INFO - 	at org.apache.spark.sql.catalyst.trees.TreeNode.transformDownWithPruning(TreeNode.scala:461)
[2024-02-26T18:58:13.700+0700] {subprocess.py:93} INFO - 	at org.apache.spark.sql.catalyst.plans.logical.LogicalPlan.org$apache$spark$sql$catalyst$plans$logical$AnalysisHelper$$super$transformDownWithPruning(LogicalPlan.scala:32)
[2024-02-26T18:58:13.700+0700] {subprocess.py:93} INFO - 	at org.apache.spark.sql.catalyst.plans.logical.AnalysisHelper.transformDownWithPruning(AnalysisHelper.scala:267)
[2024-02-26T18:58:13.700+0700] {subprocess.py:93} INFO - 	at org.apache.spark.sql.catalyst.plans.logical.AnalysisHelper.transformDownWithPruning$(AnalysisHelper.scala:263)
[2024-02-26T18:58:13.700+0700] {subprocess.py:93} INFO - 	at org.apache.spark.sql.catalyst.plans.logical.LogicalPlan.transformDownWithPruning(LogicalPlan.scala:32)
[2024-02-26T18:58:13.701+0700] {subprocess.py:93} INFO - 	at org.apache.spark.sql.catalyst.plans.logical.LogicalPlan.transformDownWithPruning(LogicalPlan.scala:32)
[2024-02-26T18:58:13.701+0700] {subprocess.py:93} INFO - 	at org.apache.spark.sql.catalyst.trees.TreeNode.transformDown(TreeNode.scala:437)
[2024-02-26T18:58:13.701+0700] {subprocess.py:93} INFO - 	at org.apache.spark.sql.execution.QueryExecution.eagerlyExecuteCommands(QueryExecution.scala:98)
[2024-02-26T18:58:13.702+0700] {subprocess.py:93} INFO - 	at org.apache.spark.sql.execution.QueryExecution.commandExecuted$lzycompute(QueryExecution.scala:85)
[2024-02-26T18:58:13.702+0700] {subprocess.py:93} INFO - 	at org.apache.spark.sql.execution.QueryExecution.commandExecuted(QueryExecution.scala:83)
[2024-02-26T18:58:13.702+0700] {subprocess.py:93} INFO - 	at org.apache.spark.sql.execution.QueryExecution.assertCommandExecuted(QueryExecution.scala:142)
[2024-02-26T18:58:13.702+0700] {subprocess.py:93} INFO - 	at org.apache.spark.sql.DataFrameWriter.runCommand(DataFrameWriter.scala:859)
[2024-02-26T18:58:13.702+0700] {subprocess.py:93} INFO - 	at org.apache.spark.sql.DataFrameWriter.saveToV1Source(DataFrameWriter.scala:388)
[2024-02-26T18:58:13.702+0700] {subprocess.py:93} INFO - 	at org.apache.spark.sql.DataFrameWriter.saveInternal(DataFrameWriter.scala:361)
[2024-02-26T18:58:13.703+0700] {subprocess.py:93} INFO - 	at org.apache.spark.sql.DataFrameWriter.save(DataFrameWriter.scala:240)
[2024-02-26T18:58:13.703+0700] {subprocess.py:93} INFO - 	at org.apache.spark.sql.DataFrameWriter.parquet(DataFrameWriter.scala:792)
[2024-02-26T18:58:13.703+0700] {subprocess.py:93} INFO - 	at java.base/jdk.internal.reflect.NativeMethodAccessorImpl.invoke0(Native Method)
[2024-02-26T18:58:13.703+0700] {subprocess.py:93} INFO - 	at java.base/jdk.internal.reflect.NativeMethodAccessorImpl.invoke(NativeMethodAccessorImpl.java:62)
[2024-02-26T18:58:13.703+0700] {subprocess.py:93} INFO - 	at java.base/jdk.internal.reflect.DelegatingMethodAccessorImpl.invoke(DelegatingMethodAccessorImpl.java:43)
[2024-02-26T18:58:13.704+0700] {subprocess.py:93} INFO - 	at java.base/java.lang.reflect.Method.invoke(Method.java:566)
[2024-02-26T18:58:13.704+0700] {subprocess.py:93} INFO - 	at py4j.reflection.MethodInvoker.invoke(MethodInvoker.java:244)
[2024-02-26T18:58:13.704+0700] {subprocess.py:93} INFO - 	at py4j.reflection.ReflectionEngine.invoke(ReflectionEngine.java:374)
[2024-02-26T18:58:13.704+0700] {subprocess.py:93} INFO - 	at py4j.Gateway.invoke(Gateway.java:282)
[2024-02-26T18:58:13.704+0700] {subprocess.py:93} INFO - 	at py4j.commands.AbstractCommand.invokeMethod(AbstractCommand.java:132)
[2024-02-26T18:58:13.704+0700] {subprocess.py:93} INFO - 	at py4j.commands.CallCommand.execute(CallCommand.java:79)
[2024-02-26T18:58:13.704+0700] {subprocess.py:93} INFO - 	at py4j.ClientServerConnection.waitForCommands(ClientServerConnection.java:182)
[2024-02-26T18:58:13.705+0700] {subprocess.py:93} INFO - 	at py4j.ClientServerConnection.run(ClientServerConnection.java:106)
[2024-02-26T18:58:13.705+0700] {subprocess.py:93} INFO - 	at java.base/java.lang.Thread.run(Thread.java:829)
[2024-02-26T18:58:13.705+0700] {subprocess.py:93} INFO - 
[2024-02-26T18:58:14.519+0700] {subprocess.py:97} INFO - Command exited with return code 1
[2024-02-26T18:58:14.913+0700] {taskinstance.py:2698} ERROR - Task failed with exception
Traceback (most recent call last):
  File "/home/nhut/etl-airflow/.venv/lib/python3.10/site-packages/airflow/models/taskinstance.py", line 433, in _execute_task
    result = execute_callable(context=context, **execute_callable_kwargs)
  File "/home/nhut/etl-airflow/.venv/lib/python3.10/site-packages/airflow/operators/bash.py", line 212, in execute
    raise AirflowException(
airflow.exceptions.AirflowException: Bash command failed. The command returned a non-zero exit code 1.
[2024-02-26T18:58:14.960+0700] {taskinstance.py:1138} INFO - Marking task as FAILED. dag_id=missed_deadline_job_dag, task_id=spark_ingestion_to_s3, execution_date=20240226T092420, start_date=20240226T115640, end_date=20240226T115814
[2024-02-26T18:58:15.109+0700] {standard_task_runner.py:107} ERROR - Failed to execute job 89 for task spark_ingestion_to_s3 (Bash command failed. The command returned a non-zero exit code 1.; 36761)
[2024-02-26T18:58:15.171+0700] {local_task_job_runner.py:234} INFO - Task exited with return code 1
[2024-02-26T18:58:15.355+0700] {taskinstance.py:3280} INFO - 0 downstream tasks scheduled from follow-on schedule check
